Picked up _JAVA_OPTIONS: -Dawt.useSystemAAFontSettings=on -Dswing.aatext=true

 ____                                 _         ____  _       _    __
/ ___| __ _ _ __ ___  _   _ _ __   __| | __ _  |  _ \| | __ _| |_ / _| ___  _ __ _ __ ___
| |   / _` | '_ ` _ \| | | | '_ \ / _` |/ _` | | |_) | |/ _` | __| |_ / _ \| '__| '_ ` _ \
| |__| (_| | | | | | | |_| | | | | (_| | (_| | |  __/| | (_| | |_|  _| (_) | |  | | | | | |
\____/\__,_|_| |_| |_|\__,_|_| |_|\__,_|\__,_| |_|   |_|\__,_|\__|_|  \___/|_|  |_| |_| |_|

  Spring-Boot:  (v3.2.4)
  Camunda Platform: (v7.21.0)
  Camunda Platform Spring Boot Starter: (v7.21.0)

[           main] zxf.camunda.saga.Saga2Application        : Starting Saga2Application using Java 22.0.1 with PID 27434 (/home/davis/Work/zxf-springboot-camunda/zxf-springboot-camunda-saga-app-2/target/classes started by davis in /home/davis/Work/zxf-springboot-camunda)
[           main] zxf.camunda.saga.Saga2Application        : No active profile set, falling back to 1 default profile: "default"
[           main] .s.d.r.c.RepositoryConfigurationDelegate : Bootstrapping Spring Data JDBC repositories in DEFAULT mode.
[           main] .s.d.r.c.RepositoryConfigurationDelegate : Finished Spring Data repository scanning in 15 ms. Found 0 JDBC repository interfaces.
[           main] o.s.b.w.embedded.tomcat.TomcatWebServer  : Tomcat initialized with port 8091 (http)
[           main] o.apache.catalina.core.StandardService   : Starting service [Tomcat]
[           main] o.apache.catalina.core.StandardEngine    : Starting Servlet engine: [Apache Tomcat/10.1.19]
[           main] o.a.c.c.C.[Tomcat].[localhost].[/]       : Initializing Spring embedded WebApplicationContext
[           main] w.s.c.ServletWebServerApplicationContext : Root WebApplicationContext: initialization completed in 939 ms
[           main] .c.b.s.b.s.r.CamundaJerseyResourceConfig : Configuring camunda rest api.
[           main] .c.b.s.b.s.r.CamundaJerseyResourceConfig : Finished configuring camunda rest api.
[LockHandlerImpl] o.c.b.e.r.impl.FetchAndLockHandlerImpl   : Acquire start
[LockHandlerImpl] o.c.b.e.r.impl.FetchAndLockHandlerImpl   : Number of pending requests 0
[LockHandlerImpl] o.c.b.e.r.impl.FetchAndLockHandlerImpl   : Suspend acquisition for 9,223,372,036,854,775,807ms
[           main] org.camunda.bpm.spring.boot              : STARTER-SB040 Setting up jobExecutor with corePoolSize=10, maxPoolSize:10
[           main] org.camunda.bpm.engine.cfg               : ENGINE-12003 Plugin 'CompositeProcessEnginePlugin[genericPropertiesConfiguration, camundaProcessEngineConfiguration, camundaDatasourceConfiguration, camundaJobConfiguration, camundaHistoryConfiguration, camundaMetricsConfiguration, camundaAuthorizationConfiguration, failedJobConfiguration, disableDeploymentResourcePattern, eventPublisherPlugin, ApplicationContextClassloaderSwitchPlugin]' activated on process engine 'default'
[           main] org.camunda.bpm.spring.boot              : STARTER-SB020 ProcessApplication enabled: autoDeployment via springConfiguration#deploymentResourcePattern is disabled
[           main] o.c.b.s.b.s.event.EventPublisherPlugin   : EVENTING-001: Initialized Camunda Spring Boot Eventing Engine Plugin.
[           main] o.c.b.s.b.s.event.EventPublisherPlugin   : EVENTING-003: Task events will be published as Spring Events.
[           main] o.c.b.s.b.s.event.EventPublisherPlugin   : EVENTING-005: Execution events will be published as Spring Events.
[           main] o.c.b.s.b.s.event.EventPublisherPlugin   : EVENTING-009: Listeners will not be invoked if a skipCustomListeners API parameter is set to true by user.
[           main] o.c.b.s.b.s.event.EventPublisherPlugin   : EVENTING-007: History events will be published as Spring events.
[           main] org.camunda.feel.FeelEngine              : Engine created. [value-mapper: CompositeValueMapper(List(org.camunda.feel.impl.JavaValueMapper@559fd5ec)), function-provider: org.camunda.bpm.dmn.feel.impl.scala.function.CustomFunctionTransformer@4005e485, clock: SystemClock, configuration: {externalFunctionsEnabled: false}]
Standard Commons Logging discovery in action with spring-jcl: please remove commons-logging.jar from classpath in order to avoid potential conflicts
[           main] org.camunda.bpm.connect                  : CNCT-01004 Discovered provider for connector id 'http-connector' and class 'org.camunda.connect.httpclient.impl.HttpConnectorImpl': 'org.camunda.connect.httpclient.impl.HttpConnectorProviderImpl'
[           main] org.camunda.bpm.connect                  : CNCT-01004 Discovered provider for connector id 'soap-http-connector' and class 'org.camunda.connect.httpclient.soap.impl.SoapHttpConnectorImpl': 'org.camunda.connect.httpclient.soap.impl.SoapHttpConnectorProviderImpl'
[           main] org.camunda.bpm.engine.cmd               : ENGINE-13005 Starting command -------------------- SchemaOperationsProcessEngineBuild ----------------------
[           main] com.zaxxer.hikari.HikariDataSource       : HikariPool-1 - Starting...
[           main] com.zaxxer.hikari.pool.HikariPool        : HikariPool-1 - Added connection com.mysql.cj.jdbc.ConnectionImpl@33a8f553
[           main] com.zaxxer.hikari.HikariDataSource       : HikariPool-1 - Start completed.
[           main] org.camunda.bpm.engine.cmd               : ENGINE-13009 opening new command context
[           main] org.camunda.bpm.engine.cmd               : ENGINE-13011 closing existing command context
[           main] org.camunda.bpm.engine.cmd               : ENGINE-13006 Finishing command -------------------- SchemaOperationsProcessEngineBuild ----------------------
[           main] org.camunda.bpm.engine.cmd               : ENGINE-13005 Starting command -------------------- HistoryLevelSetupCommand ----------------------
[           main] org.camunda.bpm.engine.cmd               : ENGINE-13009 opening new command context
[           main] o.c.b.e.i.p.e.P.selectProperty           : ==>  Preparing: select * from ACT_GE_PROPERTY where NAME_ = ?
[           main] o.c.b.e.i.p.e.P.selectProperty           : ==> Parameters: startup.lock(String)
[           main] o.c.b.e.i.p.e.P.selectProperty           : <==    Columns: NAME_, VALUE_, REV_
[           main] o.c.b.e.i.p.e.P.selectProperty           : <==        Row: startup.lock, 0, 1
[           main] o.c.b.e.i.p.e.P.selectProperty           : <==      Total: 1
[           main] o.c.b.e.i.p.e.P.selectProperty           : ==>  Preparing: select * from ACT_GE_PROPERTY where NAME_ = ?
[           main] o.c.b.e.i.p.e.P.selectProperty           : ==> Parameters: historyLevel(String)
[           main] o.c.b.e.i.p.e.P.selectProperty           : <==    Columns: NAME_, VALUE_, REV_
[           main] o.c.b.e.i.p.e.P.selectProperty           : <==        Row: historyLevel, 3, 1
[           main] o.c.b.e.i.p.e.P.selectProperty           : <==      Total: 1
[           main] org.camunda.bpm.engine.cmd               : ENGINE-13011 closing existing command context
[           main] org.camunda.bpm.engine.persistence       : ENGINE-03006 Cache state after flush: [
  PERSISTENT PropertyEntity[startup.lock]
  PERSISTENT PropertyEntity[historyLevel]
]
[           main] org.camunda.bpm.engine.cmd               : ENGINE-13006 Finishing command -------------------- HistoryLevelSetupCommand ----------------------
[           main] org.camunda.bpm.engine.cmd               : ENGINE-13005 Starting command -------------------- BootstrapEngineCommand ----------------------
[           main] org.camunda.bpm.engine.cmd               : ENGINE-13009 opening new command context
[           main] o.c.b.e.i.p.e.P.selectProperty           : ==>  Preparing: select * from ACT_GE_PROPERTY where NAME_ = ?
[           main] o.c.b.e.i.p.e.P.selectProperty           : ==> Parameters: installationId.lock(String)
[           main] o.c.b.e.i.p.e.P.selectProperty           : <==    Columns: NAME_, VALUE_, REV_
[           main] o.c.b.e.i.p.e.P.selectProperty           : <==        Row: installationId.lock, 0, 1
[           main] o.c.b.e.i.p.e.P.selectProperty           : <==      Total: 1
[           main] o.c.b.e.i.p.e.P.selectProperty           : ==>  Preparing: select * from ACT_GE_PROPERTY where NAME_ = ?
[           main] o.c.b.e.i.p.e.P.selectProperty           : ==> Parameters: camunda.installation.id(String)
[           main] o.c.b.e.i.p.e.P.selectProperty           : <==    Columns: NAME_, VALUE_, REV_
[           main] o.c.b.e.i.p.e.P.selectProperty           : <==        Row: camunda.installation.id, a128bcff-e62e-455c-9571-d90e8930c85f, 1
[           main] o.c.b.e.i.p.e.P.selectProperty           : <==      Total: 1
[           main] org.camunda.bpm.engine.persistence       : ENGINE-03100 Installation id property found in the database: a128bcff-e62e-455c-9571-d90e8930c85f
[           main] o.c.b.e.i.p.e.P.selectProperty           : ==>  Preparing: select * from ACT_GE_PROPERTY where NAME_ = ?
[           main] o.c.b.e.i.p.e.P.selectProperty           : ==> Parameters: deployment.lock(String)
[           main] o.c.b.e.i.p.e.P.selectProperty           : <==    Columns: NAME_, VALUE_, REV_
[           main] o.c.b.e.i.p.e.P.selectProperty           : <==        Row: deployment.lock, 0, 1
[           main] o.c.b.e.i.p.e.P.selectProperty           : <==      Total: 1
[           main] o.c.b.e.i.p.e.P.selectProperty           : ==>  Preparing: select * from ACT_GE_PROPERTY where NAME_ = ?
[           main] o.c.b.e.i.p.e.P.selectProperty           : ==> Parameters: history.cleanup.job.lock(String)
[           main] o.c.b.e.i.p.e.P.selectProperty           : <==    Columns: NAME_, VALUE_, REV_
[           main] o.c.b.e.i.p.e.P.selectProperty           : <==        Row: history.cleanup.job.lock, 0, 1
[           main] o.c.b.e.i.p.e.P.selectProperty           : <==      Total: 1
[           main] org.camunda.bpm.engine.cmd               : ENGINE-13005 Starting command -------------------- GetTableMetaDataCmd ----------------------
[           main] org.camunda.bpm.engine.cmd               : ENGINE-13010 reusing existing command context
[           main] org.camunda.bpm.engine.cmd               : ENGINE-13006 Finishing command -------------------- GetTableMetaDataCmd ----------------------
[           main] org.camunda.bpm.engine.cmd               : ENGINE-13005 Starting command -------------------- HistoryCleanupCmd ----------------------
[           main] org.camunda.bpm.engine.cmd               : ENGINE-13010 reusing existing command context
[           main] org.camunda.bpm.engine.cmd               : ENGINE-13038 History cleanup won't be scheduled. Either configure batch window or call it with immediatelyDue = true.
[           main] o.c.b.e.i.p.e.J.selectJobsByHandlerType  : ==>  Preparing: select * from ACT_RU_JOB where HANDLER_TYPE_ = ?
[           main] o.c.b.e.i.p.e.J.selectJobsByHandlerType  : ==> Parameters: history-cleanup(String)
[           main] o.c.b.e.i.p.e.J.selectJobsByHandlerType  : <==      Total: 0
[           main] org.camunda.bpm.engine.cmd               : ENGINE-13006 Finishing command -------------------- HistoryCleanupCmd ----------------------
[           main] o.c.b.e.i.p.e.P.selectProperty           : ==>  Preparing: select * from ACT_GE_PROPERTY where NAME_ = ?
[           main] o.c.b.e.i.p.e.P.selectProperty           : ==> Parameters: telemetry.lock(String)
[           main] o.c.b.e.i.p.e.P.selectProperty           : <==    Columns: NAME_, VALUE_, REV_
[           main] o.c.b.e.i.p.e.P.selectProperty           : <==        Row: telemetry.lock, 0, 1
[           main] o.c.b.e.i.p.e.P.selectProperty           : <==      Total: 1
[           main] .c.b.e.i.p.e.P.lockTelemetryLockProperty : ==>  Preparing: SELECT VALUE_ FROM ACT_GE_PROPERTY WHERE NAME_ = 'telemetry.lock' for update
[           main] .c.b.e.i.p.e.P.lockTelemetryLockProperty : ==> Parameters:
[           main] o.c.b.e.i.p.e.P.selectProperty           : ==>  Preparing: select * from ACT_GE_PROPERTY where NAME_ = ?
[           main] o.c.b.e.i.p.e.P.selectProperty           : ==> Parameters: camunda.telemetry.enabled(String)
[           main] o.c.b.e.i.p.e.P.selectProperty           : <==    Columns: NAME_, VALUE_, REV_
[           main] o.c.b.e.i.p.e.P.selectProperty           : <==        Row: camunda.telemetry.enabled, false, 1
[           main] o.c.b.e.i.p.e.P.selectProperty           : <==      Total: 1
[           main] org.camunda.bpm.engine.cmd               : ENGINE-13005 Starting command -------------------- GetLicenseKeyCmd ----------------------
[           main] org.camunda.bpm.engine.cmd               : ENGINE-13010 reusing existing command context
[           main] o.c.b.e.i.p.e.P.selectProperty           : ==>  Preparing: select * from ACT_GE_PROPERTY where NAME_ = ?
[           main] o.c.b.e.i.p.e.P.selectProperty           : ==> Parameters: camunda-license-key-id(String)
[           main] o.c.b.e.i.p.e.P.selectProperty           : <==      Total: 0
[           main] o.c.b.e.i.p.e.P.selectProperty           : ==>  Preparing: select * from ACT_GE_PROPERTY where NAME_ = ?
[           main] o.c.b.e.i.p.e.P.selectProperty           : ==> Parameters: camunda-license-key(String)
[           main] o.c.b.e.i.p.e.P.selectProperty           : <==      Total: 0
[           main] org.camunda.bpm.engine.cmd               : ENGINE-13006 Finishing command -------------------- GetLicenseKeyCmd ----------------------
[           main] org.camunda.bpm.engine.cmd               : ENGINE-13005 Starting command -------------------- IsTelemetryEnabledCmd ----------------------
[           main] org.camunda.bpm.engine.cmd               : ENGINE-13010 reusing existing command context
[           main] org.camunda.bpm.engine.cmd               : ENGINE-13006 Finishing command -------------------- IsTelemetryEnabledCmd ----------------------
[           main] org.camunda.bpm.engine.cmd               : ENGINE-13011 closing existing command context
[           main] org.camunda.bpm.engine.persistence       : ENGINE-03006 Cache state after flush: [
  PERSISTENT PropertyEntity[camunda.telemetry.enabled]
  PERSISTENT PropertyEntity[installationId.lock]
  PERSISTENT PropertyEntity[telemetry.lock]
  PERSISTENT PropertyEntity[camunda.installation.id]
  PERSISTENT PropertyEntity[deployment.lock]
  PERSISTENT PropertyEntity[history.cleanup.job.lock]
]
[           main] org.camunda.bpm.engine.cmd               : ENGINE-13006 Finishing command -------------------- BootstrapEngineCommand ----------------------
[           main] org.camunda.bpm.engine                   : ENGINE-00001 Process Engine default created.
[           main] org.camunda.bpm.engine.cmd               : ENGINE-13005 Starting command -------------------- ProcessDefinitionQueryImpl ----------------------
[           main] org.camunda.bpm.engine.cmd               : ENGINE-13009 opening new command context
[           main] ectProcessDefinitionCountByQueryCriteria : ==>  Preparing: select count(distinct RES.ID_ ) from ACT_RE_PROCDEF RES WHERE RES.KEY_ = ?
[           main] ectProcessDefinitionCountByQueryCriteria : ==> Parameters: zxf-common-v3.8(String)
[           main] ectProcessDefinitionCountByQueryCriteria : <==    Columns: count(distinct RES.ID_ )
[           main] ectProcessDefinitionCountByQueryCriteria : <==        Row: 54
[           main] ectProcessDefinitionCountByQueryCriteria : <==      Total: 1
[           main] org.camunda.bpm.engine.cmd               : ENGINE-13011 closing existing command context
[           main] org.camunda.bpm.engine.persistence       : ENGINE-03006 Cache state after flush: [
]
[           main] org.camunda.bpm.engine.cmd               : ENGINE-13006 Finishing command -------------------- ProcessDefinitionQueryImpl ----------------------
[           main] org.camunda.bpm.engine.cmd               : ENGINE-13005 Starting command -------------------- ProcessDefinitionQueryImpl ----------------------
[           main] org.camunda.bpm.engine.cmd               : ENGINE-13009 opening new command context
[           main] ectProcessDefinitionCountByQueryCriteria : ==>  Preparing: select count(distinct RES.ID_ ) from ACT_RE_PROCDEF RES WHERE RES.KEY_ = ?
[           main] ectProcessDefinitionCountByQueryCriteria : ==> Parameters: zxf-app-2-v4(String)
[           main] ectProcessDefinitionCountByQueryCriteria : <==    Columns: count(distinct RES.ID_ )
[           main] ectProcessDefinitionCountByQueryCriteria : <==        Row: 8
[           main] ectProcessDefinitionCountByQueryCriteria : <==      Total: 1
[           main] org.camunda.bpm.engine.cmd               : ENGINE-13011 closing existing command context
[           main] org.camunda.bpm.engine.persistence       : ENGINE-03006 Cache state after flush: [
]
[           main] org.camunda.bpm.engine.cmd               : ENGINE-13006 Finishing command -------------------- ProcessDefinitionQueryImpl ----------------------
[           main] zxf.camunda.saga.task.App2Task1Adapter   : ctor()
[           main] z.c.saga.task.App2Task1UndoAdapter       : ctor()
[           main] zxf.camunda.saga.task.App2Task2Adapter   : ctor()
[           main] z.c.saga.task.App2Task2UndoAdapter       : ctor()
[           main] zxf.camunda.saga.task.App2Task3Adapter   : ctor()
[           main] z.c.saga.task.App2TaskEndUndoAdapter     : ctor()
[           main] z.camunda.saga.task.CommonTask1Adapter   : ctor()
[           main] z.camunda.saga.task.CommonTask2Adapter   : ctor()
[           main] z.camunda.saga.task.CommonTask3Adapter   : ctor()
[           main] o.c.b.s.b.s.w.f.LazyInitRegistration     : lazy initialized org.camunda.bpm.spring.boot.starter.webapp.filter.LazyProcessEnginesFilter@4aaecabd
[           main] org.camunda.bpm.engine.util              : ENGINE-09016 Attempting to load class 'org.camunda.bpm.webapp.impl.security.filter.EngineRequestAuthorizer' with current thread context classloader: jdk.internal.loader.ClassLoaders$AppClassLoader@4e0e2f2a
[           main] org.camunda.bpm.engine.util              : ENGINE-09016 Attempting to load class 'org.camunda.bpm.webapp.impl.security.filter.EngineRequestAuthorizer' with current thread context classloader: jdk.internal.loader.ClassLoaders$AppClassLoader@4e0e2f2a
[           main] org.camunda.bpm.engine.util              : ENGINE-09016 Attempting to load class 'org.camunda.bpm.webapp.impl.security.filter.EngineRequestAuthorizer' with current thread context classloader: jdk.internal.loader.ClassLoaders$AppClassLoader@4e0e2f2a
[           main] org.camunda.bpm.engine.util              : ENGINE-09016 Attempting to load class 'org.camunda.bpm.webapp.impl.security.filter.EngineRequestAuthorizer' with current thread context classloader: jdk.internal.loader.ClassLoaders$AppClassLoader@4e0e2f2a
[           main] org.camunda.bpm.engine.util              : ENGINE-09016 Attempting to load class 'org.camunda.bpm.webapp.impl.security.filter.EngineRequestAuthorizer' with current thread context classloader: jdk.internal.loader.ClassLoaders$AppClassLoader@4e0e2f2a
[           main] org.camunda.bpm.engine.util              : ENGINE-09016 Attempting to load class 'org.camunda.bpm.webapp.impl.security.filter.EngineRequestAuthorizer' with current thread context classloader: jdk.internal.loader.ClassLoaders$AppClassLoader@4e0e2f2a
[           main] org.camunda.bpm.engine.util              : ENGINE-09016 Attempting to load class 'org.camunda.bpm.webapp.impl.security.filter.ApplicationRequestAuthorizer' with current thread context classloader: jdk.internal.loader.ClassLoaders$AppClassLoader@4e0e2f2a
[           main] org.camunda.bpm.engine.util              : ENGINE-09016 Attempting to load class 'org.camunda.bpm.webapp.impl.security.filter.ApplicationRequestAuthorizer' with current thread context classloader: jdk.internal.loader.ClassLoaders$AppClassLoader@4e0e2f2a
[           main] org.camunda.bpm.engine.util              : ENGINE-09016 Attempting to load class 'org.camunda.bpm.webapp.impl.security.filter.ApplicationRequestAuthorizer' with current thread context classloader: jdk.internal.loader.ClassLoaders$AppClassLoader@4e0e2f2a
[           main] org.camunda.bpm.engine.util              : ENGINE-09016 Attempting to load class 'org.camunda.bpm.webapp.impl.security.filter.ApplicationRequestAuthorizer' with current thread context classloader: jdk.internal.loader.ClassLoaders$AppClassLoader@4e0e2f2a
[           main] o.c.b.s.b.s.w.f.LazyInitRegistration     : lazy initialized org.camunda.bpm.spring.boot.starter.webapp.filter.LazySecurityFilter@26da1ba2
[           main] com.zaxxer.hikari.HikariDataSource       : HikariPool-2 - Starting...
[           main] com.zaxxer.hikari.pool.HikariPool        : HikariPool-2 - Added connection com.mysql.cj.jdbc.ConnectionImpl@3a574a3b
[           main] com.zaxxer.hikari.HikariDataSource       : HikariPool-2 - Start completed.
[           main] o.s.b.a.e.web.EndpointLinksResolver      : Exposing 13 endpoint(s) beneath base path '/actuator'
[           main] o.s.b.w.embedded.tomcat.TomcatWebServer  : Tomcat started on port 8091 (http) with context path ''
[           main] org.camunda.bpm.container                : ENGINE-08026 No processes.xml file found in process application 'saga2Application'
[           main] org.camunda.bpm.container                : ENGINE-08050 Process application saga2Application successfully deployed
[           main] zxf.camunda.saga.Saga2Application        : Started Saga2Application in 3.611 seconds (process running for 3.828)
[           main] org.camunda.bpm.engine.jobexecutor       : ENGINE-14014 Starting up the JobExecutor[org.camunda.bpm.engine.spring.components.jobexecutor.SpringJobExecutor].
[ingJobExecutor]] org.camunda.bpm.engine.jobexecutor       : ENGINE-14018 JobExecutor[org.camunda.bpm.engine.spring.components.jobexecutor.SpringJobExecutor] starting to acquire jobs
[ingJobExecutor]] org.camunda.bpm.engine.cmd               : ENGINE-13005 Starting command -------------------- AcquireJobsCmd ----------------------
[ingJobExecutor]] org.camunda.bpm.engine.cmd               : ENGINE-13009 opening new command context
[ingJobExecutor]] o.c.b.e.i.p.e.J.selectNextJobsToExecute  : ==>  Preparing: select RES.ID_, RES.REV_, RES.DUEDATE_, RES.PROCESS_INSTANCE_ID_, RES.EXCLUSIVE_ from ACT_RU_JOB RES where (RES.RETRIES_ > 0) and ( RES.DUEDATE_ is null or RES.DUEDATE_ <= ? ) and (RES.LOCK_OWNER_ is null or RES.LOCK_EXP_TIME_ < ?) and RES.SUSPENSION_STATE_ = 1 and ( ( RES.EXCLUSIVE_ = 1 and not exists( select J2.ID_ from ACT_RU_JOB J2 where J2.PROCESS_INSTANCE_ID_ = RES.PROCESS_INSTANCE_ID_ and (J2.EXCLUSIVE_ = 1) -- also exclusive and (J2.LOCK_OWNER_ is not null and J2.LOCK_EXP_TIME_ >= ?) -- in progress ) ) or RES.EXCLUSIVE_ = 0 ) LIMIT ? OFFSET ?
[ingJobExecutor]] o.c.b.e.i.p.e.J.selectNextJobsToExecute  : ==> Parameters: 2024-09-07 18:38:14.278(Timestamp), 2024-09-07 18:38:14.278(Timestamp), 2024-09-07 18:38:14.278(Timestamp), 3(Integer), 0(Integer)
[ingJobExecutor]] o.c.b.e.i.p.e.J.selectNextJobsToExecute  : <==      Total: 0
[ingJobExecutor]] org.camunda.bpm.engine.cmd               : ENGINE-13011 closing existing command context
[ingJobExecutor]] org.camunda.bpm.engine.persistence       : ENGINE-03006 Cache state after flush: []
[ingJobExecutor]] org.camunda.bpm.engine.cmd               : ENGINE-13006 Finishing command -------------------- AcquireJobsCmd ----------------------
[ingJobExecutor]] org.camunda.bpm.engine.jobexecutor       : ENGINE-14022 Acquired 0 jobs for process engine 'default': []
[ingJobExecutor]] org.camunda.bpm.engine.jobexecutor       : ENGINE-14011 Job acquisition thread sleeping for 4992 millis
[ingJobExecutor]] org.camunda.bpm.engine.jobexecutor       : ENGINE-14012 Job acquisition thread woke up
[ingJobExecutor]] org.camunda.bpm.engine.cmd               : ENGINE-13005 Starting command -------------------- AcquireJobsCmd ----------------------
[ingJobExecutor]] org.camunda.bpm.engine.cmd               : ENGINE-13009 opening new command context
[ingJobExecutor]] o.c.b.e.i.p.e.J.selectNextJobsToExecute  : ==>  Preparing: select RES.ID_, RES.REV_, RES.DUEDATE_, RES.PROCESS_INSTANCE_ID_, RES.EXCLUSIVE_ from ACT_RU_JOB RES where (RES.RETRIES_ > 0) and ( RES.DUEDATE_ is null or RES.DUEDATE_ <= ? ) and (RES.LOCK_OWNER_ is null or RES.LOCK_EXP_TIME_ < ?) and RES.SUSPENSION_STATE_ = 1 and ( ( RES.EXCLUSIVE_ = 1 and not exists( select J2.ID_ from ACT_RU_JOB J2 where J2.PROCESS_INSTANCE_ID_ = RES.PROCESS_INSTANCE_ID_ and (J2.EXCLUSIVE_ = 1) -- also exclusive and (J2.LOCK_OWNER_ is not null and J2.LOCK_EXP_TIME_ >= ?) -- in progress ) ) or RES.EXCLUSIVE_ = 0 ) LIMIT ? OFFSET ?
[ingJobExecutor]] o.c.b.e.i.p.e.J.selectNextJobsToExecute  : ==> Parameters: 2024-09-07 18:38:19.282(Timestamp), 2024-09-07 18:38:19.282(Timestamp), 2024-09-07 18:38:19.282(Timestamp), 3(Integer), 0(Integer)
[ingJobExecutor]] o.c.b.e.i.p.e.J.selectNextJobsToExecute  : <==      Total: 0
[ingJobExecutor]] org.camunda.bpm.engine.cmd               : ENGINE-13011 closing existing command context
[ingJobExecutor]] org.camunda.bpm.engine.persistence       : ENGINE-03006 Cache state after flush: []
[ingJobExecutor]] org.camunda.bpm.engine.cmd               : ENGINE-13006 Finishing command -------------------- AcquireJobsCmd ----------------------
[ingJobExecutor]] org.camunda.bpm.engine.jobexecutor       : ENGINE-14022 Acquired 0 jobs for process engine 'default': []
[ingJobExecutor]] org.camunda.bpm.engine.jobexecutor       : ENGINE-14011 Job acquisition thread sleeping for 9989 millis
[ingJobExecutor]] org.camunda.bpm.engine.jobexecutor       : ENGINE-14012 Job acquisition thread woke up
[ingJobExecutor]] org.camunda.bpm.engine.cmd               : ENGINE-13005 Starting command -------------------- AcquireJobsCmd ----------------------
[ingJobExecutor]] org.camunda.bpm.engine.cmd               : ENGINE-13009 opening new command context
[ingJobExecutor]] o.c.b.e.i.p.e.J.selectNextJobsToExecute  : ==>  Preparing: select RES.ID_, RES.REV_, RES.DUEDATE_, RES.PROCESS_INSTANCE_ID_, RES.EXCLUSIVE_ from ACT_RU_JOB RES where (RES.RETRIES_ > 0) and ( RES.DUEDATE_ is null or RES.DUEDATE_ <= ? ) and (RES.LOCK_OWNER_ is null or RES.LOCK_EXP_TIME_ < ?) and RES.SUSPENSION_STATE_ = 1 and ( ( RES.EXCLUSIVE_ = 1 and not exists( select J2.ID_ from ACT_RU_JOB J2 where J2.PROCESS_INSTANCE_ID_ = RES.PROCESS_INSTANCE_ID_ and (J2.EXCLUSIVE_ = 1) -- also exclusive and (J2.LOCK_OWNER_ is not null and J2.LOCK_EXP_TIME_ >= ?) -- in progress ) ) or RES.EXCLUSIVE_ = 0 ) LIMIT ? OFFSET ?
[ingJobExecutor]] o.c.b.e.i.p.e.J.selectNextJobsToExecute  : ==> Parameters: 2024-09-07 18:38:29.283(Timestamp), 2024-09-07 18:38:29.283(Timestamp), 2024-09-07 18:38:29.283(Timestamp), 3(Integer), 0(Integer)
[ingJobExecutor]] o.c.b.e.i.p.e.J.selectNextJobsToExecute  : <==      Total: 0
[ingJobExecutor]] org.camunda.bpm.engine.cmd               : ENGINE-13011 closing existing command context
[ingJobExecutor]] org.camunda.bpm.engine.persistence       : ENGINE-03006 Cache state after flush: []
[ingJobExecutor]] org.camunda.bpm.engine.cmd               : ENGINE-13006 Finishing command -------------------- AcquireJobsCmd ----------------------
[ingJobExecutor]] org.camunda.bpm.engine.jobexecutor       : ENGINE-14022 Acquired 0 jobs for process engine 'default': []
[ingJobExecutor]] org.camunda.bpm.engine.jobexecutor       : ENGINE-14011 Job acquisition thread sleeping for 19990 millis
[ingJobExecutor]] org.camunda.bpm.engine.jobexecutor       : ENGINE-14012 Job acquisition thread woke up
[ingJobExecutor]] org.camunda.bpm.engine.cmd               : ENGINE-13005 Starting command -------------------- AcquireJobsCmd ----------------------
[ingJobExecutor]] org.camunda.bpm.engine.cmd               : ENGINE-13009 opening new command context
[ingJobExecutor]] o.c.b.e.i.p.e.J.selectNextJobsToExecute  : ==>  Preparing: select RES.ID_, RES.REV_, RES.DUEDATE_, RES.PROCESS_INSTANCE_ID_, RES.EXCLUSIVE_ from ACT_RU_JOB RES where (RES.RETRIES_ > 0) and ( RES.DUEDATE_ is null or RES.DUEDATE_ <= ? ) and (RES.LOCK_OWNER_ is null or RES.LOCK_EXP_TIME_ < ?) and RES.SUSPENSION_STATE_ = 1 and ( ( RES.EXCLUSIVE_ = 1 and not exists( select J2.ID_ from ACT_RU_JOB J2 where J2.PROCESS_INSTANCE_ID_ = RES.PROCESS_INSTANCE_ID_ and (J2.EXCLUSIVE_ = 1) -- also exclusive and (J2.LOCK_OWNER_ is not null and J2.LOCK_EXP_TIME_ >= ?) -- in progress ) ) or RES.EXCLUSIVE_ = 0 ) LIMIT ? OFFSET ?
[ingJobExecutor]] o.c.b.e.i.p.e.J.selectNextJobsToExecute  : ==> Parameters: 2024-09-07 18:38:49.284(Timestamp), 2024-09-07 18:38:49.284(Timestamp), 2024-09-07 18:38:49.284(Timestamp), 3(Integer), 0(Integer)
[ingJobExecutor]] o.c.b.e.i.p.e.J.selectNextJobsToExecute  : <==      Total: 0
[ingJobExecutor]] org.camunda.bpm.engine.cmd               : ENGINE-13011 closing existing command context
[ingJobExecutor]] org.camunda.bpm.engine.persistence       : ENGINE-03006 Cache state after flush: []
[ingJobExecutor]] org.camunda.bpm.engine.cmd               : ENGINE-13006 Finishing command -------------------- AcquireJobsCmd ----------------------
[ingJobExecutor]] org.camunda.bpm.engine.jobexecutor       : ENGINE-14022 Acquired 0 jobs for process engine 'default': []
[ingJobExecutor]] org.camunda.bpm.engine.jobexecutor       : ENGINE-14011 Job acquisition thread sleeping for 39989 millis
[ionShutdownHook] org.camunda.bpm.container                : ENGINE-08051 Process application saga2Application undeployed
[ionShutdownHook] org.camunda.bpm.engine.cmd               : ENGINE-13005 Starting command -------------------- MetricsCollectionTask$MetricsCollectionCmd ----------------------
[ionShutdownHook] org.camunda.bpm.engine.cmd               : ENGINE-13009 opening new command context
[ionShutdownHook] org.camunda.bpm.engine.cmd               : ENGINE-13011 closing existing command context
[ionShutdownHook] org.camunda.bpm.engine.persistence       : ENGINE-03006 Cache state after flush: [
  PERSISTENT MeterLogEntity[5c8f01e1-6d72-11ef-98be-6ec87f42c359]
  PERSISTENT MeterLogEntity[5c8f01e2-6d72-11ef-98be-6ec87f42c359]
  PERSISTENT MeterLogEntity[5c8f01e3-6d72-11ef-98be-6ec87f42c359]
  PERSISTENT MeterLogEntity[5c8f01e4-6d72-11ef-98be-6ec87f42c359]
  PERSISTENT MeterLogEntity[5c8f01db-6d72-11ef-98be-6ec87f42c359]
  PERSISTENT MeterLogEntity[5c8f01dc-6d72-11ef-98be-6ec87f42c359]
  PERSISTENT MeterLogEntity[5c8f01da-6d72-11ef-98be-6ec87f42c359]
  PERSISTENT MeterLogEntity[5c8f01e0-6d72-11ef-98be-6ec87f42c359]
  PERSISTENT MeterLogEntity[5c8f01df-6d72-11ef-98be-6ec87f42c359]
  PERSISTENT MeterLogEntity[5c8f01dd-6d72-11ef-98be-6ec87f42c359]
  PERSISTENT MeterLogEntity[5c8f01de-6d72-11ef-98be-6ec87f42c359]
  PERSISTENT MeterLogEntity[5c8f01e5-6d72-11ef-98be-6ec87f42c359]
]
[ionShutdownHook] org.camunda.bpm.engine.persistence       : ENGINE-03008 Flush Summary: [
  INSERT MeterLogEntity[5c8f01da-6d72-11ef-98be-6ec87f42c359]
  INSERT MeterLogEntity[5c8f01db-6d72-11ef-98be-6ec87f42c359]
  INSERT MeterLogEntity[5c8f01dc-6d72-11ef-98be-6ec87f42c359]
  INSERT MeterLogEntity[5c8f01dd-6d72-11ef-98be-6ec87f42c359]
  INSERT MeterLogEntity[5c8f01de-6d72-11ef-98be-6ec87f42c359]
  INSERT MeterLogEntity[5c8f01df-6d72-11ef-98be-6ec87f42c359]
  INSERT MeterLogEntity[5c8f01e0-6d72-11ef-98be-6ec87f42c359]
  INSERT MeterLogEntity[5c8f01e1-6d72-11ef-98be-6ec87f42c359]
  INSERT MeterLogEntity[5c8f01e2-6d72-11ef-98be-6ec87f42c359]
  INSERT MeterLogEntity[5c8f01e3-6d72-11ef-98be-6ec87f42c359]
  INSERT MeterLogEntity[5c8f01e4-6d72-11ef-98be-6ec87f42c359]
  INSERT MeterLogEntity[5c8f01e5-6d72-11ef-98be-6ec87f42c359]
]
[ionShutdownHook] org.camunda.bpm.engine.persistence       : ENGINE-03009 SQL operation: 'INSERT'; Entity: 'MeterLogEntity[id=5c8f01da-6d72-11ef-98be-6ec87f42c359]'
[ionShutdownHook] o.c.b.e.i.p.e.M.insertMeterLog           : ==>  Preparing: insert into ACT_RU_METER_LOG (ID_, NAME_, REPORTER_, VALUE_, TIMESTAMP_, MILLISECONDS_) values ( ?, ?, ?, ?, ?, ? )
[ionShutdownHook] o.c.b.e.i.p.e.M.insertMeterLog           : ==> Parameters: 5c8f01da-6d72-11ef-98be-6ec87f42c359(String), root-process-instance-start(String), 127.0.1.1$default(String), 0(Long), 2024-09-07 18:39:01.833(Timestamp), 1725752341833(Long)
[ionShutdownHook] o.c.b.e.i.p.e.M.insertMeterLog           : <==    Updates: 1
[ionShutdownHook] org.camunda.bpm.engine.persistence       : ENGINE-03009 SQL operation: 'INSERT'; Entity: 'MeterLogEntity[id=5c8f01db-6d72-11ef-98be-6ec87f42c359]'
[ionShutdownHook] o.c.b.e.i.p.e.M.insertMeterLog           : ==>  Preparing: insert into ACT_RU_METER_LOG (ID_, NAME_, REPORTER_, VALUE_, TIMESTAMP_, MILLISECONDS_) values ( ?, ?, ?, ?, ?, ? )
[ionShutdownHook] o.c.b.e.i.p.e.M.insertMeterLog           : ==> Parameters: 5c8f01db-6d72-11ef-98be-6ec87f42c359(String), activity-instance-start(String), 127.0.1.1$default(String), 0(Long), 2024-09-07 18:39:01.833(Timestamp), 1725752341833(Long)
[ionShutdownHook] o.c.b.e.i.p.e.M.insertMeterLog           : <==    Updates: 1
[ionShutdownHook] org.camunda.bpm.engine.persistence       : ENGINE-03009 SQL operation: 'INSERT'; Entity: 'MeterLogEntity[id=5c8f01dc-6d72-11ef-98be-6ec87f42c359]'
[ionShutdownHook] o.c.b.e.i.p.e.M.insertMeterLog           : ==>  Preparing: insert into ACT_RU_METER_LOG (ID_, NAME_, REPORTER_, VALUE_, TIMESTAMP_, MILLISECONDS_) values ( ?, ?, ?, ?, ?, ? )
[ionShutdownHook] o.c.b.e.i.p.e.M.insertMeterLog           : ==> Parameters: 5c8f01dc-6d72-11ef-98be-6ec87f42c359(String), job-acquired-failure(String), 127.0.1.1$default(String), 0(Long), 2024-09-07 18:39:01.833(Timestamp), 1725752341833(Long)
[ionShutdownHook] o.c.b.e.i.p.e.M.insertMeterLog           : <==    Updates: 1
[ionShutdownHook] org.camunda.bpm.engine.persistence       : ENGINE-03009 SQL operation: 'INSERT'; Entity: 'MeterLogEntity[id=5c8f01dd-6d72-11ef-98be-6ec87f42c359]'
[ionShutdownHook] o.c.b.e.i.p.e.M.insertMeterLog           : ==>  Preparing: insert into ACT_RU_METER_LOG (ID_, NAME_, REPORTER_, VALUE_, TIMESTAMP_, MILLISECONDS_) values ( ?, ?, ?, ?, ?, ? )
[ionShutdownHook] o.c.b.e.i.p.e.M.insertMeterLog           : ==> Parameters: 5c8f01dd-6d72-11ef-98be-6ec87f42c359(String), job-locked-exclusive(String), 127.0.1.1$default(String), 0(Long), 2024-09-07 18:39:01.833(Timestamp), 1725752341833(Long)
[ionShutdownHook] o.c.b.e.i.p.e.M.insertMeterLog           : <==    Updates: 1
[ionShutdownHook] org.camunda.bpm.engine.persistence       : ENGINE-03009 SQL operation: 'INSERT'; Entity: 'MeterLogEntity[id=5c8f01de-6d72-11ef-98be-6ec87f42c359]'
[ionShutdownHook] o.c.b.e.i.p.e.M.insertMeterLog           : ==>  Preparing: insert into ACT_RU_METER_LOG (ID_, NAME_, REPORTER_, VALUE_, TIMESTAMP_, MILLISECONDS_) values ( ?, ?, ?, ?, ?, ? )
[ionShutdownHook] o.c.b.e.i.p.e.M.insertMeterLog           : ==> Parameters: 5c8f01de-6d72-11ef-98be-6ec87f42c359(String), job-execution-rejected(String), 127.0.1.1$default(String), 0(Long), 2024-09-07 18:39:01.833(Timestamp), 1725752341833(Long)
[ionShutdownHook] o.c.b.e.i.p.e.M.insertMeterLog           : <==    Updates: 1
[ionShutdownHook] org.camunda.bpm.engine.persistence       : ENGINE-03009 SQL operation: 'INSERT'; Entity: 'MeterLogEntity[id=5c8f01df-6d72-11ef-98be-6ec87f42c359]'
[ionShutdownHook] o.c.b.e.i.p.e.M.insertMeterLog           : ==>  Preparing: insert into ACT_RU_METER_LOG (ID_, NAME_, REPORTER_, VALUE_, TIMESTAMP_, MILLISECONDS_) values ( ?, ?, ?, ?, ?, ? )
[ionShutdownHook] o.c.b.e.i.p.e.M.insertMeterLog           : ==> Parameters: 5c8f01df-6d72-11ef-98be-6ec87f42c359(String), executed-decision-elements(String), 127.0.1.1$default(String), 0(Long), 2024-09-07 18:39:01.833(Timestamp), 1725752341833(Long)
[ionShutdownHook] o.c.b.e.i.p.e.M.insertMeterLog           : <==    Updates: 1
[ionShutdownHook] org.camunda.bpm.engine.persistence       : ENGINE-03009 SQL operation: 'INSERT'; Entity: 'MeterLogEntity[id=5c8f01e0-6d72-11ef-98be-6ec87f42c359]'
[ionShutdownHook] o.c.b.e.i.p.e.M.insertMeterLog           : ==>  Preparing: insert into ACT_RU_METER_LOG (ID_, NAME_, REPORTER_, VALUE_, TIMESTAMP_, MILLISECONDS_) values ( ?, ?, ?, ?, ?, ? )
[ionShutdownHook] o.c.b.e.i.p.e.M.insertMeterLog           : ==> Parameters: 5c8f01e0-6d72-11ef-98be-6ec87f42c359(String), activity-instance-end(String), 127.0.1.1$default(String), 0(Long), 2024-09-07 18:39:01.833(Timestamp), 1725752341833(Long)
[ionShutdownHook] o.c.b.e.i.p.e.M.insertMeterLog           : <==    Updates: 1
[ionShutdownHook] org.camunda.bpm.engine.persistence       : ENGINE-03009 SQL operation: 'INSERT'; Entity: 'MeterLogEntity[id=5c8f01e1-6d72-11ef-98be-6ec87f42c359]'
[ionShutdownHook] o.c.b.e.i.p.e.M.insertMeterLog           : ==>  Preparing: insert into ACT_RU_METER_LOG (ID_, NAME_, REPORTER_, VALUE_, TIMESTAMP_, MILLISECONDS_) values ( ?, ?, ?, ?, ?, ? )
[ionShutdownHook] o.c.b.e.i.p.e.M.insertMeterLog           : ==> Parameters: 5c8f01e1-6d72-11ef-98be-6ec87f42c359(String), job-successful(String), 127.0.1.1$default(String), 0(Long), 2024-09-07 18:39:01.833(Timestamp), 1725752341833(Long)
[ionShutdownHook] o.c.b.e.i.p.e.M.insertMeterLog           : <==    Updates: 1
[ionShutdownHook] org.camunda.bpm.engine.persistence       : ENGINE-03009 SQL operation: 'INSERT'; Entity: 'MeterLogEntity[id=5c8f01e2-6d72-11ef-98be-6ec87f42c359]'
[ionShutdownHook] o.c.b.e.i.p.e.M.insertMeterLog           : ==>  Preparing: insert into ACT_RU_METER_LOG (ID_, NAME_, REPORTER_, VALUE_, TIMESTAMP_, MILLISECONDS_) values ( ?, ?, ?, ?, ?, ? )
[ionShutdownHook] o.c.b.e.i.p.e.M.insertMeterLog           : ==> Parameters: 5c8f01e2-6d72-11ef-98be-6ec87f42c359(String), job-acquired-success(String), 127.0.1.1$default(String), 0(Long), 2024-09-07 18:39:01.833(Timestamp), 1725752341833(Long)
[ionShutdownHook] o.c.b.e.i.p.e.M.insertMeterLog           : <==    Updates: 1
[ionShutdownHook] org.camunda.bpm.engine.persistence       : ENGINE-03009 SQL operation: 'INSERT'; Entity: 'MeterLogEntity[id=5c8f01e3-6d72-11ef-98be-6ec87f42c359]'
[ionShutdownHook] o.c.b.e.i.p.e.M.insertMeterLog           : ==>  Preparing: insert into ACT_RU_METER_LOG (ID_, NAME_, REPORTER_, VALUE_, TIMESTAMP_, MILLISECONDS_) values ( ?, ?, ?, ?, ?, ? )
[ionShutdownHook] o.c.b.e.i.p.e.M.insertMeterLog           : ==> Parameters: 5c8f01e3-6d72-11ef-98be-6ec87f42c359(String), job-acquisition-attempt(String), 127.0.1.1$default(String), 4(Long), 2024-09-07 18:39:01.833(Timestamp), 1725752341833(Long)
[ionShutdownHook] o.c.b.e.i.p.e.M.insertMeterLog           : <==    Updates: 1
[ionShutdownHook] org.camunda.bpm.engine.persistence       : ENGINE-03009 SQL operation: 'INSERT'; Entity: 'MeterLogEntity[id=5c8f01e4-6d72-11ef-98be-6ec87f42c359]'
[ionShutdownHook] o.c.b.e.i.p.e.M.insertMeterLog           : ==>  Preparing: insert into ACT_RU_METER_LOG (ID_, NAME_, REPORTER_, VALUE_, TIMESTAMP_, MILLISECONDS_) values ( ?, ?, ?, ?, ?, ? )
[ionShutdownHook] o.c.b.e.i.p.e.M.insertMeterLog           : ==> Parameters: 5c8f01e4-6d72-11ef-98be-6ec87f42c359(String), executed-decision-instances(String), 127.0.1.1$default(String), 0(Long), 2024-09-07 18:39:01.833(Timestamp), 1725752341833(Long)
[ionShutdownHook] o.c.b.e.i.p.e.M.insertMeterLog           : <==    Updates: 1
[ionShutdownHook] org.camunda.bpm.engine.persistence       : ENGINE-03009 SQL operation: 'INSERT'; Entity: 'MeterLogEntity[id=5c8f01e5-6d72-11ef-98be-6ec87f42c359]'
[ionShutdownHook] o.c.b.e.i.p.e.M.insertMeterLog           : ==>  Preparing: insert into ACT_RU_METER_LOG (ID_, NAME_, REPORTER_, VALUE_, TIMESTAMP_, MILLISECONDS_) values ( ?, ?, ?, ?, ?, ? )
[ionShutdownHook] o.c.b.e.i.p.e.M.insertMeterLog           : ==> Parameters: 5c8f01e5-6d72-11ef-98be-6ec87f42c359(String), job-failed(String), 127.0.1.1$default(String), 0(Long), 2024-09-07 18:39:01.833(Timestamp), 1725752341833(Long)
[ionShutdownHook] o.c.b.e.i.p.e.M.insertMeterLog           : <==    Updates: 1
[ionShutdownHook] org.camunda.bpm.engine.cmd               : ENGINE-13006 Finishing command -------------------- MetricsCollectionTask$MetricsCollectionCmd ----------------------
[ionShutdownHook] org.camunda.bpm.engine.telemetry         : ENGINE-28001 Start telemetry sending task.
[ionShutdownHook] org.camunda.bpm.engine.cmd               : ENGINE-13005 Starting command -------------------- IsTelemetryEnabledCmd ----------------------
[ionShutdownHook] org.camunda.bpm.engine.cmd               : ENGINE-13009 opening new command context
[ionShutdownHook] o.c.b.e.i.p.e.P.selectProperty           : ==>  Preparing: select * from ACT_GE_PROPERTY where NAME_ = ?
[ionShutdownHook] o.c.b.e.i.p.e.P.selectProperty           : ==> Parameters: camunda.telemetry.enabled(String)
[ionShutdownHook] o.c.b.e.i.p.e.P.selectProperty           : <==    Columns: NAME_, VALUE_, REV_
[ionShutdownHook] o.c.b.e.i.p.e.P.selectProperty           : <==        Row: camunda.telemetry.enabled, false, 1
[ionShutdownHook] o.c.b.e.i.p.e.P.selectProperty           : <==      Total: 1
[ionShutdownHook] org.camunda.bpm.engine.cmd               : ENGINE-13011 closing existing command context
[ionShutdownHook] org.camunda.bpm.engine.persistence       : ENGINE-03006 Cache state after flush: [
  PERSISTENT PropertyEntity[camunda.telemetry.enabled]
]
[ionShutdownHook] org.camunda.bpm.engine.cmd               : ENGINE-13006 Finishing command -------------------- IsTelemetryEnabledCmd ----------------------
[ionShutdownHook] org.camunda.bpm.engine.telemetry         : ENGINE-28009 Sending telemetry is disabled.
[ionShutdownHook] org.camunda.bpm.engine.jobexecutor       : ENGINE-14015 Shutting down the JobExecutor[org.camunda.bpm.engine.spring.components.jobexecutor.SpringJobExecutor]
[ingJobExecutor]] org.camunda.bpm.engine.jobexecutor       : ENGINE-14012 Job acquisition thread woke up
[ingJobExecutor]] org.camunda.bpm.engine.jobexecutor       : ENGINE-14020 JobExecutor[org.camunda.bpm.engine.spring.components.jobexecutor.SpringJobExecutor] stopped job acquisition
[ionShutdownHook] org.camunda.bpm.engine.cmd               : ENGINE-13005 Starting command -------------------- SchemaOperationProcessEngineClose ----------------------
[ionShutdownHook] org.camunda.bpm.engine.cmd               : ENGINE-13009 opening new command context
[ionShutdownHook] org.camunda.bpm.engine.cmd               : ENGINE-13011 closing existing command context
[ionShutdownHook] org.camunda.bpm.engine.cmd               : ENGINE-13006 Finishing command -------------------- SchemaOperationProcessEngineClose ----------------------
[ionShutdownHook] org.camunda.bpm.engine                   : ENGINE-00007 Process Engine default closed
[ionShutdownHook] com.zaxxer.hikari.HikariDataSource       : HikariPool-1 - Shutdown initiated...
[ionShutdownHook] com.zaxxer.hikari.HikariDataSource       : HikariPool-1 - Shutdown completed.
[ionShutdownHook] com.zaxxer.hikari.HikariDataSource       : HikariPool-2 - Shutdown initiated...
[ionShutdownHook] com.zaxxer.hikari.HikariDataSource       : HikariPool-2 - Shutdown completed.