Picked up _JAVA_OPTIONS: -Dawt.useSystemAAFontSettings=on -Dswing.aatext=true

 ____                                 _         ____  _       _    __
/ ___| __ _ _ __ ___  _   _ _ __   __| | __ _  |  _ \| | __ _| |_ / _| ___  _ __ _ __ ___
| |   / _` | '_ ` _ \| | | | '_ \ / _` |/ _` | | |_) | |/ _` | __| |_ / _ \| '__| '_ ` _ \
| |__| (_| | | | | | | |_| | | | | (_| | (_| | |  __/| | (_| | |_|  _| (_) | |  | | | | | |
\____/\__,_|_| |_| |_|\__,_|_| |_|\__,_|\__,_| |_|   |_|\__,_|\__|_|  \___/|_|  |_| |_| |_|

  Spring-Boot:  (v3.2.4)
  Camunda Platform: (v7.21.0)
  Camunda Platform Spring Boot Starter: (v7.21.0)

[           main] zxf.camunda.saga.Saga2Application        : Starting Saga2Application using Java 22.0.1 with PID 28935 (/home/davis/Work/zxf-springboot-camunda/zxf-springboot-camunda-saga-app-2/target/classes started by davis in /home/davis/Work/zxf-springboot-camunda)
[           main] zxf.camunda.saga.Saga2Application        : No active profile set, falling back to 1 default profile: "default"
[           main] .s.d.r.c.RepositoryConfigurationDelegate : Bootstrapping Spring Data JDBC repositories in DEFAULT mode.
[           main] .s.d.r.c.RepositoryConfigurationDelegate : Finished Spring Data repository scanning in 9 ms. Found 0 JDBC repository interfaces.
[           main] o.s.b.w.embedded.tomcat.TomcatWebServer  : Tomcat initialized with port 8091 (http)
[           main] o.apache.catalina.core.StandardService   : Starting service [Tomcat]
[           main] o.apache.catalina.core.StandardEngine    : Starting Servlet engine: [Apache Tomcat/10.1.19]
[           main] o.a.c.c.C.[Tomcat].[localhost].[/]       : Initializing Spring embedded WebApplicationContext
[           main] w.s.c.ServletWebServerApplicationContext : Root WebApplicationContext: initialization completed in 955 ms
[           main] .c.b.s.b.s.r.CamundaJerseyResourceConfig : Configuring camunda rest api.
[           main] .c.b.s.b.s.r.CamundaJerseyResourceConfig : Finished configuring camunda rest api.
[LockHandlerImpl] o.c.b.e.r.impl.FetchAndLockHandlerImpl   : Acquire start
[LockHandlerImpl] o.c.b.e.r.impl.FetchAndLockHandlerImpl   : Number of pending requests 0
[LockHandlerImpl] o.c.b.e.r.impl.FetchAndLockHandlerImpl   : Suspend acquisition for 9,223,372,036,854,775,807ms
[           main] org.camunda.bpm.spring.boot              : STARTER-SB040 Setting up jobExecutor with corePoolSize=10, maxPoolSize:10
[           main] org.camunda.bpm.engine.cfg               : ENGINE-12003 Plugin 'CompositeProcessEnginePlugin[genericPropertiesConfiguration, camundaProcessEngineConfiguration, camundaDatasourceConfiguration, camundaJobConfiguration, camundaHistoryConfiguration, camundaMetricsConfiguration, camundaAuthorizationConfiguration, failedJobConfiguration, disableDeploymentResourcePattern, eventPublisherPlugin, ApplicationContextClassloaderSwitchPlugin]' activated on process engine 'default'
[           main] org.camunda.bpm.spring.boot              : STARTER-SB020 ProcessApplication enabled: autoDeployment via springConfiguration#deploymentResourcePattern is disabled
[           main] o.c.b.s.b.s.event.EventPublisherPlugin   : EVENTING-001: Initialized Camunda Spring Boot Eventing Engine Plugin.
[           main] o.c.b.s.b.s.event.EventPublisherPlugin   : EVENTING-003: Task events will be published as Spring Events.
[           main] o.c.b.s.b.s.event.EventPublisherPlugin   : EVENTING-005: Execution events will be published as Spring Events.
[           main] o.c.b.s.b.s.event.EventPublisherPlugin   : EVENTING-009: Listeners will not be invoked if a skipCustomListeners API parameter is set to true by user.
[           main] o.c.b.s.b.s.event.EventPublisherPlugin   : EVENTING-007: History events will be published as Spring events.
[           main] org.camunda.feel.FeelEngine              : Engine created. [value-mapper: CompositeValueMapper(List(org.camunda.feel.impl.JavaValueMapper@18989e0)), function-provider: org.camunda.bpm.dmn.feel.impl.scala.function.CustomFunctionTransformer@58182b96, clock: SystemClock, configuration: {externalFunctionsEnabled: false}]
Standard Commons Logging discovery in action with spring-jcl: please remove commons-logging.jar from classpath in order to avoid potential conflicts
[           main] org.camunda.bpm.connect                  : CNCT-01004 Discovered provider for connector id 'http-connector' and class 'org.camunda.connect.httpclient.impl.HttpConnectorImpl': 'org.camunda.connect.httpclient.impl.HttpConnectorProviderImpl'
[           main] org.camunda.bpm.connect                  : CNCT-01004 Discovered provider for connector id 'soap-http-connector' and class 'org.camunda.connect.httpclient.soap.impl.SoapHttpConnectorImpl': 'org.camunda.connect.httpclient.soap.impl.SoapHttpConnectorProviderImpl'
[           main] org.camunda.bpm.engine.cmd               : ENGINE-13005 Starting command -------------------- SchemaOperationsProcessEngineBuild ----------------------
[           main] com.zaxxer.hikari.HikariDataSource       : HikariPool-1 - Starting...
[           main] com.zaxxer.hikari.pool.HikariPool        : HikariPool-1 - Added connection com.mysql.cj.jdbc.ConnectionImpl@8636cf4
[           main] com.zaxxer.hikari.HikariDataSource       : HikariPool-1 - Start completed.
[           main] org.camunda.bpm.engine.cmd               : ENGINE-13009 opening new command context
[           main] org.camunda.bpm.engine.cmd               : ENGINE-13011 closing existing command context
[           main] org.camunda.bpm.engine.cmd               : ENGINE-13006 Finishing command -------------------- SchemaOperationsProcessEngineBuild ----------------------
[           main] org.camunda.bpm.engine.cmd               : ENGINE-13005 Starting command -------------------- HistoryLevelSetupCommand ----------------------
[           main] org.camunda.bpm.engine.cmd               : ENGINE-13009 opening new command context
[           main] o.c.b.e.i.p.e.P.selectProperty           : ==>  Preparing: select * from ACT_GE_PROPERTY where NAME_ = ?
[           main] o.c.b.e.i.p.e.P.selectProperty           : ==> Parameters: startup.lock(String)
[           main] o.c.b.e.i.p.e.P.selectProperty           : <==    Columns: NAME_, VALUE_, REV_
[           main] o.c.b.e.i.p.e.P.selectProperty           : <==        Row: startup.lock, 0, 1
[           main] o.c.b.e.i.p.e.P.selectProperty           : <==      Total: 1
[           main] o.c.b.e.i.p.e.P.selectProperty           : ==>  Preparing: select * from ACT_GE_PROPERTY where NAME_ = ?
[           main] o.c.b.e.i.p.e.P.selectProperty           : ==> Parameters: historyLevel(String)
[           main] o.c.b.e.i.p.e.P.selectProperty           : <==    Columns: NAME_, VALUE_, REV_
[           main] o.c.b.e.i.p.e.P.selectProperty           : <==        Row: historyLevel, 3, 1
[           main] o.c.b.e.i.p.e.P.selectProperty           : <==      Total: 1
[           main] org.camunda.bpm.engine.cmd               : ENGINE-13011 closing existing command context
[           main] org.camunda.bpm.engine.persistence       : ENGINE-03006 Cache state after flush: [
  PERSISTENT PropertyEntity[startup.lock]
  PERSISTENT PropertyEntity[historyLevel]
]
[           main] org.camunda.bpm.engine.cmd               : ENGINE-13006 Finishing command -------------------- HistoryLevelSetupCommand ----------------------
[           main] org.camunda.bpm.engine.cmd               : ENGINE-13005 Starting command -------------------- BootstrapEngineCommand ----------------------
[           main] org.camunda.bpm.engine.cmd               : ENGINE-13009 opening new command context
[           main] o.c.b.e.i.p.e.P.selectProperty           : ==>  Preparing: select * from ACT_GE_PROPERTY where NAME_ = ?
[           main] o.c.b.e.i.p.e.P.selectProperty           : ==> Parameters: installationId.lock(String)
[           main] o.c.b.e.i.p.e.P.selectProperty           : <==    Columns: NAME_, VALUE_, REV_
[           main] o.c.b.e.i.p.e.P.selectProperty           : <==        Row: installationId.lock, 0, 1
[           main] o.c.b.e.i.p.e.P.selectProperty           : <==      Total: 1
[           main] o.c.b.e.i.p.e.P.selectProperty           : ==>  Preparing: select * from ACT_GE_PROPERTY where NAME_ = ?
[           main] o.c.b.e.i.p.e.P.selectProperty           : ==> Parameters: camunda.installation.id(String)
[           main] o.c.b.e.i.p.e.P.selectProperty           : <==    Columns: NAME_, VALUE_, REV_
[           main] o.c.b.e.i.p.e.P.selectProperty           : <==        Row: camunda.installation.id, a128bcff-e62e-455c-9571-d90e8930c85f, 1
[           main] o.c.b.e.i.p.e.P.selectProperty           : <==      Total: 1
[           main] org.camunda.bpm.engine.persistence       : ENGINE-03100 Installation id property found in the database: a128bcff-e62e-455c-9571-d90e8930c85f
[           main] o.c.b.e.i.p.e.P.selectProperty           : ==>  Preparing: select * from ACT_GE_PROPERTY where NAME_ = ?
[           main] o.c.b.e.i.p.e.P.selectProperty           : ==> Parameters: deployment.lock(String)
[           main] o.c.b.e.i.p.e.P.selectProperty           : <==    Columns: NAME_, VALUE_, REV_
[           main] o.c.b.e.i.p.e.P.selectProperty           : <==        Row: deployment.lock, 0, 1
[           main] o.c.b.e.i.p.e.P.selectProperty           : <==      Total: 1
[           main] o.c.b.e.i.p.e.P.selectProperty           : ==>  Preparing: select * from ACT_GE_PROPERTY where NAME_ = ?
[           main] o.c.b.e.i.p.e.P.selectProperty           : ==> Parameters: history.cleanup.job.lock(String)
[           main] o.c.b.e.i.p.e.P.selectProperty           : <==    Columns: NAME_, VALUE_, REV_
[           main] o.c.b.e.i.p.e.P.selectProperty           : <==        Row: history.cleanup.job.lock, 0, 1
[           main] o.c.b.e.i.p.e.P.selectProperty           : <==      Total: 1
[           main] org.camunda.bpm.engine.cmd               : ENGINE-13005 Starting command -------------------- GetTableMetaDataCmd ----------------------
[           main] org.camunda.bpm.engine.cmd               : ENGINE-13010 reusing existing command context
[           main] org.camunda.bpm.engine.cmd               : ENGINE-13006 Finishing command -------------------- GetTableMetaDataCmd ----------------------
[           main] org.camunda.bpm.engine.cmd               : ENGINE-13005 Starting command -------------------- HistoryCleanupCmd ----------------------
[           main] org.camunda.bpm.engine.cmd               : ENGINE-13010 reusing existing command context
[           main] org.camunda.bpm.engine.cmd               : ENGINE-13038 History cleanup won't be scheduled. Either configure batch window or call it with immediatelyDue = true.
[           main] o.c.b.e.i.p.e.J.selectJobsByHandlerType  : ==>  Preparing: select * from ACT_RU_JOB where HANDLER_TYPE_ = ?
[           main] o.c.b.e.i.p.e.J.selectJobsByHandlerType  : ==> Parameters: history-cleanup(String)
[           main] o.c.b.e.i.p.e.J.selectJobsByHandlerType  : <==      Total: 0
[           main] org.camunda.bpm.engine.cmd               : ENGINE-13006 Finishing command -------------------- HistoryCleanupCmd ----------------------
[           main] o.c.b.e.i.p.e.P.selectProperty           : ==>  Preparing: select * from ACT_GE_PROPERTY where NAME_ = ?
[           main] o.c.b.e.i.p.e.P.selectProperty           : ==> Parameters: telemetry.lock(String)
[           main] o.c.b.e.i.p.e.P.selectProperty           : <==    Columns: NAME_, VALUE_, REV_
[           main] o.c.b.e.i.p.e.P.selectProperty           : <==        Row: telemetry.lock, 0, 1
[           main] o.c.b.e.i.p.e.P.selectProperty           : <==      Total: 1
[           main] .c.b.e.i.p.e.P.lockTelemetryLockProperty : ==>  Preparing: SELECT VALUE_ FROM ACT_GE_PROPERTY WHERE NAME_ = 'telemetry.lock' for update
[           main] .c.b.e.i.p.e.P.lockTelemetryLockProperty : ==> Parameters:
[           main] o.c.b.e.i.p.e.P.selectProperty           : ==>  Preparing: select * from ACT_GE_PROPERTY where NAME_ = ?
[           main] o.c.b.e.i.p.e.P.selectProperty           : ==> Parameters: camunda.telemetry.enabled(String)
[           main] o.c.b.e.i.p.e.P.selectProperty           : <==    Columns: NAME_, VALUE_, REV_
[           main] o.c.b.e.i.p.e.P.selectProperty           : <==        Row: camunda.telemetry.enabled, false, 1
[           main] o.c.b.e.i.p.e.P.selectProperty           : <==      Total: 1
[           main] org.camunda.bpm.engine.cmd               : ENGINE-13005 Starting command -------------------- GetLicenseKeyCmd ----------------------
[           main] org.camunda.bpm.engine.cmd               : ENGINE-13010 reusing existing command context
[           main] o.c.b.e.i.p.e.P.selectProperty           : ==>  Preparing: select * from ACT_GE_PROPERTY where NAME_ = ?
[           main] o.c.b.e.i.p.e.P.selectProperty           : ==> Parameters: camunda-license-key-id(String)
[           main] o.c.b.e.i.p.e.P.selectProperty           : <==      Total: 0
[           main] o.c.b.e.i.p.e.P.selectProperty           : ==>  Preparing: select * from ACT_GE_PROPERTY where NAME_ = ?
[           main] o.c.b.e.i.p.e.P.selectProperty           : ==> Parameters: camunda-license-key(String)
[           main] o.c.b.e.i.p.e.P.selectProperty           : <==      Total: 0
[           main] org.camunda.bpm.engine.cmd               : ENGINE-13006 Finishing command -------------------- GetLicenseKeyCmd ----------------------
[           main] org.camunda.bpm.engine.cmd               : ENGINE-13005 Starting command -------------------- IsTelemetryEnabledCmd ----------------------
[           main] org.camunda.bpm.engine.cmd               : ENGINE-13010 reusing existing command context
[           main] org.camunda.bpm.engine.cmd               : ENGINE-13006 Finishing command -------------------- IsTelemetryEnabledCmd ----------------------
[           main] org.camunda.bpm.engine.cmd               : ENGINE-13011 closing existing command context
[           main] org.camunda.bpm.engine.persistence       : ENGINE-03006 Cache state after flush: [
  PERSISTENT PropertyEntity[camunda.telemetry.enabled]
  PERSISTENT PropertyEntity[installationId.lock]
  PERSISTENT PropertyEntity[telemetry.lock]
  PERSISTENT PropertyEntity[camunda.installation.id]
  PERSISTENT PropertyEntity[deployment.lock]
  PERSISTENT PropertyEntity[history.cleanup.job.lock]
]
[           main] org.camunda.bpm.engine.cmd               : ENGINE-13006 Finishing command -------------------- BootstrapEngineCommand ----------------------
[           main] org.camunda.bpm.engine                   : ENGINE-00001 Process Engine default created.
[           main] org.camunda.bpm.engine.cmd               : ENGINE-13005 Starting command -------------------- ProcessDefinitionQueryImpl ----------------------
[           main] org.camunda.bpm.engine.cmd               : ENGINE-13009 opening new command context
[           main] ectProcessDefinitionCountByQueryCriteria : ==>  Preparing: select count(distinct RES.ID_ ) from ACT_RE_PROCDEF RES WHERE RES.KEY_ = ?
[           main] ectProcessDefinitionCountByQueryCriteria : ==> Parameters: zxf-common-v3.8(String)
[           main] ectProcessDefinitionCountByQueryCriteria : <==    Columns: count(distinct RES.ID_ )
[           main] ectProcessDefinitionCountByQueryCriteria : <==        Row: 54
[           main] ectProcessDefinitionCountByQueryCriteria : <==      Total: 1
[           main] org.camunda.bpm.engine.cmd               : ENGINE-13011 closing existing command context
[           main] org.camunda.bpm.engine.persistence       : ENGINE-03006 Cache state after flush: [

[           main] org.camunda.bpm.engine.cmd               : ENGINE-13006 Finishing command -------------------- ProcessDefinitionQueryImpl ----------------------
[           main] org.camunda.bpm.engine.cmd               : ENGINE-13005 Starting command -------------------- ProcessDefinitionQueryImpl ----------------------
[           main] org.camunda.bpm.engine.cmd               : ENGINE-13009 opening new command context
[           main] .selectProcessDefinitionsByQueryCriteria : ==>  Preparing: select distinct RES.* from ACT_RE_PROCDEF RES inner join (select KEY_, TENANT_ID_, max(VERSION_) as MAX_VERSION from ACT_RE_PROCDEF WHERE KEY_ = ? group by TENANT_ID_, KEY_) VER on RES.KEY_ = VER.KEY_ WHERE RES.KEY_ = ? and RES.VERSION_ = VER.MAX_VERSION and (RES.TENANT_ID_ = VER.TENANT_ID_ or (RES.TENANT_ID_ is null and VER.TENANT_ID_ is null)) order by RES.ID_ asc LIMIT ? OFFSET ?
[           main] .selectProcessDefinitionsByQueryCriteria : ==> Parameters: zxf-common-v3.8(String), zxf-common-v3.8(String), 2147483647(Integer), 0(Integer)
[           main] .selectProcessDefinitionsByQueryCriteria : <==    Columns: ID_, REV_, CATEGORY_, NAME_, KEY_, VERSION_, DEPLOYMENT_ID_, RESOURCE_NAME_, DGRM_RESOURCE_NAME_, HAS_START_FORM_KEY_, SUSPENSION_STATE_, TENANT_ID_, VERSION_TAG_, HISTORY_TTL_, STARTABLE_
[           main] .selectProcessDefinitionsByQueryCriteria : <==        Row: zxf-common-v3.8:54:fd989f72-6d6f-11ef-a3ec-6ec87f42c359, 1, http://www.omg.org/spec/BPMN/20100524/MODEL, null, zxf-common-v3.8, 54, fd932130-6d6f-11ef-a3ec-6ec87f42c359, zxf-common-v3.8.bpmn, null, 0, 1, null, null, 180, 1
[           main] .selectProcessDefinitionsByQueryCriteria : <==      Total: 1
[           main] ectResourceByDeploymentIdAndResourceName : ==>  Preparing: select * from ACT_GE_BYTEARRAY where DEPLOYMENT_ID_ = ? and NAME_ = ?
[           main] ectResourceByDeploymentIdAndResourceName : ==> Parameters: fd932130-6d6f-11ef-a3ec-6ec87f42c359(String), zxf-common-v3.8.bpmn(String)
[           main] ectResourceByDeploymentIdAndResourceName : <==    Columns: ID_, REV_, NAME_, DEPLOYMENT_ID_, BYTES_, GENERATED_, TENANT_ID_, TYPE_, CREATE_TIME_, ROOT_PROC_INST_ID_, REMOVAL_TIME_
[           main] ectResourceByDeploymentIdAndResourceName : <==        Row: fd93bd71-6d6f-11ef-a3ec-6ec87f42c359, 1, zxf-common-v3.8.bpmn, fd932130-6d6f-11ef-a3ec-6ec87f42c359, <<BLOB>>, 0, null, 1, 2024-09-08 07:22:03, null, null
[           main] ectResourceByDeploymentIdAndResourceName : <==      Total: 1
[           main] org.camunda.bpm.engine.cmd               : ENGINE-13011 closing existing command context
[           main] org.camunda.bpm.engine.persistence       : ENGINE-03006 Cache state after flush: [
  PERSISTENT ResourceEntity[fd93bd71-6d6f-11ef-a3ec-6ec87f42c359]
  PERSISTENT ProcessDefinitionEntity[zxf-common-v3.8:54:fd989f72-6d6f-11ef-a3ec-6ec87f42c359]
]
[           main] org.camunda.bpm.engine.cmd               : ENGINE-13006 Finishing command -------------------- ProcessDefinitionQueryImpl ----------------------
[           main] org.camunda.bpm.engine.cmd               : ENGINE-13005 Starting command -------------------- RegisterDeploymentCmd ----------------------
[           main] org.camunda.bpm.engine.cmd               : ENGINE-13009 opening new command context
[           main] o.c.b.e.i.p.e.D.selectDeployment         : ==>  Preparing: select * from ACT_RE_DEPLOYMENT where ID_ = ?
[           main] o.c.b.e.i.p.e.D.selectDeployment         : ==> Parameters: fd932130-6d6f-11ef-a3ec-6ec87f42c359(String)
[           main] o.c.b.e.i.p.e.D.selectDeployment         : <==    Columns: ID_, NAME_, DEPLOY_TIME_, SOURCE_, TENANT_ID_
[           main] o.c.b.e.i.p.e.D.selectDeployment         : <==        Row: fd932130-6d6f-11ef-a3ec-6ec87f42c359, null, 2024-09-08 07:22:03, null, null
[           main] o.c.b.e.i.p.e.D.selectDeployment         : <==      Total: 1
[           main] org.camunda.bpm.engine.cmd               : ENGINE-13011 closing existing command context
[           main] org.camunda.bpm.engine.persistence       : ENGINE-03006 Cache state after flush: [
  PERSISTENT DeploymentEntity[fd932130-6d6f-11ef-a3ec-6ec87f42c359]
]
[           main] org.camunda.bpm.engine.cmd               : ENGINE-13006 Finishing command -------------------- RegisterDeploymentCmd ----------------------
[           main] zxf.camunda.saga.saga.CommonSaga         : zxf-common-v3.8@app-2 saga had been deployed, register job executor to the latest deployment. (DeploymentId=fd932130-6d6f-11ef-a3ec-6ec87f42c359)
[           main] org.camunda.bpm.engine.cmd               : ENGINE-13005 Starting command -------------------- ProcessDefinitionQueryImpl ----------------------
[           main] org.camunda.bpm.engine.cmd               : ENGINE-13009 opening new command context
[           main] ectProcessDefinitionCountByQueryCriteria : ==>  Preparing: select count(distinct RES.ID_ ) from ACT_RE_PROCDEF RES WHERE RES.KEY_ = ?
[           main] ectProcessDefinitionCountByQueryCriteria : ==> Parameters: zxf-app-2-v4(String)
[           main] ectProcessDefinitionCountByQueryCriteria : <==    Columns: count(distinct RES.ID_ )
[           main] ectProcessDefinitionCountByQueryCriteria : <==        Row: 8
[           main] ectProcessDefinitionCountByQueryCriteria : <==      Total: 1
[           main] org.camunda.bpm.engine.cmd               : ENGINE-13011 closing existing command context
[           main] org.camunda.bpm.engine.persistence       : ENGINE-03006 Cache state after flush: [

[           main] org.camunda.bpm.engine.cmd               : ENGINE-13006 Finishing command -------------------- ProcessDefinitionQueryImpl ----------------------
[           main] org.camunda.bpm.engine.cmd               : ENGINE-13005 Starting command -------------------- ProcessDefinitionQueryImpl ----------------------
[           main] org.camunda.bpm.engine.cmd               : ENGINE-13009 opening new command context
[           main] .selectProcessDefinitionsByQueryCriteria : ==>  Preparing: select distinct RES.* from ACT_RE_PROCDEF RES inner join (select KEY_, TENANT_ID_, max(VERSION_) as MAX_VERSION from ACT_RE_PROCDEF WHERE KEY_ = ? group by TENANT_ID_, KEY_) VER on RES.KEY_ = VER.KEY_ WHERE RES.KEY_ = ? and RES.VERSION_ = VER.MAX_VERSION and (RES.TENANT_ID_ = VER.TENANT_ID_ or (RES.TENANT_ID_ is null and VER.TENANT_ID_ is null)) order by RES.ID_ asc LIMIT ? OFFSET ?
[           main] .selectProcessDefinitionsByQueryCriteria : ==> Parameters: zxf-app-2-v4(String), zxf-app-2-v4(String), 2147483647(Integer), 0(Integer)
[           main] .selectProcessDefinitionsByQueryCriteria : <==    Columns: ID_, REV_, CATEGORY_, NAME_, KEY_, VERSION_, DEPLOYMENT_ID_, RESOURCE_NAME_, DGRM_RESOURCE_NAME_, HAS_START_FORM_KEY_, SUSPENSION_STATE_, TENANT_ID_, VERSION_TAG_, HISTORY_TTL_, STARTABLE_
[           main] .selectProcessDefinitionsByQueryCriteria : <==        Row: zxf-app-2-v4:8:fdabd95d-6d6f-11ef-a3ec-6ec87f42c359, 1, http://www.omg.org/spec/BPMN/20100524/MODEL, null, zxf-app-2-v4, 8, fda4fb8b-6d6f-11ef-a3ec-6ec87f42c359, zxf-app-2-v4.bpmn, null, 0, 1, null, null, 180, 1
[           main] .selectProcessDefinitionsByQueryCriteria : <==      Total: 1
[           main] ectResourceByDeploymentIdAndResourceName : ==>  Preparing: select * from ACT_GE_BYTEARRAY where DEPLOYMENT_ID_ = ? and NAME_ = ?
[           main] ectResourceByDeploymentIdAndResourceName : ==> Parameters: fda4fb8b-6d6f-11ef-a3ec-6ec87f42c359(String), zxf-app-2-v4.bpmn(String)
[           main] ectResourceByDeploymentIdAndResourceName : <==    Columns: ID_, REV_, NAME_, DEPLOYMENT_ID_, BYTES_, GENERATED_, TENANT_ID_, TYPE_, CREATE_TIME_, ROOT_PROC_INST_ID_, REMOVAL_TIME_
[           main] ectResourceByDeploymentIdAndResourceName : <==        Row: fda4fb8c-6d6f-11ef-a3ec-6ec87f42c359, 1, zxf-app-2-v4.bpmn, fda4fb8b-6d6f-11ef-a3ec-6ec87f42c359, <<BLOB>>, 0, null, 1, 2024-09-08 07:22:04, null, null
[           main] ectResourceByDeploymentIdAndResourceName : <==      Total: 1
[           main] org.camunda.bpm.engine.cmd               : ENGINE-13011 closing existing command context
[           main] org.camunda.bpm.engine.persistence       : ENGINE-03006 Cache state after flush: [
  PERSISTENT ResourceEntity[fda4fb8c-6d6f-11ef-a3ec-6ec87f42c359]
  PERSISTENT ProcessDefinitionEntity[zxf-app-2-v4:8:fdabd95d-6d6f-11ef-a3ec-6ec87f42c359]
]
[           main] org.camunda.bpm.engine.cmd               : ENGINE-13006 Finishing command -------------------- ProcessDefinitionQueryImpl ----------------------
[           main] org.camunda.bpm.engine.cmd               : ENGINE-13005 Starting command -------------------- RegisterDeploymentCmd ----------------------
[           main] org.camunda.bpm.engine.cmd               : ENGINE-13009 opening new command context
[           main] o.c.b.e.i.p.e.D.selectDeployment         : ==>  Preparing: select * from ACT_RE_DEPLOYMENT where ID_ = ?
[           main] o.c.b.e.i.p.e.D.selectDeployment         : ==> Parameters: fda4fb8b-6d6f-11ef-a3ec-6ec87f42c359(String)
[           main] o.c.b.e.i.p.e.D.selectDeployment         : <==    Columns: ID_, NAME_, DEPLOY_TIME_, SOURCE_, TENANT_ID_
[           main] o.c.b.e.i.p.e.D.selectDeployment         : <==        Row: fda4fb8b-6d6f-11ef-a3ec-6ec87f42c359, null, 2024-09-08 07:22:04, null, null
[           main] o.c.b.e.i.p.e.D.selectDeployment         : <==      Total: 1
[           main] org.camunda.bpm.engine.cmd               : ENGINE-13011 closing existing command context
[           main] org.camunda.bpm.engine.persistence       : ENGINE-03006 Cache state after flush: [
  PERSISTENT DeploymentEntity[fda4fb8b-6d6f-11ef-a3ec-6ec87f42c359]
]
[           main] org.camunda.bpm.engine.cmd               : ENGINE-13006 Finishing command -------------------- RegisterDeploymentCmd ----------------------
[           main] zxf.camunda.saga.saga.App2Saga           : zxf-app-2-v4 saga had been deployed, register job executor to the latest deployment. (DeploymentId=fda4fb8b-6d6f-11ef-a3ec-6ec87f42c359)
[           main] zxf.camunda.saga.task.App2Task1Adapter   : ctor()
[           main] z.c.saga.task.App2Task1UndoAdapter       : ctor()
[           main] zxf.camunda.saga.task.App2Task2Adapter   : ctor()
[           main] z.c.saga.task.App2Task2UndoAdapter       : ctor()
[           main] zxf.camunda.saga.task.App2Task3Adapter   : ctor()
[           main] z.c.saga.task.App2TaskEndUndoAdapter     : ctor()
[           main] z.camunda.saga.task.CommonTask1Adapter   : ctor()
[           main] z.camunda.saga.task.CommonTask2Adapter   : ctor()
[           main] z.camunda.saga.task.CommonTask3Adapter   : ctor()
[           main] o.c.b.s.b.s.w.f.LazyInitRegistration     : lazy initialized org.camunda.bpm.spring.boot.starter.webapp.filter.LazyProcessEnginesFilter@4aaecabd
[           main] org.camunda.bpm.engine.util              : ENGINE-09016 Attempting to load class 'org.camunda.bpm.webapp.impl.security.filter.EngineRequestAuthorizer' with current thread context classloader: jdk.internal.loader.ClassLoaders$AppClassLoader@4e0e2f2a
[           main] org.camunda.bpm.engine.util              : ENGINE-09016 Attempting to load class 'org.camunda.bpm.webapp.impl.security.filter.EngineRequestAuthorizer' with current thread context classloader: jdk.internal.loader.ClassLoaders$AppClassLoader@4e0e2f2a
[           main] org.camunda.bpm.engine.util              : ENGINE-09016 Attempting to load class 'org.camunda.bpm.webapp.impl.security.filter.EngineRequestAuthorizer' with current thread context classloader: jdk.internal.loader.ClassLoaders$AppClassLoader@4e0e2f2a
[           main] org.camunda.bpm.engine.util              : ENGINE-09016 Attempting to load class 'org.camunda.bpm.webapp.impl.security.filter.EngineRequestAuthorizer' with current thread context classloader: jdk.internal.loader.ClassLoaders$AppClassLoader@4e0e2f2a
[           main] org.camunda.bpm.engine.util              : ENGINE-09016 Attempting to load class 'org.camunda.bpm.webapp.impl.security.filter.EngineRequestAuthorizer' with current thread context classloader: jdk.internal.loader.ClassLoaders$AppClassLoader@4e0e2f2a
[           main] org.camunda.bpm.engine.util              : ENGINE-09016 Attempting to load class 'org.camunda.bpm.webapp.impl.security.filter.EngineRequestAuthorizer' with current thread context classloader: jdk.internal.loader.ClassLoaders$AppClassLoader@4e0e2f2a
[           main] org.camunda.bpm.engine.util              : ENGINE-09016 Attempting to load class 'org.camunda.bpm.webapp.impl.security.filter.ApplicationRequestAuthorizer' with current thread context classloader: jdk.internal.loader.ClassLoaders$AppClassLoader@4e0e2f2a
[           main] org.camunda.bpm.engine.util              : ENGINE-09016 Attempting to load class 'org.camunda.bpm.webapp.impl.security.filter.ApplicationRequestAuthorizer' with current thread context classloader: jdk.internal.loader.ClassLoaders$AppClassLoader@4e0e2f2a
[           main] org.camunda.bpm.engine.util              : ENGINE-09016 Attempting to load class 'org.camunda.bpm.webapp.impl.security.filter.ApplicationRequestAuthorizer' with current thread context classloader: jdk.internal.loader.ClassLoaders$AppClassLoader@4e0e2f2a
[           main] org.camunda.bpm.engine.util              : ENGINE-09016 Attempting to load class 'org.camunda.bpm.webapp.impl.security.filter.ApplicationRequestAuthorizer' with current thread context classloader: jdk.internal.loader.ClassLoaders$AppClassLoader@4e0e2f2a
[           main] o.c.b.s.b.s.w.f.LazyInitRegistration     : lazy initialized org.camunda.bpm.spring.boot.starter.webapp.filter.LazySecurityFilter@26da1ba2
[           main] com.zaxxer.hikari.HikariDataSource       : HikariPool-2 - Starting...
[           main] com.zaxxer.hikari.pool.HikariPool        : HikariPool-2 - Added connection com.mysql.cj.jdbc.ConnectionImpl@7ec5d3e1
[           main] com.zaxxer.hikari.HikariDataSource       : HikariPool-2 - Start completed.
[           main] o.s.b.a.e.web.EndpointLinksResolver      : Exposing 13 endpoint(s) beneath base path '/actuator'
[           main] o.s.b.w.embedded.tomcat.TomcatWebServer  : Tomcat started on port 8091 (http) with context path ''
[           main] org.camunda.bpm.container                : ENGINE-08026 No processes.xml file found in process application 'saga2Application'
[           main] org.camunda.bpm.container                : ENGINE-08050 Process application saga2Application successfully deployed
[           main] zxf.camunda.saga.Saga2Application        : Started Saga2Application in 3.663 seconds (process running for 3.897)
[           main] org.camunda.bpm.engine.jobexecutor       : ENGINE-14014 Starting up the JobExecutor[org.camunda.bpm.engine.spring.components.jobexecutor.SpringJobExecutor].
[ingJobExecutor]] org.camunda.bpm.engine.jobexecutor       : ENGINE-14018 JobExecutor[org.camunda.bpm.engine.spring.components.jobexecutor.SpringJobExecutor] starting to acquire jobs
[ingJobExecutor]] org.camunda.bpm.engine.cmd               : ENGINE-13005 Starting command -------------------- AcquireJobsCmd ----------------------
[ingJobExecutor]] org.camunda.bpm.engine.cmd               : ENGINE-13009 opening new command context
[ingJobExecutor]] o.c.b.e.i.p.e.J.selectNextJobsToExecute  : ==>  Preparing: select RES.ID_, RES.REV_, RES.DUEDATE_, RES.PROCESS_INSTANCE_ID_, RES.EXCLUSIVE_ from ACT_RU_JOB RES where (RES.RETRIES_ > 0) and ( RES.DUEDATE_ is null or RES.DUEDATE_ <= ? ) and (RES.LOCK_OWNER_ is null or RES.LOCK_EXP_TIME_ < ?) and RES.SUSPENSION_STATE_ = 1 and (RES.DEPLOYMENT_ID_ is null or ( RES.DEPLOYMENT_ID_ IN ( ? , ? ) ) ) and ( ( RES.EXCLUSIVE_ = 1 and not exists( select J2.ID_ from ACT_RU_JOB J2 where J2.PROCESS_INSTANCE_ID_ = RES.PROCESS_INSTANCE_ID_ and (J2.EXCLUSIVE_ = 1) -- also exclusive and (J2.LOCK_OWNER_ is not null and J2.LOCK_EXP_TIME_ >= ?) -- in progress ) ) or RES.EXCLUSIVE_ = 0 ) LIMIT ? OFFSET ?
[ingJobExecutor]] o.c.b.e.i.p.e.J.selectNextJobsToExecute  : ==> Parameters: 2024-09-07 18:40:30.888(Timestamp), 2024-09-07 18:40:30.888(Timestamp), fd932130-6d6f-11ef-a3ec-6ec87f42c359(String), fda4fb8b-6d6f-11ef-a3ec-6ec87f42c359(String), 2024-09-07 18:40:30.888(Timestamp), 3(Integer), 0(Integer)
[ingJobExecutor]] o.c.b.e.i.p.e.J.selectNextJobsToExecute  : <==      Total: 0
[ingJobExecutor]] org.camunda.bpm.engine.cmd               : ENGINE-13011 closing existing command context
[ingJobExecutor]] org.camunda.bpm.engine.persistence       : ENGINE-03006 Cache state after flush: [

[ingJobExecutor]] org.camunda.bpm.engine.cmd               : ENGINE-13006 Finishing command -------------------- AcquireJobsCmd ----------------------
[ingJobExecutor]] org.camunda.bpm.engine.jobexecutor       : ENGINE-14022 Acquired 0 jobs for process engine 'default': []
[ingJobExecutor]] org.camunda.bpm.engine.jobexecutor       : ENGINE-14011 Job acquisition thread sleeping for 4990 millis
[ingJobExecutor]] org.camunda.bpm.engine.jobexecutor       : ENGINE-14012 Job acquisition thread woke up
[ingJobExecutor]] org.camunda.bpm.engine.cmd               : ENGINE-13005 Starting command -------------------- AcquireJobsCmd ----------------------
[ingJobExecutor]] org.camunda.bpm.engine.cmd               : ENGINE-13009 opening new command context
[ingJobExecutor]] o.c.b.e.i.p.e.J.selectNextJobsToExecute  : ==>  Preparing: select RES.ID_, RES.REV_, RES.DUEDATE_, RES.PROCESS_INSTANCE_ID_, RES.EXCLUSIVE_ from ACT_RU_JOB RES where (RES.RETRIES_ > 0) and ( RES.DUEDATE_ is null or RES.DUEDATE_ <= ? ) and (RES.LOCK_OWNER_ is null or RES.LOCK_EXP_TIME_ < ?) and RES.SUSPENSION_STATE_ = 1 and (RES.DEPLOYMENT_ID_ is null or ( RES.DEPLOYMENT_ID_ IN ( ? , ? ) ) ) and ( ( RES.EXCLUSIVE_ = 1 and not exists( select J2.ID_ from ACT_RU_JOB J2 where J2.PROCESS_INSTANCE_ID_ = RES.PROCESS_INSTANCE_ID_ and (J2.EXCLUSIVE_ = 1) -- also exclusive and (J2.LOCK_OWNER_ is not null and J2.LOCK_EXP_TIME_ >= ?) -- in progress ) ) or RES.EXCLUSIVE_ = 0 ) LIMIT ? OFFSET ?
[ingJobExecutor]] o.c.b.e.i.p.e.J.selectNextJobsToExecute  : ==> Parameters: 2024-09-07 18:40:35.891(Timestamp), 2024-09-07 18:40:35.891(Timestamp), fd932130-6d6f-11ef-a3ec-6ec87f42c359(String), fda4fb8b-6d6f-11ef-a3ec-6ec87f42c359(String), 2024-09-07 18:40:35.891(Timestamp), 3(Integer), 0(Integer)
[ingJobExecutor]] o.c.b.e.i.p.e.J.selectNextJobsToExecute  : <==      Total: 0
[ingJobExecutor]] org.camunda.bpm.engine.cmd               : ENGINE-13011 closing existing command context
[ingJobExecutor]] org.camunda.bpm.engine.persistence       : ENGINE-03006 Cache state after flush: [

[ingJobExecutor]] org.camunda.bpm.engine.cmd               : ENGINE-13006 Finishing command -------------------- AcquireJobsCmd ----------------------
[ingJobExecutor]] org.camunda.bpm.engine.jobexecutor       : ENGINE-14022 Acquired 0 jobs for process engine 'default': []
[ingJobExecutor]] org.camunda.bpm.engine.jobexecutor       : ENGINE-14011 Job acquisition thread sleeping for 9989 millis
[ingJobExecutor]] org.camunda.bpm.engine.jobexecutor       : ENGINE-14012 Job acquisition thread woke up
[ingJobExecutor]] org.camunda.bpm.engine.cmd               : ENGINE-13005 Starting command -------------------- AcquireJobsCmd ----------------------
[ingJobExecutor]] org.camunda.bpm.engine.cmd               : ENGINE-13009 opening new command context
[ingJobExecutor]] o.c.b.e.i.p.e.J.selectNextJobsToExecute  : ==>  Preparing: select RES.ID_, RES.REV_, RES.DUEDATE_, RES.PROCESS_INSTANCE_ID_, RES.EXCLUSIVE_ from ACT_RU_JOB RES where (RES.RETRIES_ > 0) and ( RES.DUEDATE_ is null or RES.DUEDATE_ <= ? ) and (RES.LOCK_OWNER_ is null or RES.LOCK_EXP_TIME_ < ?) and RES.SUSPENSION_STATE_ = 1 and (RES.DEPLOYMENT_ID_ is null or ( RES.DEPLOYMENT_ID_ IN ( ? , ? ) ) ) and ( ( RES.EXCLUSIVE_ = 1 and not exists( select J2.ID_ from ACT_RU_JOB J2 where J2.PROCESS_INSTANCE_ID_ = RES.PROCESS_INSTANCE_ID_ and (J2.EXCLUSIVE_ = 1) -- also exclusive and (J2.LOCK_OWNER_ is not null and J2.LOCK_EXP_TIME_ >= ?) -- in progress ) ) or RES.EXCLUSIVE_ = 0 ) LIMIT ? OFFSET ?
[ingJobExecutor]] o.c.b.e.i.p.e.J.selectNextJobsToExecute  : ==> Parameters: 2024-09-07 18:40:45.893(Timestamp), 2024-09-07 18:40:45.893(Timestamp), fd932130-6d6f-11ef-a3ec-6ec87f42c359(String), fda4fb8b-6d6f-11ef-a3ec-6ec87f42c359(String), 2024-09-07 18:40:45.893(Timestamp), 3(Integer), 0(Integer)
[ingJobExecutor]] o.c.b.e.i.p.e.J.selectNextJobsToExecute  : <==      Total: 0
[ingJobExecutor]] org.camunda.bpm.engine.cmd               : ENGINE-13011 closing existing command context
[ingJobExecutor]] org.camunda.bpm.engine.persistence       : ENGINE-03006 Cache state after flush: [

[ingJobExecutor]] org.camunda.bpm.engine.cmd               : ENGINE-13006 Finishing command -------------------- AcquireJobsCmd ----------------------
[ingJobExecutor]] org.camunda.bpm.engine.jobexecutor       : ENGINE-14022 Acquired 0 jobs for process engine 'default': []
[ingJobExecutor]] org.camunda.bpm.engine.jobexecutor       : ENGINE-14011 Job acquisition thread sleeping for 19988 millis
[ionShutdownHook] org.camunda.bpm.container                : ENGINE-08051 Process application saga2Application undeployed
[ionShutdownHook] org.camunda.bpm.engine.cmd               : ENGINE-13005 Starting command -------------------- MetricsCollectionTask$MetricsCollectionCmd ----------------------
[ionShutdownHook] org.camunda.bpm.engine.cmd               : ENGINE-13009 opening new command context
[ionShutdownHook] org.camunda.bpm.engine.cmd               : ENGINE-13011 closing existing command context
[ionShutdownHook] org.camunda.bpm.engine.persistence       : ENGINE-03006 Cache state after flush: [
  PERSISTENT MeterLogEntity[a6699000-6d72-11ef-96ab-6ec87f42c359]
  PERSISTENT MeterLogEntity[a6699001-6d72-11ef-96ab-6ec87f42c359]
  PERSISTENT MeterLogEntity[a6698ffe-6d72-11ef-96ab-6ec87f42c359]
  PERSISTENT MeterLogEntity[a6698ff9-6d72-11ef-96ab-6ec87f42c359]
  PERSISTENT MeterLogEntity[a6698fff-6d72-11ef-96ab-6ec87f42c359]
  PERSISTENT MeterLogEntity[a6698ffc-6d72-11ef-96ab-6ec87f42c359]
  PERSISTENT MeterLogEntity[a6698ffd-6d72-11ef-96ab-6ec87f42c359]
  PERSISTENT MeterLogEntity[a6698ffb-6d72-11ef-96ab-6ec87f42c359]
  PERSISTENT MeterLogEntity[a6699002-6d72-11ef-96ab-6ec87f42c359]
  PERSISTENT MeterLogEntity[a6698ffa-6d72-11ef-96ab-6ec87f42c359]
  PERSISTENT MeterLogEntity[a6699003-6d72-11ef-96ab-6ec87f42c359]
  PERSISTENT MeterLogEntity[a6699004-6d72-11ef-96ab-6ec87f42c359]
]
[ionShutdownHook] org.camunda.bpm.engine.persistence       : ENGINE-03008 Flush Summary: [
  INSERT MeterLogEntity[a6698ff9-6d72-11ef-96ab-6ec87f42c359]
  INSERT MeterLogEntity[a6698ffa-6d72-11ef-96ab-6ec87f42c359]
  INSERT MeterLogEntity[a6698ffb-6d72-11ef-96ab-6ec87f42c359]
  INSERT MeterLogEntity[a6698ffc-6d72-11ef-96ab-6ec87f42c359]
  INSERT MeterLogEntity[a6698ffd-6d72-11ef-96ab-6ec87f42c359]
  INSERT MeterLogEntity[a6698ffe-6d72-11ef-96ab-6ec87f42c359]
  INSERT MeterLogEntity[a6698fff-6d72-11ef-96ab-6ec87f42c359]
  INSERT MeterLogEntity[a6699000-6d72-11ef-96ab-6ec87f42c359]
  INSERT MeterLogEntity[a6699001-6d72-11ef-96ab-6ec87f42c359]
  INSERT MeterLogEntity[a6699002-6d72-11ef-96ab-6ec87f42c359]
  INSERT MeterLogEntity[a6699003-6d72-11ef-96ab-6ec87f42c359]
  INSERT MeterLogEntity[a6699004-6d72-11ef-96ab-6ec87f42c359]
]
[ionShutdownHook] org.camunda.bpm.engine.persistence       : ENGINE-03009 SQL operation: 'INSERT'; Entity: 'MeterLogEntity[id=a6698ff9-6d72-11ef-96ab-6ec87f42c359]'
[ionShutdownHook] o.c.b.e.i.p.e.M.insertMeterLog           : ==>  Preparing: insert into ACT_RU_METER_LOG (ID_, NAME_, REPORTER_, VALUE_, TIMESTAMP_, MILLISECONDS_) values ( ?, ?, ?, ?, ?, ? )
[ionShutdownHook] o.c.b.e.i.p.e.M.insertMeterLog           : ==> Parameters: a6698ff9-6d72-11ef-96ab-6ec87f42c359(String), root-process-instance-start(String), 127.0.1.1$default(String), 0(Long), 2024-09-07 18:41:05.738(Timestamp), 1725752465738(Long)
[ionShutdownHook] o.c.b.e.i.p.e.M.insertMeterLog           : <==    Updates: 1
[ionShutdownHook] org.camunda.bpm.engine.persistence       : ENGINE-03009 SQL operation: 'INSERT'; Entity: 'MeterLogEntity[id=a6698ffa-6d72-11ef-96ab-6ec87f42c359]'
[ionShutdownHook] o.c.b.e.i.p.e.M.insertMeterLog           : ==>  Preparing: insert into ACT_RU_METER_LOG (ID_, NAME_, REPORTER_, VALUE_, TIMESTAMP_, MILLISECONDS_) values ( ?, ?, ?, ?, ?, ? )
[ionShutdownHook] o.c.b.e.i.p.e.M.insertMeterLog           : ==> Parameters: a6698ffa-6d72-11ef-96ab-6ec87f42c359(String), activity-instance-start(String), 127.0.1.1$default(String), 0(Long), 2024-09-07 18:41:05.738(Timestamp), 1725752465738(Long)
[ionShutdownHook] o.c.b.e.i.p.e.M.insertMeterLog           : <==    Updates: 1
[ionShutdownHook] org.camunda.bpm.engine.persistence       : ENGINE-03009 SQL operation: 'INSERT'; Entity: 'MeterLogEntity[id=a6698ffb-6d72-11ef-96ab-6ec87f42c359]'
[ionShutdownHook] o.c.b.e.i.p.e.M.insertMeterLog           : ==>  Preparing: insert into ACT_RU_METER_LOG (ID_, NAME_, REPORTER_, VALUE_, TIMESTAMP_, MILLISECONDS_) values ( ?, ?, ?, ?, ?, ? )
[ionShutdownHook] o.c.b.e.i.p.e.M.insertMeterLog           : ==> Parameters: a6698ffb-6d72-11ef-96ab-6ec87f42c359(String), job-acquired-failure(String), 127.0.1.1$default(String), 0(Long), 2024-09-07 18:41:05.738(Timestamp), 1725752465738(Long)
[ionShutdownHook] o.c.b.e.i.p.e.M.insertMeterLog           : <==    Updates: 1
[ionShutdownHook] org.camunda.bpm.engine.persistence       : ENGINE-03009 SQL operation: 'INSERT'; Entity: 'MeterLogEntity[id=a6698ffc-6d72-11ef-96ab-6ec87f42c359]'
[ionShutdownHook] o.c.b.e.i.p.e.M.insertMeterLog           : ==>  Preparing: insert into ACT_RU_METER_LOG (ID_, NAME_, REPORTER_, VALUE_, TIMESTAMP_, MILLISECONDS_) values ( ?, ?, ?, ?, ?, ? )
[ionShutdownHook] o.c.b.e.i.p.e.M.insertMeterLog           : ==> Parameters: a6698ffc-6d72-11ef-96ab-6ec87f42c359(String), job-locked-exclusive(String), 127.0.1.1$default(String), 0(Long), 2024-09-07 18:41:05.738(Timestamp), 1725752465738(Long)
[ionShutdownHook] o.c.b.e.i.p.e.M.insertMeterLog           : <==    Updates: 1
[ionShutdownHook] org.camunda.bpm.engine.persistence       : ENGINE-03009 SQL operation: 'INSERT'; Entity: 'MeterLogEntity[id=a6698ffd-6d72-11ef-96ab-6ec87f42c359]'
[ionShutdownHook] o.c.b.e.i.p.e.M.insertMeterLog           : ==>  Preparing: insert into ACT_RU_METER_LOG (ID_, NAME_, REPORTER_, VALUE_, TIMESTAMP_, MILLISECONDS_) values ( ?, ?, ?, ?, ?, ? )
[ionShutdownHook] o.c.b.e.i.p.e.M.insertMeterLog           : ==> Parameters: a6698ffd-6d72-11ef-96ab-6ec87f42c359(String), job-execution-rejected(String), 127.0.1.1$default(String), 0(Long), 2024-09-07 18:41:05.738(Timestamp), 1725752465738(Long)
[ionShutdownHook] o.c.b.e.i.p.e.M.insertMeterLog           : <==    Updates: 1
[ionShutdownHook] org.camunda.bpm.engine.persistence       : ENGINE-03009 SQL operation: 'INSERT'; Entity: 'MeterLogEntity[id=a6698ffe-6d72-11ef-96ab-6ec87f42c359]'
[ionShutdownHook] o.c.b.e.i.p.e.M.insertMeterLog           : ==>  Preparing: insert into ACT_RU_METER_LOG (ID_, NAME_, REPORTER_, VALUE_, TIMESTAMP_, MILLISECONDS_) values ( ?, ?, ?, ?, ?, ? )
[ionShutdownHook] o.c.b.e.i.p.e.M.insertMeterLog           : ==> Parameters: a6698ffe-6d72-11ef-96ab-6ec87f42c359(String), executed-decision-elements(String), 127.0.1.1$default(String), 0(Long), 2024-09-07 18:41:05.738(Timestamp), 1725752465738(Long)
[ionShutdownHook] o.c.b.e.i.p.e.M.insertMeterLog           : <==    Updates: 1
[ionShutdownHook] org.camunda.bpm.engine.persistence       : ENGINE-03009 SQL operation: 'INSERT'; Entity: 'MeterLogEntity[id=a6698fff-6d72-11ef-96ab-6ec87f42c359]'
[ionShutdownHook] o.c.b.e.i.p.e.M.insertMeterLog           : ==>  Preparing: insert into ACT_RU_METER_LOG (ID_, NAME_, REPORTER_, VALUE_, TIMESTAMP_, MILLISECONDS_) values ( ?, ?, ?, ?, ?, ? )
[ionShutdownHook] o.c.b.e.i.p.e.M.insertMeterLog           : ==> Parameters: a6698fff-6d72-11ef-96ab-6ec87f42c359(String), activity-instance-end(String), 127.0.1.1$default(String), 0(Long), 2024-09-07 18:41:05.738(Timestamp), 1725752465738(Long)
[ionShutdownHook] o.c.b.e.i.p.e.M.insertMeterLog           : <==    Updates: 1
[ionShutdownHook] org.camunda.bpm.engine.persistence       : ENGINE-03009 SQL operation: 'INSERT'; Entity: 'MeterLogEntity[id=a6699000-6d72-11ef-96ab-6ec87f42c359]'
[ionShutdownHook] o.c.b.e.i.p.e.M.insertMeterLog           : ==>  Preparing: insert into ACT_RU_METER_LOG (ID_, NAME_, REPORTER_, VALUE_, TIMESTAMP_, MILLISECONDS_) values ( ?, ?, ?, ?, ?, ? )
[ionShutdownHook] o.c.b.e.i.p.e.M.insertMeterLog           : ==> Parameters: a6699000-6d72-11ef-96ab-6ec87f42c359(String), job-successful(String), 127.0.1.1$default(String), 0(Long), 2024-09-07 18:41:05.738(Timestamp), 1725752465738(Long)
[ionShutdownHook] o.c.b.e.i.p.e.M.insertMeterLog           : <==    Updates: 1
[ionShutdownHook] org.camunda.bpm.engine.persistence       : ENGINE-03009 SQL operation: 'INSERT'; Entity: 'MeterLogEntity[id=a6699001-6d72-11ef-96ab-6ec87f42c359]'
[ionShutdownHook] o.c.b.e.i.p.e.M.insertMeterLog           : ==>  Preparing: insert into ACT_RU_METER_LOG (ID_, NAME_, REPORTER_, VALUE_, TIMESTAMP_, MILLISECONDS_) values ( ?, ?, ?, ?, ?, ? )
[ionShutdownHook] o.c.b.e.i.p.e.M.insertMeterLog           : ==> Parameters: a6699001-6d72-11ef-96ab-6ec87f42c359(String), job-acquired-success(String), 127.0.1.1$default(String), 0(Long), 2024-09-07 18:41:05.738(Timestamp), 1725752465738(Long)
[ionShutdownHook] o.c.b.e.i.p.e.M.insertMeterLog           : <==    Updates: 1
[ionShutdownHook] org.camunda.bpm.engine.persistence       : ENGINE-03009 SQL operation: 'INSERT'; Entity: 'MeterLogEntity[id=a6699002-6d72-11ef-96ab-6ec87f42c359]'
[ionShutdownHook] o.c.b.e.i.p.e.M.insertMeterLog           : ==>  Preparing: insert into ACT_RU_METER_LOG (ID_, NAME_, REPORTER_, VALUE_, TIMESTAMP_, MILLISECONDS_) values ( ?, ?, ?, ?, ?, ? )
[ionShutdownHook] o.c.b.e.i.p.e.M.insertMeterLog           : ==> Parameters: a6699002-6d72-11ef-96ab-6ec87f42c359(String), job-acquisition-attempt(String), 127.0.1.1$default(String), 3(Long), 2024-09-07 18:41:05.738(Timestamp), 1725752465738(Long)
[ionShutdownHook] o.c.b.e.i.p.e.M.insertMeterLog           : <==    Updates: 1
[ionShutdownHook] org.camunda.bpm.engine.persistence       : ENGINE-03009 SQL operation: 'INSERT'; Entity: 'MeterLogEntity[id=a6699003-6d72-11ef-96ab-6ec87f42c359]'
[ionShutdownHook] o.c.b.e.i.p.e.M.insertMeterLog           : ==>  Preparing: insert into ACT_RU_METER_LOG (ID_, NAME_, REPORTER_, VALUE_, TIMESTAMP_, MILLISECONDS_) values ( ?, ?, ?, ?, ?, ? )
[ionShutdownHook] o.c.b.e.i.p.e.M.insertMeterLog           : ==> Parameters: a6699003-6d72-11ef-96ab-6ec87f42c359(String), executed-decision-instances(String), 127.0.1.1$default(String), 0(Long), 2024-09-07 18:41:05.738(Timestamp), 1725752465738(Long)
[ionShutdownHook] o.c.b.e.i.p.e.M.insertMeterLog           : <==    Updates: 1
[ionShutdownHook] org.camunda.bpm.engine.persistence       : ENGINE-03009 SQL operation: 'INSERT'; Entity: 'MeterLogEntity[id=a6699004-6d72-11ef-96ab-6ec87f42c359]'
[ionShutdownHook] o.c.b.e.i.p.e.M.insertMeterLog           : ==>  Preparing: insert into ACT_RU_METER_LOG (ID_, NAME_, REPORTER_, VALUE_, TIMESTAMP_, MILLISECONDS_) values ( ?, ?, ?, ?, ?, ? )
[ionShutdownHook] o.c.b.e.i.p.e.M.insertMeterLog           : ==> Parameters: a6699004-6d72-11ef-96ab-6ec87f42c359(String), job-failed(String), 127.0.1.1$default(String), 0(Long), 2024-09-07 18:41:05.738(Timestamp), 1725752465738(Long)
[ionShutdownHook] o.c.b.e.i.p.e.M.insertMeterLog           : <==    Updates: 1
[ionShutdownHook] org.camunda.bpm.engine.cmd               : ENGINE-13006 Finishing command -------------------- MetricsCollectionTask$MetricsCollectionCmd ----------------------
[ionShutdownHook] org.camunda.bpm.engine.telemetry         : ENGINE-28001 Start telemetry sending task.
[ionShutdownHook] org.camunda.bpm.engine.cmd               : ENGINE-13005 Starting command -------------------- IsTelemetryEnabledCmd ----------------------
[ionShutdownHook] org.camunda.bpm.engine.cmd               : ENGINE-13009 opening new command context
[ionShutdownHook] o.c.b.e.i.p.e.P.selectProperty           : ==>  Preparing: select * from ACT_GE_PROPERTY where NAME_ = ?
[ionShutdownHook] o.c.b.e.i.p.e.P.selectProperty           : ==> Parameters: camunda.telemetry.enabled(String)
[ionShutdownHook] o.c.b.e.i.p.e.P.selectProperty           : <==    Columns: NAME_, VALUE_, REV_
[ionShutdownHook] o.c.b.e.i.p.e.P.selectProperty           : <==        Row: camunda.telemetry.enabled, false, 1
[ionShutdownHook] o.c.b.e.i.p.e.P.selectProperty           : <==      Total: 1
[ionShutdownHook] org.camunda.bpm.engine.cmd               : ENGINE-13011 closing existing command context
[ionShutdownHook] org.camunda.bpm.engine.persistence       : ENGINE-03006 Cache state after flush: [
  PERSISTENT PropertyEntity[camunda.telemetry.enabled]
]
[ionShutdownHook] org.camunda.bpm.engine.cmd               : ENGINE-13006 Finishing command -------------------- IsTelemetryEnabledCmd ----------------------
[ionShutdownHook] org.camunda.bpm.engine.telemetry         : ENGINE-28009 Sending telemetry is disabled.
[ionShutdownHook] org.camunda.bpm.engine.jobexecutor       : ENGINE-14015 Shutting down the JobExecutor[org.camunda.bpm.engine.spring.components.jobexecutor.SpringJobExecutor]
[ingJobExecutor]] org.camunda.bpm.engine.jobexecutor       : ENGINE-14012 Job acquisition thread woke up
[ingJobExecutor]] org.camunda.bpm.engine.jobexecutor       : ENGINE-14020 JobExecutor[org.camunda.bpm.engine.spring.components.jobexecutor.SpringJobExecutor] stopped job acquisition
[ionShutdownHook] org.camunda.bpm.engine.cmd               : ENGINE-13005 Starting command -------------------- SchemaOperationProcessEngineClose ----------------------
[ionShutdownHook] org.camunda.bpm.engine.cmd               : ENGINE-13009 opening new command context
[ionShutdownHook] org.camunda.bpm.engine.cmd               : ENGINE-13011 closing existing command context
[ionShutdownHook] org.camunda.bpm.engine.cmd               : ENGINE-13006 Finishing command -------------------- SchemaOperationProcessEngineClose ----------------------
[ionShutdownHook] org.camunda.bpm.engine                   : ENGINE-00007 Process Engine default closed
[ionShutdownHook] com.zaxxer.hikari.HikariDataSource       : HikariPool-1 - Shutdown initiated...
[ionShutdownHook] com.zaxxer.hikari.HikariDataSource       : HikariPool-1 - Shutdown completed.
[ionShutdownHook] com.zaxxer.hikari.HikariDataSource       : HikariPool-2 - Shutdown initiated...
[ionShutdownHook] com.zaxxer.hikari.HikariDataSource       : HikariPool-2 - Shutdown completed.
