/usr/lib/jvm/java-22-openjdk-amd64/bin/java -javaagent:/home/davis/Apps/idea-2023.3.6/lib/idea_rt.jar=35675:/home/davis/Apps/idea-2023.3.6/bin -Dfile.encoding=UTF-8 -Dsun.stdout.encoding=UTF-8 -Dsun.stderr.encoding=UTF-8 -classpath /home/davis/Work/zxf-springboot-camunda/zxf-springboot-camunda-saga-app-3/target/classes:/home/davis/.m2/repository/org/springframework/boot/spring-boot-starter-web/3.2.4/spring-boot-starter-web-3.2.4.jar:/home/davis/.m2/repository/org/springframework/boot/spring-boot-starter/3.2.4/spring-boot-starter-3.2.4.jar:/home/davis/.m2/repository/org/springframework/boot/spring-boot/3.2.4/spring-boot-3.2.4.jar:/home/davis/.m2/repository/org/springframework/boot/spring-boot-autoconfigure/3.2.4/spring-boot-autoconfigure-3.2.4.jar:/home/davis/.m2/repository/org/springframework/boot/spring-boot-starter-logging/3.2.4/spring-boot-starter-logging-3.2.4.jar:/home/davis/.m2/repository/ch/qos/logback/logback-classic/1.4.14/logback-classic-1.4.14.jar:/home/davis/.m2/repository/ch/qos/logback/logback-core/1.4.14/logback-core-1.4.14.jar:/home/davis/.m2/repository/org/apache/logging/log4j/log4j-to-slf4j/2.21.1/log4j-to-slf4j-2.21.1.jar:/home/davis/.m2/repository/org/apache/logging/log4j/log4j-api/2.21.1/log4j-api-2.21.1.jar:/home/davis/.m2/repository/org/slf4j/jul-to-slf4j/2.0.12/jul-to-slf4j-2.0.12.jar:/home/davis/.m2/repository/jakarta/annotation/jakarta.annotation-api/2.1.1/jakarta.annotation-api-2.1.1.jar:/home/davis/.m2/repository/org/springframework/spring-core/6.1.5/spring-core-6.1.5.jar:/home/davis/.m2/repository/org/springframework/spring-jcl/6.1.5/spring-jcl-6.1.5.jar:/home/davis/.m2/repository/org/yaml/snakeyaml/2.2/snakeyaml-2.2.jar:/home/davis/.m2/repository/org/springframework/boot/spring-boot-starter-json/3.2.4/spring-boot-starter-json-3.2.4.jar:/home/davis/.m2/repository/com/fasterxml/jackson/core/jackson-databind/2.15.4/jackson-databind-2.15.4.jar:/home/davis/.m2/repository/com/fasterxml/jackson/core/jackson-annotations/2.15.4/jackson-annotations-2.15.4.jar:/home/davis/.m2/repository/com/fasterxml/jackson/datatype/jackson-datatype-jdk8/2.15.4/jackson-datatype-jdk8-2.15.4.jar:/home/davis/.m2/repository/com/fasterxml/jackson/datatype/jackson-datatype-jsr310/2.15.4/jackson-datatype-jsr310-2.15.4.jar:/home/davis/.m2/repository/com/fasterxml/jackson/module/jackson-module-parameter-names/2.15.4/jackson-module-parameter-names-2.15.4.jar:/home/davis/.m2/repository/org/springframework/boot/spring-boot-starter-tomcat/3.2.4/spring-boot-starter-tomcat-3.2.4.jar:/home/davis/.m2/repository/org/apache/tomcat/embed/tomcat-embed-core/10.1.19/tomcat-embed-core-10.1.19.jar:/home/davis/.m2/repository/org/apache/tomcat/embed/tomcat-embed-el/10.1.19/tomcat-embed-el-10.1.19.jar:/home/davis/.m2/repository/org/apache/tomcat/embed/tomcat-embed-websocket/10.1.19/tomcat-embed-websocket-10.1.19.jar:/home/davis/.m2/repository/org/springframework/spring-web/6.1.5/spring-web-6.1.5.jar:/home/davis/.m2/repository/org/springframework/spring-beans/6.1.5/spring-beans-6.1.5.jar:/home/davis/.m2/repository/org/springframework/spring-webmvc/6.1.5/spring-webmvc-6.1.5.jar:/home/davis/.m2/repository/org/springframework/spring-aop/6.1.5/spring-aop-6.1.5.jar:/home/davis/.m2/repository/org/springframework/spring-context/6.1.5/spring-context-6.1.5.jar:/home/davis/.m2/repository/org/springframework/spring-expression/6.1.5/spring-expression-6.1.5.jar:/home/davis/.m2/repository/org/springframework/boot/spring-boot-starter-data-jdbc/3.2.4/spring-boot-starter-data-jdbc-3.2.4.jar:/home/davis/.m2/repository/org/springframework/boot/spring-boot-starter-jdbc/3.2.4/spring-boot-starter-jdbc-3.2.4.jar:/home/davis/.m2/repository/com/zaxxer/HikariCP/5.0.1/HikariCP-5.0.1.jar:/home/davis/.m2/repository/org/springframework/spring-jdbc/6.1.5/spring-jdbc-6.1.5.jar:/home/davis/.m2/repository/org/springframework/data/spring-data-jdbc/3.2.4/spring-data-jdbc-3.2.4.jar:/home/davis/.m2/repository/org/springframework/data/spring-data-relational/3.2.4/spring-data-relational-3.2.4.jar:/home/davis/.m2/repository/com/github/jsqlparser/jsqlparser/4.6/jsqlparser-4.6.jar:/home/davis/.m2/repository/org/springframework/data/spring-data-commons/3.2.4/spring-data-commons-3.2.4.jar:/home/davis/.m2/repository/org/springframework/spring-tx/6.1.5/spring-tx-6.1.5.jar:/home/davis/.m2/repository/org/slf4j/slf4j-api/2.0.12/slf4j-api-2.0.12.jar:/home/davis/.m2/repository/org/springframework/boot/spring-boot-starter-actuator/3.2.4/spring-boot-starter-actuator-3.2.4.jar:/home/davis/.m2/repository/org/springframework/boot/spring-boot-actuator-autoconfigure/3.2.4/spring-boot-actuator-autoconfigure-3.2.4.jar:/home/davis/.m2/repository/org/springframework/boot/spring-boot-actuator/3.2.4/spring-boot-actuator-3.2.4.jar:/home/davis/.m2/repository/io/micrometer/micrometer-observation/1.12.4/micrometer-observation-1.12.4.jar:/home/davis/.m2/repository/io/micrometer/micrometer-commons/1.12.4/micrometer-commons-1.12.4.jar:/home/davis/.m2/repository/io/micrometer/micrometer-jakarta9/1.12.4/micrometer-jakarta9-1.12.4.jar:/home/davis/.m2/repository/io/micrometer/micrometer-core/1.12.4/micrometer-core-1.12.4.jar:/home/davis/.m2/repository/org/hdrhistogram/HdrHistogram/2.1.12/HdrHistogram-2.1.12.jar:/home/davis/.m2/repository/org/latencyutils/LatencyUtils/2.0.3/LatencyUtils-2.0.3.jar:/home/davis/.m2/repository/org/camunda/bpm/springboot/camunda-bpm-spring-boot-starter-webapp/7.21.0/camunda-bpm-spring-boot-starter-webapp-7.21.0.jar:/home/davis/.m2/repository/org/camunda/bpm/springboot/camunda-bpm-spring-boot-starter-webapp-core/7.21.0/camunda-bpm-spring-boot-starter-webapp-core-7.21.0.jar:/home/davis/.m2/repository/org/camunda/bpm/webapp/camunda-webapp-jakarta/7.21.0/camunda-webapp-jakarta-7.21.0-classes.jar:/home/davis/.m2/repository/org/camunda/commons/camunda-commons-logging/1.13.0/camunda-commons-logging-1.13.0.jar:/home/davis/.m2/repository/org/camunda/bpm/webapp/camunda-webapp-webjar/7.21.0/camunda-webapp-webjar-7.21.0.jar:/home/davis/.m2/repository/org/camunda/bpm/springboot/camunda-bpm-spring-boot-starter-rest/7.21.0/camunda-bpm-spring-boot-starter-rest-7.21.0.jar:/home/davis/.m2/repository/org/camunda/bpm/springboot/camunda-bpm-spring-boot-starter/7.21.0/camunda-bpm-spring-boot-starter-7.21.0.jar:/home/davis/.m2/repository/org/camunda/bpm/camunda-engine-spring-6/7.21.0/camunda-engine-spring-6-7.21.0.jar:/home/davis/.m2/repository/org/camunda/bpm/camunda-engine/7.21.0/camunda-engine-7.21.0.jar:/home/davis/.m2/repository/org/camunda/bpm/model/camunda-bpmn-model/7.21.0/camunda-bpmn-model-7.21.0.jar:/home/davis/.m2/repository/org/camunda/bpm/model/camunda-xml-model/7.21.0/camunda-xml-model-7.21.0.jar:/home/davis/.m2/repository/org/camunda/bpm/model/camunda-cmmn-model/7.21.0/camunda-cmmn-model-7.21.0.jar:/home/davis/.m2/repository/org/camunda/bpm/juel/camunda-juel/7.21.0/camunda-juel-7.21.0.jar:/home/davis/.m2/repository/org/camunda/bpm/dmn/camunda-engine-dmn/7.21.0/camunda-engine-dmn-7.21.0.jar:/home/davis/.m2/repository/org/camunda/commons/camunda-commons-utils/1.13.0/camunda-commons-utils-1.13.0.jar:/home/davis/.m2/repository/org/camunda/bpm/model/camunda-dmn-model/7.21.0/camunda-dmn-model-7.21.0.jar:/home/davis/.m2/repository/org/camunda/bpm/dmn/camunda-engine-feel-api/7.21.0/camunda-engine-feel-api-7.21.0.jar:/home/davis/.m2/repository/org/camunda/bpm/dmn/camunda-engine-feel-juel/7.21.0/camunda-engine-feel-juel-7.21.0.jar:/home/davis/.m2/repository/org/camunda/bpm/dmn/camunda-engine-feel-scala/7.21.0/camunda-engine-feel-scala-7.21.0.jar:/home/davis/.m2/repository/org/camunda/feel/feel-engine/1.17.5/feel-engine-1.17.5-scala-shaded.jar:/home/davis/.m2/repository/org/camunda/commons/camunda-commons-typed-values/7.21.0/camunda-commons-typed-values-7.21.0.jar:/home/davis/.m2/repository/org/mybatis/mybatis/3.5.15/mybatis-3.5.15.jar:/home/davis/.m2/repository/joda-time/joda-time/2.12.5/joda-time-2.12.5.jar:/home/davis/.m2/repository/org/camunda/connect/camunda-connect-core/1.6.0/camunda-connect-core-1.6.0.jar:/home/davis/.m2/repository/org/camunda/connect/camunda-connect-connectors-all/1.6.0/camunda-connect-connectors-all-1.6.0.jar:/home/davis/.m2/repository/org/springframework/spring-orm/6.1.5/spring-orm-6.1.5.jar:/home/davis/.m2/repository/org/apache/commons/commons-lang3/3.13.0/commons-lang3-3.13.0.jar:/home/davis/.m2/repository/com/fasterxml/uuid/java-uuid-generator/4.3.0/java-uuid-generator-4.3.0.jar:/home/davis/.m2/repository/com/sun/xml/bind/jaxb-impl/4.0.5/jaxb-impl-4.0.5.jar:/home/davis/.m2/repository/com/sun/xml/bind/jaxb-core/4.0.5/jaxb-core-4.0.5.jar:/home/davis/.m2/repository/org/eclipse/angus/angus-activation/2.0.2/angus-activation-2.0.2.jar:/home/davis/.m2/repository/org/camunda/bpm/camunda-engine-rest-core-jakarta/7.21.0/camunda-engine-rest-core-jakarta-7.21.0.jar:/home/davis/.m2/repository/commons-fileupload/commons-fileupload/1.5/commons-fileupload-1.5.jar:/home/davis/.m2/repository/commons-io/commons-io/2.8.0/commons-io-2.8.0.jar:/home/davis/.m2/repository/com/fasterxml/jackson/jakarta/rs/jackson-jakarta-rs-json-provider/2.15.4/jackson-jakarta-rs-json-provider-2.15.4.jar:/home/davis/.m2/repository/com/fasterxml/jackson/jakarta/rs/jackson-jakarta-rs-base/2.15.4/jackson-jakarta-rs-base-2.15.4.jar:/home/davis/.m2/repository/com/fasterxml/jackson/module/jackson-module-jakarta-xmlbind-annotations/2.15.4/jackson-module-jakarta-xmlbind-annotations-2.15.4.jar:/home/davis/.m2/repository/org/springframework/boot/spring-boot-starter-jersey/3.2.4/spring-boot-starter-jersey-3.2.4.jar:/home/davis/.m2/repository/org/springframework/boot/spring-boot-starter-validation/3.2.4/spring-boot-starter-validation-3.2.4.jar:/home/davis/.m2/repository/org/hibernate/validator/hibernate-validator/8.0.1.Final/hibernate-validator-8.0.1.Final.jar:/home/davis/.m2/repository/com/fasterxml/classmate/1.6.0/classmate-1.6.0.jar:/home/davis/.m2/repository/org/glassfish/jersey/containers/jersey-container-servlet-core/3.1.5/jersey-container-servlet-core-3.1.5.jar:/home/davis/.m2/repository/jakarta/inject/jakarta.inject-api/2.0.1/jakarta.inject-api-2.0.1.jar:/home/davis/.m2/repository/org/glassfish/jersey/core/jersey-common/3.1.5/jersey-common-3.1.5.jar:/home/davis/.m2/repository/org/glassfish/hk2/osgi-resource-locator/1.0.3/osgi-resource-locator-1.0.3.jar:/home/davis/.m2/repository/jakarta/ws/rs/jakarta.ws.rs-api/3.1.0/jakarta.ws.rs-api-3.1.0.jar:/home/davis/.m2/repository/org/glassfish/jersey/containers/jersey-container-servlet/3.1.5/jersey-container-servlet-3.1.5.jar:/home/davis/.m2/repository/org/glassfish/jersey/core/jersey-server/3.1.5/jersey-server-3.1.5.jar:/home/davis/.m2/repository/org/glassfish/jersey/core/jersey-client/3.1.5/jersey-client-3.1.5.jar:/home/davis/.m2/repository/jakarta/validation/jakarta.validation-api/3.0.2/jakarta.validation-api-3.0.2.jar:/home/davis/.m2/repository/org/glassfish/jersey/ext/jersey-bean-validation/3.1.5/jersey-bean-validation-3.1.5.jar:/home/davis/.m2/repository/org/jboss/logging/jboss-logging/3.5.3.Final/jboss-logging-3.5.3.Final.jar:/home/davis/.m2/repository/org/glassfish/jersey/ext/jersey-spring6/3.1.5/jersey-spring6-3.1.5.jar:/home/davis/.m2/repository/org/glassfish/jersey/inject/jersey-hk2/3.1.5/jersey-hk2-3.1.5.jar:/home/davis/.m2/repository/org/glassfish/hk2/hk2-locator/3.0.5/hk2-locator-3.0.5.jar:/home/davis/.m2/repository/org/glassfish/hk2/external/aopalliance-repackaged/3.0.5/aopalliance-repackaged-3.0.5.jar:/home/davis/.m2/repository/org/javassist/javassist/3.29.2-GA/javassist-3.29.2-GA.jar:/home/davis/.m2/repository/org/glassfish/hk2/hk2/3.0.5/hk2-3.0.5.jar:/home/davis/.m2/repository/org/glassfish/hk2/hk2-utils/3.0.5/hk2-utils-3.0.5.jar:/home/davis/.m2/repository/org/glassfish/hk2/hk2-api/3.0.5/hk2-api-3.0.5.jar:/home/davis/.m2/repository/org/glassfish/hk2/hk2-core/3.0.5/hk2-core-3.0.5.jar:/home/davis/.m2/repository/org/glassfish/hk2/hk2-runlevel/3.0.5/hk2-runlevel-3.0.5.jar:/home/davis/.m2/repository/org/glassfish/hk2/class-model/3.0.5/class-model-3.0.5.jar:/home/davis/.m2/repository/org/ow2/asm/asm-analysis/9.6/asm-analysis-9.6.jar:/home/davis/.m2/repository/org/ow2/asm/asm-commons/9.6/asm-commons-9.6.jar:/home/davis/.m2/repository/org/ow2/asm/asm-tree/9.6/asm-tree-9.6.jar:/home/davis/.m2/repository/org/ow2/asm/asm-util/9.6/asm-util-9.6.jar:/home/davis/.m2/repository/org/glassfish/hk2/spring-bridge/3.0.5/spring-bridge-3.0.5.jar:/home/davis/.m2/repository/org/glassfish/jersey/media/jersey-media-json-jackson/3.1.5/jersey-media-json-jackson-3.1.5.jar:/home/davis/.m2/repository/org/glassfish/jersey/ext/jersey-entity-filtering/3.1.5/jersey-entity-filtering-3.1.5.jar:/home/davis/.m2/repository/jakarta/xml/bind/jakarta.xml.bind-api/4.0.2/jakarta.xml.bind-api-4.0.2.jar:/home/davis/.m2/repository/jakarta/activation/jakarta.activation-api/2.1.3/jakarta.activation-api-2.1.3.jar:/home/davis/.m2/repository/mysql/mysql-connector-java/8.0.15/mysql-connector-java-8.0.15.jar:/home/davis/.m2/repository/com/google/protobuf/protobuf-java/3.6.1/protobuf-java-3.6.1.jar:/home/davis/.m2/repository/org/flywaydb/flyway-core/10.1.0/flyway-core-10.1.0.jar:/home/davis/.m2/repository/com/fasterxml/jackson/dataformat/jackson-dataformat-toml/2.15.4/jackson-dataformat-toml-2.15.4.jar:/home/davis/.m2/repository/com/fasterxml/jackson/core/jackson-core/2.15.4/jackson-core-2.15.4.jar:/home/davis/.m2/repository/com/google/code/gson/gson/2.10.1/gson-2.10.1.jar:/home/davis/.m2/repository/org/flywaydb/flyway-mysql/10.1.0/flyway-mysql-10.1.0.jar:/home/davis/.m2/repository/javax/annotation/javax.annotation-api/1.3.2/javax.annotation-api-1.3.2.jar:/home/davis/Work/zxf-springboot-camunda/zxf-springboot-camunda-saga-common/target/classes zxf.camunda.saga.Saga3Application
Picked up _JAVA_OPTIONS: -Dawt.useSystemAAFontSettings=on -Dswing.aatext=true

 ____                                 _         ____  _       _    __
/ ___| __ _ _ __ ___  _   _ _ __   __| | __ _  |  _ \| | __ _| |_ / _| ___  _ __ _ __ ___
| |   / _` | '_ ` _ \| | | | '_ \ / _` |/ _` | | |_) | |/ _` | __| |_ / _ \| '__| '_ ` _ \
| |__| (_| | | | | | | |_| | | | | (_| | (_| | |  __/| | (_| | |_|  _| (_) | |  | | | | | |
\____/\__,_|_| |_| |_|\__,_|_| |_|\__,_|\__,_| |_|   |_|\__,_|\__|_|  \___/|_|  |_| |_| |_|

  Spring-Boot:  (v3.2.4)
  Camunda Platform: (v7.21.0)
  Camunda Platform Spring Boot Starter: (v7.21.0)

2024-09-09T08:38:22.615+08:00  INFO 22975 --- [           main] zxf.camunda.saga.Saga3Application        : Starting Saga3Application using Java 22.0.1 with PID 22975 (/home/davis/Work/zxf-springboot-camunda/zxf-springboot-camunda-saga-app-3/target/classes started by davis in /home/davis/Work/zxf-springboot-camunda)
2024-09-09T08:38:22.646+08:00  INFO 22975 --- [           main] zxf.camunda.saga.Saga3Application        : No active profile set, falling back to 1 default profile: "default"
2024-09-09T08:38:23.305+08:00  INFO 22975 --- [           main] .s.d.r.c.RepositoryConfigurationDelegate : Bootstrapping Spring Data JDBC repositories in DEFAULT mode.
2024-09-09T08:38:23.316+08:00  INFO 22975 --- [           main] .s.d.r.c.RepositoryConfigurationDelegate : Finished Spring Data repository scanning in 8 ms. Found 0 JDBC repository interfaces.
2024-09-09T08:38:23.623+08:00  INFO 22975 --- [           main] o.s.b.w.embedded.tomcat.TomcatWebServer  : Tomcat initialized with port 8092 (http)
2024-09-09T08:38:23.631+08:00  INFO 22975 --- [           main] o.apache.catalina.core.StandardService   : Starting service [Tomcat]
2024-09-09T08:38:23.631+08:00  INFO 22975 --- [           main] o.apache.catalina.core.StandardEngine    : Starting Servlet engine: [Apache Tomcat/10.1.19]
2024-09-09T08:38:23.663+08:00  INFO 22975 --- [           main] o.a.c.c.C.[Tomcat].[localhost].[/]       : Initializing Spring embedded WebApplicationContext
2024-09-09T08:38:23.663+08:00  INFO 22975 --- [           main] w.s.c.ServletWebServerApplicationContext : Root WebApplicationContext: initialization completed in 991 ms
2024-09-09T08:38:23.677+08:00  INFO 22975 --- [           main] .c.b.s.b.s.r.CamundaJerseyResourceConfig : Configuring camunda rest api.
2024-09-09T08:38:23.688+08:00  INFO 22975 --- [           main] .c.b.s.b.s.r.CamundaJerseyResourceConfig : Finished configuring camunda rest api.
2024-09-09T08:38:23.883+08:00 TRACE 22975 --- [LockHandlerImpl] o.c.b.e.r.impl.FetchAndLockHandlerImpl   : Acquire start
2024-09-09T08:38:23.884+08:00 TRACE 22975 --- [LockHandlerImpl] o.c.b.e.r.impl.FetchAndLockHandlerImpl   : Number of pending requests 0
2024-09-09T08:38:23.884+08:00 TRACE 22975 --- [LockHandlerImpl] o.c.b.e.r.impl.FetchAndLockHandlerImpl   : Suspend acquisition for 9,223,372,036,854,775,807ms
2024-09-09T08:38:23.940+08:00  INFO 22975 --- [           main] org.camunda.bpm.spring.boot              : STARTER-SB040 Setting up jobExecutor with corePoolSize=10, maxPoolSize:10
2024-09-09T08:38:23.970+08:00  INFO 22975 --- [           main] org.camunda.bpm.engine.cfg               : ENGINE-12003 Plugin 'CompositeProcessEnginePlugin[genericPropertiesConfiguration, camundaProcessEngineConfiguration, camundaDatasourceConfiguration, camundaJobConfiguration, camundaHistoryConfiguration, camundaMetricsConfiguration, camundaAuthorizationConfiguration, failedJobConfiguration, disableDeploymentResourcePattern, eventPublisherPlugin, ApplicationContextClassloaderSwitchPlugin]' activated on process engine 'default'
2024-09-09T08:38:23.971+08:00  INFO 22975 --- [           main] org.camunda.bpm.spring.boot              : STARTER-SB020 ProcessApplication enabled: autoDeployment via springConfiguration#deploymentResourcePattern is disabled
2024-09-09T08:38:23.972+08:00  INFO 22975 --- [           main] o.c.b.s.b.s.event.EventPublisherPlugin   : EVENTING-001: Initialized Camunda Spring Boot Eventing Engine Plugin.
2024-09-09T08:38:23.972+08:00  INFO 22975 --- [           main] o.c.b.s.b.s.event.EventPublisherPlugin   : EVENTING-003: Task events will be published as Spring Events.
2024-09-09T08:38:23.972+08:00  INFO 22975 --- [           main] o.c.b.s.b.s.event.EventPublisherPlugin   : EVENTING-005: Execution events will be published as Spring Events.
2024-09-09T08:38:23.972+08:00  INFO 22975 --- [           main] o.c.b.s.b.s.event.EventPublisherPlugin   : EVENTING-009: Listeners will not be invoked if a skipCustomListeners API parameter is set to true by user.
2024-09-09T08:38:23.975+08:00  INFO 22975 --- [           main] o.c.b.s.b.s.event.EventPublisherPlugin   : EVENTING-007: History events will be published as Spring events.
2024-09-09T08:38:24.079+08:00  INFO 22975 --- [           main] org.camunda.feel.FeelEngine              : Engine created. [value-mapper: CompositeValueMapper(List(org.camunda.feel.impl.JavaValueMapper@65fc8edc)), function-provider: org.camunda.bpm.dmn.feel.impl.scala.function.CustomFunctionTransformer@483b7dc4, clock: SystemClock, configuration: {externalFunctionsEnabled: false}]
Standard Commons Logging discovery in action with spring-jcl: please remove commons-logging.jar from classpath in order to avoid potential conflicts
2024-09-09T08:38:24.993+08:00  INFO 22975 --- [           main] org.camunda.bpm.connect                  : CNCT-01004 Discovered provider for connector id 'http-connector' and class 'org.camunda.connect.httpclient.impl.HttpConnectorImpl': 'org.camunda.connect.httpclient.impl.HttpConnectorProviderImpl'
2024-09-09T08:38:24.994+08:00  INFO 22975 --- [           main] org.camunda.bpm.connect                  : CNCT-01004 Discovered provider for connector id 'soap-http-connector' and class 'org.camunda.connect.httpclient.soap.impl.SoapHttpConnectorImpl': 'org.camunda.connect.httpclient.soap.impl.SoapHttpConnectorProviderImpl'
2024-09-09T08:38:25.003+08:00 DEBUG 22975 --- [           main] org.camunda.bpm.engine.cmd               : ENGINE-13005 Starting command -------------------- SchemaOperationsProcessEngineBuild ----------------------
2024-09-09T08:38:25.005+08:00  INFO 22975 --- [           main] com.zaxxer.hikari.HikariDataSource       : HikariPool-1 - Starting...
2024-09-09T08:38:25.073+08:00  INFO 22975 --- [           main] com.zaxxer.hikari.pool.HikariPool        : HikariPool-1 - Added connection com.mysql.cj.jdbc.ConnectionImpl@4d66cb
2024-09-09T08:38:25.074+08:00  INFO 22975 --- [           main] com.zaxxer.hikari.HikariDataSource       : HikariPool-1 - Start completed.
2024-09-09T08:38:25.079+08:00 DEBUG 22975 --- [           main] org.camunda.bpm.engine.cmd               : ENGINE-13009 opening new command context
2024-09-09T08:38:25.104+08:00 DEBUG 22975 --- [           main] org.camunda.bpm.engine.cmd               : ENGINE-13011 closing existing command context
2024-09-09T08:38:25.107+08:00 DEBUG 22975 --- [           main] org.camunda.bpm.engine.cmd               : ENGINE-13006 Finishing command -------------------- SchemaOperationsProcessEngineBuild ----------------------
2024-09-09T08:38:25.107+08:00 DEBUG 22975 --- [           main] org.camunda.bpm.engine.cmd               : ENGINE-13005 Starting command -------------------- HistoryLevelSetupCommand ----------------------
2024-09-09T08:38:25.108+08:00 DEBUG 22975 --- [           main] org.camunda.bpm.engine.cmd               : ENGINE-13009 opening new command context
2024-09-09T08:38:25.113+08:00 DEBUG 22975 --- [           main] o.c.b.e.i.p.e.P.selectProperty           : ==>  Preparing: select * from ACT_GE_PROPERTY where NAME_ = ?
2024-09-09T08:38:25.122+08:00 DEBUG 22975 --- [           main] o.c.b.e.i.p.e.P.selectProperty           : ==> Parameters: startup.lock(String)
2024-09-09T08:38:25.129+08:00 TRACE 22975 --- [           main] o.c.b.e.i.p.e.P.selectProperty           : <==    Columns: NAME_, VALUE_, REV_
2024-09-09T08:38:25.129+08:00 TRACE 22975 --- [           main] o.c.b.e.i.p.e.P.selectProperty           : <==        Row: startup.lock, 0, 1
2024-09-09T08:38:25.132+08:00 DEBUG 22975 --- [           main] o.c.b.e.i.p.e.P.selectProperty           : <==      Total: 1
2024-09-09T08:38:25.133+08:00 DEBUG 22975 --- [           main] o.c.b.e.i.p.e.P.selectProperty           : ==>  Preparing: select * from ACT_GE_PROPERTY where NAME_ = ?
2024-09-09T08:38:25.133+08:00 DEBUG 22975 --- [           main] o.c.b.e.i.p.e.P.selectProperty           : ==> Parameters: historyLevel(String)
2024-09-09T08:38:25.134+08:00 TRACE 22975 --- [           main] o.c.b.e.i.p.e.P.selectProperty           : <==    Columns: NAME_, VALUE_, REV_
2024-09-09T08:38:25.134+08:00 TRACE 22975 --- [           main] o.c.b.e.i.p.e.P.selectProperty           : <==        Row: historyLevel, 3, 1
2024-09-09T08:38:25.134+08:00 DEBUG 22975 --- [           main] o.c.b.e.i.p.e.P.selectProperty           : <==      Total: 1
2024-09-09T08:38:25.134+08:00 DEBUG 22975 --- [           main] org.camunda.bpm.engine.cmd               : ENGINE-13011 closing existing command context
2024-09-09T08:38:25.135+08:00 DEBUG 22975 --- [           main] org.camunda.bpm.engine.persistence       : ENGINE-03006 Cache state after flush: [
  PERSISTENT PropertyEntity[startup.lock]
  PERSISTENT PropertyEntity[historyLevel]
]
2024-09-09T08:38:25.136+08:00 DEBUG 22975 --- [           main] org.camunda.bpm.engine.cmd               : ENGINE-13006 Finishing command -------------------- HistoryLevelSetupCommand ----------------------
2024-09-09T08:38:25.136+08:00 DEBUG 22975 --- [           main] org.camunda.bpm.engine.cmd               : ENGINE-13005 Starting command -------------------- BootstrapEngineCommand ----------------------
2024-09-09T08:38:25.136+08:00 DEBUG 22975 --- [           main] org.camunda.bpm.engine.cmd               : ENGINE-13009 opening new command context
2024-09-09T08:38:25.136+08:00 DEBUG 22975 --- [           main] o.c.b.e.i.p.e.P.selectProperty           : ==>  Preparing: select * from ACT_GE_PROPERTY where NAME_ = ?
2024-09-09T08:38:25.136+08:00 DEBUG 22975 --- [           main] o.c.b.e.i.p.e.P.selectProperty           : ==> Parameters: installationId.lock(String)
2024-09-09T08:38:25.137+08:00 TRACE 22975 --- [           main] o.c.b.e.i.p.e.P.selectProperty           : <==    Columns: NAME_, VALUE_, REV_
2024-09-09T08:38:25.137+08:00 TRACE 22975 --- [           main] o.c.b.e.i.p.e.P.selectProperty           : <==        Row: installationId.lock, 0, 1
2024-09-09T08:38:25.137+08:00 DEBUG 22975 --- [           main] o.c.b.e.i.p.e.P.selectProperty           : <==      Total: 1
2024-09-09T08:38:25.137+08:00 DEBUG 22975 --- [           main] o.c.b.e.i.p.e.P.selectProperty           : ==>  Preparing: select * from ACT_GE_PROPERTY where NAME_ = ?
2024-09-09T08:38:25.137+08:00 DEBUG 22975 --- [           main] o.c.b.e.i.p.e.P.selectProperty           : ==> Parameters: camunda.installation.id(String)
2024-09-09T08:38:25.138+08:00 TRACE 22975 --- [           main] o.c.b.e.i.p.e.P.selectProperty           : <==    Columns: NAME_, VALUE_, REV_
2024-09-09T08:38:25.138+08:00 TRACE 22975 --- [           main] o.c.b.e.i.p.e.P.selectProperty           : <==        Row: camunda.installation.id, 8385df0d-43fb-461a-b255-0b67dcc88b59, 1
2024-09-09T08:38:25.138+08:00 DEBUG 22975 --- [           main] o.c.b.e.i.p.e.P.selectProperty           : <==      Total: 1
2024-09-09T08:38:25.138+08:00 DEBUG 22975 --- [           main] org.camunda.bpm.engine.persistence       : ENGINE-03100 Installation id property found in the database: 8385df0d-43fb-461a-b255-0b67dcc88b59
2024-09-09T08:38:25.138+08:00 DEBUG 22975 --- [           main] o.c.b.e.i.p.e.P.selectProperty           : ==>  Preparing: select * from ACT_GE_PROPERTY where NAME_ = ?
2024-09-09T08:38:25.138+08:00 DEBUG 22975 --- [           main] o.c.b.e.i.p.e.P.selectProperty           : ==> Parameters: deployment.lock(String)
2024-09-09T08:38:25.138+08:00 TRACE 22975 --- [           main] o.c.b.e.i.p.e.P.selectProperty           : <==    Columns: NAME_, VALUE_, REV_
2024-09-09T08:38:25.138+08:00 TRACE 22975 --- [           main] o.c.b.e.i.p.e.P.selectProperty           : <==        Row: deployment.lock, 0, 1
2024-09-09T08:38:25.138+08:00 DEBUG 22975 --- [           main] o.c.b.e.i.p.e.P.selectProperty           : <==      Total: 1
2024-09-09T08:38:25.138+08:00 DEBUG 22975 --- [           main] o.c.b.e.i.p.e.P.selectProperty           : ==>  Preparing: select * from ACT_GE_PROPERTY where NAME_ = ?
2024-09-09T08:38:25.139+08:00 DEBUG 22975 --- [           main] o.c.b.e.i.p.e.P.selectProperty           : ==> Parameters: history.cleanup.job.lock(String)
2024-09-09T08:38:25.139+08:00 TRACE 22975 --- [           main] o.c.b.e.i.p.e.P.selectProperty           : <==    Columns: NAME_, VALUE_, REV_
2024-09-09T08:38:25.139+08:00 TRACE 22975 --- [           main] o.c.b.e.i.p.e.P.selectProperty           : <==        Row: history.cleanup.job.lock, 0, 1
2024-09-09T08:38:25.139+08:00 DEBUG 22975 --- [           main] o.c.b.e.i.p.e.P.selectProperty           : <==      Total: 1
2024-09-09T08:38:25.139+08:00 DEBUG 22975 --- [           main] org.camunda.bpm.engine.cmd               : ENGINE-13005 Starting command -------------------- GetTableMetaDataCmd ----------------------
2024-09-09T08:38:25.139+08:00 DEBUG 22975 --- [           main] org.camunda.bpm.engine.cmd               : ENGINE-13010 reusing existing command context
2024-09-09T08:38:25.148+08:00 DEBUG 22975 --- [           main] org.camunda.bpm.engine.cmd               : ENGINE-13006 Finishing command -------------------- GetTableMetaDataCmd ----------------------
2024-09-09T08:38:25.149+08:00 DEBUG 22975 --- [           main] org.camunda.bpm.engine.cmd               : ENGINE-13005 Starting command -------------------- HistoryCleanupCmd ----------------------
2024-09-09T08:38:25.149+08:00 DEBUG 22975 --- [           main] org.camunda.bpm.engine.cmd               : ENGINE-13010 reusing existing command context
2024-09-09T08:38:25.149+08:00 DEBUG 22975 --- [           main] org.camunda.bpm.engine.cmd               : ENGINE-13038 History cleanup won't be scheduled. Either configure batch window or call it with immediatelyDue = true.
2024-09-09T08:38:25.150+08:00 DEBUG 22975 --- [           main] o.c.b.e.i.p.e.J.selectJobsByHandlerType  : ==>  Preparing: select * from ACT_RU_JOB where HANDLER_TYPE_ = ?
2024-09-09T08:38:25.150+08:00 DEBUG 22975 --- [           main] o.c.b.e.i.p.e.J.selectJobsByHandlerType  : ==> Parameters: history-cleanup(String)
2024-09-09T08:38:25.152+08:00 DEBUG 22975 --- [           main] o.c.b.e.i.p.e.J.selectJobsByHandlerType  : <==      Total: 0
2024-09-09T08:38:25.152+08:00 DEBUG 22975 --- [           main] org.camunda.bpm.engine.cmd               : ENGINE-13006 Finishing command -------------------- HistoryCleanupCmd ----------------------
2024-09-09T08:38:25.152+08:00 DEBUG 22975 --- [           main] o.c.b.e.i.p.e.P.selectProperty           : ==>  Preparing: select * from ACT_GE_PROPERTY where NAME_ = ?
2024-09-09T08:38:25.153+08:00 DEBUG 22975 --- [           main] o.c.b.e.i.p.e.P.selectProperty           : ==> Parameters: telemetry.lock(String)
2024-09-09T08:38:25.154+08:00 TRACE 22975 --- [           main] o.c.b.e.i.p.e.P.selectProperty           : <==    Columns: NAME_, VALUE_, REV_
2024-09-09T08:38:25.154+08:00 TRACE 22975 --- [           main] o.c.b.e.i.p.e.P.selectProperty           : <==        Row: telemetry.lock, 0, 1
2024-09-09T08:38:25.154+08:00 DEBUG 22975 --- [           main] o.c.b.e.i.p.e.P.selectProperty           : <==      Total: 1
2024-09-09T08:38:25.154+08:00 DEBUG 22975 --- [           main] .c.b.e.i.p.e.P.lockTelemetryLockProperty : ==>  Preparing: SELECT VALUE_ FROM ACT_GE_PROPERTY WHERE NAME_ = 'telemetry.lock' for update
2024-09-09T08:38:25.154+08:00 DEBUG 22975 --- [           main] .c.b.e.i.p.e.P.lockTelemetryLockProperty : ==> Parameters:
2024-09-09T08:38:25.155+08:00 DEBUG 22975 --- [           main] o.c.b.e.i.p.e.P.selectProperty           : ==>  Preparing: select * from ACT_GE_PROPERTY where NAME_ = ?
2024-09-09T08:38:25.155+08:00 DEBUG 22975 --- [           main] o.c.b.e.i.p.e.P.selectProperty           : ==> Parameters: camunda.telemetry.enabled(String)
2024-09-09T08:38:25.155+08:00 TRACE 22975 --- [           main] o.c.b.e.i.p.e.P.selectProperty           : <==    Columns: NAME_, VALUE_, REV_
2024-09-09T08:38:25.155+08:00 TRACE 22975 --- [           main] o.c.b.e.i.p.e.P.selectProperty           : <==        Row: camunda.telemetry.enabled, false, 1
2024-09-09T08:38:25.155+08:00 DEBUG 22975 --- [           main] o.c.b.e.i.p.e.P.selectProperty           : <==      Total: 1
2024-09-09T08:38:25.156+08:00 DEBUG 22975 --- [           main] org.camunda.bpm.engine.cmd               : ENGINE-13005 Starting command -------------------- GetLicenseKeyCmd ----------------------
2024-09-09T08:38:25.156+08:00 DEBUG 22975 --- [           main] org.camunda.bpm.engine.cmd               : ENGINE-13010 reusing existing command context
2024-09-09T08:38:25.156+08:00 DEBUG 22975 --- [           main] o.c.b.e.i.p.e.P.selectProperty           : ==>  Preparing: select * from ACT_GE_PROPERTY where NAME_ = ?
2024-09-09T08:38:25.156+08:00 DEBUG 22975 --- [           main] o.c.b.e.i.p.e.P.selectProperty           : ==> Parameters: camunda-license-key-id(String)
2024-09-09T08:38:25.157+08:00 DEBUG 22975 --- [           main] o.c.b.e.i.p.e.P.selectProperty           : <==      Total: 0
2024-09-09T08:38:25.157+08:00 DEBUG 22975 --- [           main] o.c.b.e.i.p.e.P.selectProperty           : ==>  Preparing: select * from ACT_GE_PROPERTY where NAME_ = ?
2024-09-09T08:38:25.157+08:00 DEBUG 22975 --- [           main] o.c.b.e.i.p.e.P.selectProperty           : ==> Parameters: camunda-license-key(String)
2024-09-09T08:38:25.157+08:00 DEBUG 22975 --- [           main] o.c.b.e.i.p.e.P.selectProperty           : <==      Total: 0
2024-09-09T08:38:25.157+08:00 DEBUG 22975 --- [           main] org.camunda.bpm.engine.cmd               : ENGINE-13006 Finishing command -------------------- GetLicenseKeyCmd ----------------------
2024-09-09T08:38:25.158+08:00 DEBUG 22975 --- [           main] org.camunda.bpm.engine.cmd               : ENGINE-13005 Starting command -------------------- IsTelemetryEnabledCmd ----------------------
2024-09-09T08:38:25.158+08:00 DEBUG 22975 --- [           main] org.camunda.bpm.engine.cmd               : ENGINE-13010 reusing existing command context
2024-09-09T08:38:25.158+08:00 DEBUG 22975 --- [           main] org.camunda.bpm.engine.cmd               : ENGINE-13006 Finishing command -------------------- IsTelemetryEnabledCmd ----------------------
2024-09-09T08:38:25.158+08:00 DEBUG 22975 --- [           main] org.camunda.bpm.engine.cmd               : ENGINE-13011 closing existing command context
2024-09-09T08:38:25.158+08:00 DEBUG 22975 --- [           main] org.camunda.bpm.engine.persistence       : ENGINE-03006 Cache state after flush: [
  PERSISTENT PropertyEntity[camunda.telemetry.enabled]
  PERSISTENT PropertyEntity[installationId.lock]
  PERSISTENT PropertyEntity[telemetry.lock]
  PERSISTENT PropertyEntity[camunda.installation.id]
  PERSISTENT PropertyEntity[deployment.lock]
  PERSISTENT PropertyEntity[history.cleanup.job.lock]
]
2024-09-09T08:38:25.159+08:00 DEBUG 22975 --- [           main] org.camunda.bpm.engine.cmd               : ENGINE-13006 Finishing command -------------------- BootstrapEngineCommand ----------------------
2024-09-09T08:38:25.159+08:00  INFO 22975 --- [           main] org.camunda.bpm.engine                   : ENGINE-00001 Process Engine default created.
2024-09-09T08:38:25.167+08:00  INFO 22975 --- [           main] zxf.camunda.saga.saga.App3Saga           : app3-v10 deploySaga start
2024-09-09T08:38:25.168+08:00 DEBUG 22975 --- [           main] org.camunda.bpm.engine.cmd               : ENGINE-13005 Starting command -------------------- ProcessDefinitionQueryImpl ----------------------
2024-09-09T08:38:25.168+08:00 DEBUG 22975 --- [           main] org.camunda.bpm.engine.cmd               : ENGINE-13009 opening new command context
2024-09-09T08:38:25.187+08:00 DEBUG 22975 --- [           main] ectProcessDefinitionCountByQueryCriteria : ==>  Preparing: select count(distinct RES.ID_ ) from ACT_RE_PROCDEF RES WHERE RES.KEY_ = ?
2024-09-09T08:38:25.187+08:00 DEBUG 22975 --- [           main] ectProcessDefinitionCountByQueryCriteria : ==> Parameters: app3-v10(String)
2024-09-09T08:38:25.188+08:00 TRACE 22975 --- [           main] ectProcessDefinitionCountByQueryCriteria : <==    Columns: count(distinct RES.ID_ )
2024-09-09T08:38:25.188+08:00 TRACE 22975 --- [           main] ectProcessDefinitionCountByQueryCriteria : <==        Row: 0
2024-09-09T08:38:25.189+08:00 DEBUG 22975 --- [           main] ectProcessDefinitionCountByQueryCriteria : <==      Total: 1
2024-09-09T08:38:25.189+08:00 DEBUG 22975 --- [           main] org.camunda.bpm.engine.cmd               : ENGINE-13011 closing existing command context
2024-09-09T08:38:25.189+08:00 DEBUG 22975 --- [           main] org.camunda.bpm.engine.persistence       : ENGINE-03006 Cache state after flush: [
]
2024-09-09T08:38:25.190+08:00 DEBUG 22975 --- [           main] org.camunda.bpm.engine.cmd               : ENGINE-13006 Finishing command -------------------- ProcessDefinitionQueryImpl ----------------------
2024-09-09T08:38:25.190+08:00  INFO 22975 --- [           main] zxf.camunda.saga.saga.App3Saga           : app3-v10 isSagaDeployed, false
2024-09-09T08:38:25.360+08:00  INFO 22975 --- [           main] zxf.camunda.saga.base.SagaBuilder        : BPMN: <?xml version="1.0" encoding="UTF-8" standalone="no"?>
<definitions xmlns:bpmndi="http://www.omg.org/spec/BPMN/20100524/DI" xmlns:camunda="http://camunda.org/schema/1.0/bpmn" xmlns:dc="http://www.omg.org/spec/DD/20100524/DC" xmlns:di="http://www.omg.org/spec/DD/20100524/DI" id="definitions_68a032d3-b634-43c7-a1d4-562f05b361e1" targetNamespace="http://www.omg.org/spec/BPMN/20100524/MODEL" xmlns="http://www.omg.org/spec/BPMN/20100524/MODEL">
  <process camunda:historyTimeToLive="P180D" id="app3-v10" isExecutable="true">
    <startEvent camunda:asyncAfter="true" camunda:asyncBefore="true" id="Start-app3-v10" name="Start-app3-v10">
      <outgoing>sequenceFlow_f5f5478a-4e2a-4fae-b1b1-3b04628bf9b9</outgoing>
    </startEvent>
    <serviceTask camunda:asyncAfter="true" camunda:asyncBefore="true" camunda:class="zxf.camunda.saga.task.app2.App3Task1Adapter" id="Activity-Task-1" name="Task 1">
      <extensionElements>
        <camunda:failedJobRetryTimeCycle>R3/PT0S</camunda:failedJobRetryTimeCycle>
      </extensionElements>
      <incoming>sequenceFlow_f5f5478a-4e2a-4fae-b1b1-3b04628bf9b9</incoming>
      <outgoing>sequenceFlow_2eaec817-bbe9-42c2-9169-4f9eb49f6723</outgoing>
    </serviceTask>
    <sequenceFlow id="sequenceFlow_f5f5478a-4e2a-4fae-b1b1-3b04628bf9b9" sourceRef="Start-app3-v10" targetRef="Activity-Task-1"/>
    <serviceTask camunda:asyncAfter="true" camunda:asyncBefore="true" camunda:class="zxf.camunda.saga.task.app2.App3Task2Adapter" id="Activity-Task-2" name="Task 2">
      <extensionElements>
        <camunda:failedJobRetryTimeCycle>R0/PT0S</camunda:failedJobRetryTimeCycle>
      </extensionElements>
      <incoming>sequenceFlow_2eaec817-bbe9-42c2-9169-4f9eb49f6723</incoming>
      <outgoing>sequenceFlow_6ee9f39e-7507-4ee9-865b-6a1b99a420d3</outgoing>
    </serviceTask>
    <sequenceFlow id="sequenceFlow_2eaec817-bbe9-42c2-9169-4f9eb49f6723" sourceRef="Activity-Task-1" targetRef="Activity-Task-2"/>
    <serviceTask camunda:asyncAfter="true" camunda:asyncBefore="true" camunda:class="zxf.camunda.saga.task.app2.App3Task3Adapter" id="Activity-Task-3" name="Task 3">
      <extensionElements>
        <camunda:failedJobRetryTimeCycle>R3/PT5S</camunda:failedJobRetryTimeCycle>
      </extensionElements>
      <incoming>sequenceFlow_6ee9f39e-7507-4ee9-865b-6a1b99a420d3</incoming>
      <outgoing>sequenceFlow_a73a4411-66b7-4d3f-adb4-687d98194d25</outgoing>
    </serviceTask>
    <sequenceFlow id="sequenceFlow_6ee9f39e-7507-4ee9-865b-6a1b99a420d3" sourceRef="Activity-Task-2" targetRef="Activity-Task-3"/>
    <endEvent id="End-app3-v10" name="End-app3-v10">
      <incoming>sequenceFlow_a73a4411-66b7-4d3f-adb4-687d98194d25</incoming>
    </endEvent>
    <sequenceFlow id="sequenceFlow_a73a4411-66b7-4d3f-adb4-687d98194d25" sourceRef="Activity-Task-3" targetRef="End-app3-v10"/>
  </process>
  <bpmndi:BPMNDiagram id="BPMNDiagram_cc275a3a-2178-437a-884f-f696ec45665c">
    <bpmndi:BPMNPlane bpmnElement="app3-v10" id="BPMNPlane_75b279bc-8aa1-4945-80d1-5c63bfc54305">
      <bpmndi:BPMNShape bpmnElement="Start-app3-v10" id="BPMNShape_c3f940a7-d8e6-4e1a-83d6-eb2c4f0d985e">
        <dc:Bounds height="36.0" width="36.0" x="100.0" y="100.0"/>
      </bpmndi:BPMNShape>
      <bpmndi:BPMNShape bpmnElement="Activity-Task-1" id="BPMNShape_7668443c-2160-48b2-9db6-087f4f9f53b4">
        <dc:Bounds height="80.0" width="100.0" x="186.0" y="78.0"/>
      </bpmndi:BPMNShape>
      <bpmndi:BPMNEdge bpmnElement="sequenceFlow_f5f5478a-4e2a-4fae-b1b1-3b04628bf9b9" id="BPMNEdge_7342f7f5-91d4-4699-8bbe-50823d42396e">
        <di:waypoint x="136.0" y="118.0"/>
        <di:waypoint x="186.0" y="118.0"/>
      </bpmndi:BPMNEdge>
      <bpmndi:BPMNShape bpmnElement="Activity-Task-2" id="BPMNShape_63f7ce5c-a6c9-4450-9de0-6c2cab6a5942">
        <dc:Bounds height="80.0" width="100.0" x="336.0" y="78.0"/>
      </bpmndi:BPMNShape>
      <bpmndi:BPMNEdge bpmnElement="sequenceFlow_2eaec817-bbe9-42c2-9169-4f9eb49f6723" id="BPMNEdge_cdf5646f-1fd8-4b73-9aa7-322c49eeb3bd">
        <di:waypoint x="286.0" y="118.0"/>
        <di:waypoint x="336.0" y="118.0"/>
      </bpmndi:BPMNEdge>
      <bpmndi:BPMNShape bpmnElement="Activity-Task-3" id="BPMNShape_4acbc3f2-936e-4624-ac7d-474c9684ec45">
        <dc:Bounds height="80.0" width="100.0" x="486.0" y="78.0"/>
      </bpmndi:BPMNShape>
      <bpmndi:BPMNEdge bpmnElement="sequenceFlow_6ee9f39e-7507-4ee9-865b-6a1b99a420d3" id="BPMNEdge_ed5e0762-d20b-4f06-94bb-07331746819e">
        <di:waypoint x="436.0" y="118.0"/>
        <di:waypoint x="486.0" y="118.0"/>
      </bpmndi:BPMNEdge>
      <bpmndi:BPMNShape bpmnElement="End-app3-v10" id="BPMNShape_fe3f1dd7-05de-467d-b96c-5a63711cb562">
        <dc:Bounds height="36.0" width="36.0" x="636.0" y="100.0"/>
      </bpmndi:BPMNShape>
      <bpmndi:BPMNEdge bpmnElement="sequenceFlow_a73a4411-66b7-4d3f-adb4-687d98194d25" id="BPMNEdge_48d59acc-e94c-4ab3-b193-52af427be815">
        <di:waypoint x="586.0" y="118.0"/>
        <di:waypoint x="636.0" y="118.0"/>
      </bpmndi:BPMNEdge>
    </bpmndi:BPMNPlane>
  </bpmndi:BPMNDiagram>
</definitions>

2024-09-09T08:38:25.370+08:00 DEBUG 22975 --- [           main] org.camunda.bpm.engine.cmd               : ENGINE-13005 Starting command -------------------- DeployCmd ----------------------
2024-09-09T08:38:25.371+08:00 DEBUG 22975 --- [           main] org.camunda.bpm.engine.cmd               : ENGINE-13009 opening new command context
2024-09-09T08:38:25.372+08:00 DEBUG 22975 --- [           main] c.b.e.i.p.e.P.lockDeploymentLockProperty : ==>  Preparing: SELECT VALUE_ FROM ACT_GE_PROPERTY WHERE NAME_ = 'deployment.lock' for update
2024-09-09T08:38:25.372+08:00 DEBUG 22975 --- [           main] c.b.e.i.p.e.P.lockDeploymentLockProperty : ==> Parameters:
2024-09-09T08:38:25.373+08:00 DEBUG 22975 --- [           main] org.camunda.bpm.engine.cmd               : ENGINE-13001 Creating new deployment
2024-09-09T08:38:25.377+08:00 DEBUG 22975 --- [           main] org.camunda.bpm.engine.cmd               : ENGINE-13018 Processing deployment null
2024-09-09T08:38:25.377+08:00 DEBUG 22975 --- [           main] org.camunda.bpm.engine.cmd               : ENGINE-13019 Processing resource app3-v10.bpmn
2024-09-09T08:38:25.396+08:00 DEBUG 22975 --- [           main] org.camunda.bpm.engine.bpmn.parser       : ENGINE-01001 Parsing element from type 'process' with id 'app3-v10'
2024-09-09T08:38:25.396+08:00 DEBUG 22975 --- [           main] org.camunda.bpm.engine.bpmn.parser       : ENGINE-01001 Parsing element from type 'activity' with id 'Start-app3-v10'
2024-09-09T08:38:25.399+08:00 DEBUG 22975 --- [           main] org.camunda.bpm.engine.bpmn.parser       : ENGINE-01001 Parsing element from type 'activity' with id 'Activity-Task-1'
2024-09-09T08:38:25.401+08:00 DEBUG 22975 --- [           main] org.camunda.bpm.engine.bpmn.parser       : ENGINE-01001 Parsing element from type 'activity' with id 'Activity-Task-2'
2024-09-09T08:38:25.402+08:00 DEBUG 22975 --- [           main] org.camunda.bpm.engine.bpmn.parser       : ENGINE-01001 Parsing element from type 'activity' with id 'Activity-Task-3'
2024-09-09T08:38:25.402+08:00 DEBUG 22975 --- [           main] org.camunda.bpm.engine.bpmn.parser       : ENGINE-01001 Parsing element from type 'activity' with id 'End-app3-v10'
2024-09-09T08:38:25.403+08:00 DEBUG 22975 --- [           main] estProcessDefinitionByKeyWithoutTenantId : ==>  Preparing: select * from ACT_RE_PROCDEF RES where KEY_ = ? and TENANT_ID_ is null and VERSION_ = ( select max(VERSION_) from ACT_RE_PROCDEF where KEY_ = ? and TENANT_ID_ is null)
2024-09-09T08:38:25.403+08:00 DEBUG 22975 --- [           main] estProcessDefinitionByKeyWithoutTenantId : ==> Parameters: app3-v10(String), app3-v10(String)
2024-09-09T08:38:25.404+08:00 DEBUG 22975 --- [           main] estProcessDefinitionByKeyWithoutTenantId : <==      Total: 0
2024-09-09T08:38:25.407+08:00 DEBUG 22975 --- [           main] .c.b.e.i.p.e.J.selectJobsByConfiguration : ==>  Preparing: select * from ACT_RU_JOB where HANDLER_TYPE_ = ? and TENANT_ID_ is null and (HANDLER_CFG_ = ? or HANDLER_CFG_ = ? )
2024-09-09T08:38:25.407+08:00 DEBUG 22975 --- [           main] .c.b.e.i.p.e.J.selectJobsByConfiguration : ==> Parameters: timer-start-event(String), app3-v10(String), app3-v10$followUpJobCreated(String)
2024-09-09T08:38:25.408+08:00 DEBUG 22975 --- [           main] .c.b.e.i.p.e.J.selectJobsByConfiguration : <==      Total: 0
2024-09-09T08:38:25.408+08:00 DEBUG 22975 --- [           main] org.camunda.bpm.engine.cmd               : ENGINE-13018 Processing deployment null
2024-09-09T08:38:25.408+08:00 DEBUG 22975 --- [           main] org.camunda.bpm.engine.cmd               : ENGINE-13019 Processing resource app3-v10.bpmn
2024-09-09T08:38:25.408+08:00 DEBUG 22975 --- [           main] org.camunda.bpm.engine.cmd               : ENGINE-13018 Processing deployment null
2024-09-09T08:38:25.408+08:00 DEBUG 22975 --- [           main] org.camunda.bpm.engine.cmd               : ENGINE-13019 Processing resource app3-v10.bpmn
2024-09-09T08:38:25.408+08:00 DEBUG 22975 --- [           main] org.camunda.bpm.engine.cmd               : ENGINE-13018 Processing deployment null
2024-09-09T08:38:25.408+08:00 DEBUG 22975 --- [           main] org.camunda.bpm.engine.cmd               : ENGINE-13019 Processing resource app3-v10.bpmn
2024-09-09T08:38:25.408+08:00 DEBUG 22975 --- [           main] org.camunda.bpm.engine.cmd               : ENGINE-13018 Processing deployment null
2024-09-09T08:38:25.408+08:00 DEBUG 22975 --- [           main] org.camunda.bpm.engine.cmd               : ENGINE-13019 Processing resource app3-v10.bpmn
2024-09-09T08:38:25.409+08:00 DEBUG 22975 --- [           main] org.camunda.bpm.engine.cmd               : ENGINE-13011 closing existing command context
2024-09-09T08:38:25.409+08:00 DEBUG 22975 --- [           main] org.camunda.bpm.engine.persistence       : ENGINE-03006 Cache state after flush: [
  PERSISTENT ProcessDefinitionEntity[app3-v10:1:d3063c1e-6e43-11ef-897b-66f8f673b182]
  PERSISTENT ResourceEntity[d3021d6d-6e43-11ef-897b-66f8f673b182]
  PERSISTENT DeploymentEntity[d301812c-6e43-11ef-897b-66f8f673b182]
  PERSISTENT JobDefinitionEntity[d3068a42-6e43-11ef-897b-66f8f673b182]
  PERSISTENT JobDefinitionEntity[d3068a43-6e43-11ef-897b-66f8f673b182]
  PERSISTENT JobDefinitionEntity[d3068a40-6e43-11ef-897b-66f8f673b182]
  PERSISTENT JobDefinitionEntity[d3068a41-6e43-11ef-897b-66f8f673b182]
  PERSISTENT JobDefinitionEntity[d3068a46-6e43-11ef-897b-66f8f673b182]
  PERSISTENT JobDefinitionEntity[d3068a44-6e43-11ef-897b-66f8f673b182]
  PERSISTENT JobDefinitionEntity[d3068a3f-6e43-11ef-897b-66f8f673b182]
  PERSISTENT JobDefinitionEntity[d3068a45-6e43-11ef-897b-66f8f673b182]
]
2024-09-09T08:38:25.410+08:00 DEBUG 22975 --- [           main] org.camunda.bpm.engine.persistence       : ENGINE-03008 Flush Summary: [
  INSERT JobDefinitionEntity[d3068a3f-6e43-11ef-897b-66f8f673b182]
  INSERT JobDefinitionEntity[d3068a40-6e43-11ef-897b-66f8f673b182]
  INSERT JobDefinitionEntity[d3068a41-6e43-11ef-897b-66f8f673b182]
  INSERT JobDefinitionEntity[d3068a42-6e43-11ef-897b-66f8f673b182]
  INSERT JobDefinitionEntity[d3068a43-6e43-11ef-897b-66f8f673b182]
  INSERT JobDefinitionEntity[d3068a44-6e43-11ef-897b-66f8f673b182]
  INSERT JobDefinitionEntity[d3068a45-6e43-11ef-897b-66f8f673b182]
  INSERT JobDefinitionEntity[d3068a46-6e43-11ef-897b-66f8f673b182]
  INSERT DeploymentEntity[d301812c-6e43-11ef-897b-66f8f673b182]
  INSERT ResourceEntity[d3021d6d-6e43-11ef-897b-66f8f673b182]
  INSERT ProcessDefinitionEntity[app3-v10:1:d3063c1e-6e43-11ef-897b-66f8f673b182]
]
2024-09-09T08:38:25.410+08:00 DEBUG 22975 --- [           main] org.camunda.bpm.engine.persistence       : ENGINE-03009 SQL operation: 'INSERT'; Entity: 'JobDefinitionEntity[id=d3068a3f-6e43-11ef-897b-66f8f673b182]'
2024-09-09T08:38:25.410+08:00 DEBUG 22975 --- [           main] o.c.b.e.i.p.e.J.insertJobDefinition      : ==>  Preparing: insert into ACT_RU_JOBDEF ( ID_, PROC_DEF_ID_, PROC_DEF_KEY_, ACT_ID_, JOB_TYPE_, JOB_CONFIGURATION_, JOB_PRIORITY_, SUSPENSION_STATE_, TENANT_ID_, DEPLOYMENT_ID_, REV_ ) values ( ?, ?, ?, ?, ?, ?, ?, ?, ?, ?, 1 )
2024-09-09T08:38:25.411+08:00 DEBUG 22975 --- [           main] o.c.b.e.i.p.e.J.insertJobDefinition      : ==> Parameters: d3068a3f-6e43-11ef-897b-66f8f673b182(String), app3-v10:1:d3063c1e-6e43-11ef-897b-66f8f673b182(String), app3-v10(String), Start-app3-v10(String), async-continuation(String), async-before(String), null, 1(Integer), null, null
2024-09-09T08:38:25.412+08:00 DEBUG 22975 --- [           main] o.c.b.e.i.p.e.J.insertJobDefinition      : <==    Updates: 1
2024-09-09T08:38:25.412+08:00 DEBUG 22975 --- [           main] org.camunda.bpm.engine.persistence       : ENGINE-03009 SQL operation: 'INSERT'; Entity: 'JobDefinitionEntity[id=d3068a40-6e43-11ef-897b-66f8f673b182]'
2024-09-09T08:38:25.413+08:00 DEBUG 22975 --- [           main] o.c.b.e.i.p.e.J.insertJobDefinition      : ==>  Preparing: insert into ACT_RU_JOBDEF ( ID_, PROC_DEF_ID_, PROC_DEF_KEY_, ACT_ID_, JOB_TYPE_, JOB_CONFIGURATION_, JOB_PRIORITY_, SUSPENSION_STATE_, TENANT_ID_, DEPLOYMENT_ID_, REV_ ) values ( ?, ?, ?, ?, ?, ?, ?, ?, ?, ?, 1 )
2024-09-09T08:38:25.413+08:00 DEBUG 22975 --- [           main] o.c.b.e.i.p.e.J.insertJobDefinition      : ==> Parameters: d3068a40-6e43-11ef-897b-66f8f673b182(String), app3-v10:1:d3063c1e-6e43-11ef-897b-66f8f673b182(String), app3-v10(String), Start-app3-v10(String), async-continuation(String), async-after(String), null, 1(Integer), null, null
2024-09-09T08:38:25.413+08:00 DEBUG 22975 --- [           main] o.c.b.e.i.p.e.J.insertJobDefinition      : <==    Updates: 1
2024-09-09T08:38:25.413+08:00 DEBUG 22975 --- [           main] org.camunda.bpm.engine.persistence       : ENGINE-03009 SQL operation: 'INSERT'; Entity: 'JobDefinitionEntity[id=d3068a41-6e43-11ef-897b-66f8f673b182]'
2024-09-09T08:38:25.413+08:00 DEBUG 22975 --- [           main] o.c.b.e.i.p.e.J.insertJobDefinition      : ==>  Preparing: insert into ACT_RU_JOBDEF ( ID_, PROC_DEF_ID_, PROC_DEF_KEY_, ACT_ID_, JOB_TYPE_, JOB_CONFIGURATION_, JOB_PRIORITY_, SUSPENSION_STATE_, TENANT_ID_, DEPLOYMENT_ID_, REV_ ) values ( ?, ?, ?, ?, ?, ?, ?, ?, ?, ?, 1 )
2024-09-09T08:38:25.414+08:00 DEBUG 22975 --- [           main] o.c.b.e.i.p.e.J.insertJobDefinition      : ==> Parameters: d3068a41-6e43-11ef-897b-66f8f673b182(String), app3-v10:1:d3063c1e-6e43-11ef-897b-66f8f673b182(String), app3-v10(String), Activity-Task-1(String), async-continuation(String), async-before(String), null, 1(Integer), null, null
2024-09-09T08:38:25.414+08:00 DEBUG 22975 --- [           main] o.c.b.e.i.p.e.J.insertJobDefinition      : <==    Updates: 1
2024-09-09T08:38:25.414+08:00 DEBUG 22975 --- [           main] org.camunda.bpm.engine.persistence       : ENGINE-03009 SQL operation: 'INSERT'; Entity: 'JobDefinitionEntity[id=d3068a42-6e43-11ef-897b-66f8f673b182]'
2024-09-09T08:38:25.414+08:00 DEBUG 22975 --- [           main] o.c.b.e.i.p.e.J.insertJobDefinition      : ==>  Preparing: insert into ACT_RU_JOBDEF ( ID_, PROC_DEF_ID_, PROC_DEF_KEY_, ACT_ID_, JOB_TYPE_, JOB_CONFIGURATION_, JOB_PRIORITY_, SUSPENSION_STATE_, TENANT_ID_, DEPLOYMENT_ID_, REV_ ) values ( ?, ?, ?, ?, ?, ?, ?, ?, ?, ?, 1 )
2024-09-09T08:38:25.414+08:00 DEBUG 22975 --- [           main] o.c.b.e.i.p.e.J.insertJobDefinition      : ==> Parameters: d3068a42-6e43-11ef-897b-66f8f673b182(String), app3-v10:1:d3063c1e-6e43-11ef-897b-66f8f673b182(String), app3-v10(String), Activity-Task-1(String), async-continuation(String), async-after(String), null, 1(Integer), null, null
2024-09-09T08:38:25.415+08:00 DEBUG 22975 --- [           main] o.c.b.e.i.p.e.J.insertJobDefinition      : <==    Updates: 1
2024-09-09T08:38:25.415+08:00 DEBUG 22975 --- [           main] org.camunda.bpm.engine.persistence       : ENGINE-03009 SQL operation: 'INSERT'; Entity: 'JobDefinitionEntity[id=d3068a43-6e43-11ef-897b-66f8f673b182]'
2024-09-09T08:38:25.415+08:00 DEBUG 22975 --- [           main] o.c.b.e.i.p.e.J.insertJobDefinition      : ==>  Preparing: insert into ACT_RU_JOBDEF ( ID_, PROC_DEF_ID_, PROC_DEF_KEY_, ACT_ID_, JOB_TYPE_, JOB_CONFIGURATION_, JOB_PRIORITY_, SUSPENSION_STATE_, TENANT_ID_, DEPLOYMENT_ID_, REV_ ) values ( ?, ?, ?, ?, ?, ?, ?, ?, ?, ?, 1 )
2024-09-09T08:38:25.415+08:00 DEBUG 22975 --- [           main] o.c.b.e.i.p.e.J.insertJobDefinition      : ==> Parameters: d3068a43-6e43-11ef-897b-66f8f673b182(String), app3-v10:1:d3063c1e-6e43-11ef-897b-66f8f673b182(String), app3-v10(String), Activity-Task-2(String), async-continuation(String), async-before(String), null, 1(Integer), null, null
2024-09-09T08:38:25.415+08:00 DEBUG 22975 --- [           main] o.c.b.e.i.p.e.J.insertJobDefinition      : <==    Updates: 1
2024-09-09T08:38:25.415+08:00 DEBUG 22975 --- [           main] org.camunda.bpm.engine.persistence       : ENGINE-03009 SQL operation: 'INSERT'; Entity: 'JobDefinitionEntity[id=d3068a44-6e43-11ef-897b-66f8f673b182]'
2024-09-09T08:38:25.415+08:00 DEBUG 22975 --- [           main] o.c.b.e.i.p.e.J.insertJobDefinition      : ==>  Preparing: insert into ACT_RU_JOBDEF ( ID_, PROC_DEF_ID_, PROC_DEF_KEY_, ACT_ID_, JOB_TYPE_, JOB_CONFIGURATION_, JOB_PRIORITY_, SUSPENSION_STATE_, TENANT_ID_, DEPLOYMENT_ID_, REV_ ) values ( ?, ?, ?, ?, ?, ?, ?, ?, ?, ?, 1 )
2024-09-09T08:38:25.416+08:00 DEBUG 22975 --- [           main] o.c.b.e.i.p.e.J.insertJobDefinition      : ==> Parameters: d3068a44-6e43-11ef-897b-66f8f673b182(String), app3-v10:1:d3063c1e-6e43-11ef-897b-66f8f673b182(String), app3-v10(String), Activity-Task-2(String), async-continuation(String), async-after(String), null, 1(Integer), null, null
2024-09-09T08:38:25.416+08:00 DEBUG 22975 --- [           main] o.c.b.e.i.p.e.J.insertJobDefinition      : <==    Updates: 1
2024-09-09T08:38:25.416+08:00 DEBUG 22975 --- [           main] org.camunda.bpm.engine.persistence       : ENGINE-03009 SQL operation: 'INSERT'; Entity: 'JobDefinitionEntity[id=d3068a45-6e43-11ef-897b-66f8f673b182]'
2024-09-09T08:38:25.416+08:00 DEBUG 22975 --- [           main] o.c.b.e.i.p.e.J.insertJobDefinition      : ==>  Preparing: insert into ACT_RU_JOBDEF ( ID_, PROC_DEF_ID_, PROC_DEF_KEY_, ACT_ID_, JOB_TYPE_, JOB_CONFIGURATION_, JOB_PRIORITY_, SUSPENSION_STATE_, TENANT_ID_, DEPLOYMENT_ID_, REV_ ) values ( ?, ?, ?, ?, ?, ?, ?, ?, ?, ?, 1 )
2024-09-09T08:38:25.417+08:00 DEBUG 22975 --- [           main] o.c.b.e.i.p.e.J.insertJobDefinition      : ==> Parameters: d3068a45-6e43-11ef-897b-66f8f673b182(String), app3-v10:1:d3063c1e-6e43-11ef-897b-66f8f673b182(String), app3-v10(String), Activity-Task-3(String), async-continuation(String), async-before(String), null, 1(Integer), null, null
2024-09-09T08:38:25.417+08:00 DEBUG 22975 --- [           main] o.c.b.e.i.p.e.J.insertJobDefinition      : <==    Updates: 1
2024-09-09T08:38:25.417+08:00 DEBUG 22975 --- [           main] org.camunda.bpm.engine.persistence       : ENGINE-03009 SQL operation: 'INSERT'; Entity: 'JobDefinitionEntity[id=d3068a46-6e43-11ef-897b-66f8f673b182]'
2024-09-09T08:38:25.417+08:00 DEBUG 22975 --- [           main] o.c.b.e.i.p.e.J.insertJobDefinition      : ==>  Preparing: insert into ACT_RU_JOBDEF ( ID_, PROC_DEF_ID_, PROC_DEF_KEY_, ACT_ID_, JOB_TYPE_, JOB_CONFIGURATION_, JOB_PRIORITY_, SUSPENSION_STATE_, TENANT_ID_, DEPLOYMENT_ID_, REV_ ) values ( ?, ?, ?, ?, ?, ?, ?, ?, ?, ?, 1 )
2024-09-09T08:38:25.417+08:00 DEBUG 22975 --- [           main] o.c.b.e.i.p.e.J.insertJobDefinition      : ==> Parameters: d3068a46-6e43-11ef-897b-66f8f673b182(String), app3-v10:1:d3063c1e-6e43-11ef-897b-66f8f673b182(String), app3-v10(String), Activity-Task-3(String), async-continuation(String), async-after(String), null, 1(Integer), null, null
2024-09-09T08:38:25.418+08:00 DEBUG 22975 --- [           main] o.c.b.e.i.p.e.J.insertJobDefinition      : <==    Updates: 1
2024-09-09T08:38:25.418+08:00 DEBUG 22975 --- [           main] org.camunda.bpm.engine.persistence       : ENGINE-03009 SQL operation: 'INSERT'; Entity: 'DeploymentEntity[id=d301812c-6e43-11ef-897b-66f8f673b182]'
2024-09-09T08:38:25.418+08:00 DEBUG 22975 --- [           main] o.c.b.e.i.p.e.D.insertDeployment         : ==>  Preparing: insert into ACT_RE_DEPLOYMENT(ID_, NAME_, DEPLOY_TIME_, SOURCE_, TENANT_ID_) values(?, ?, ?, ?, ?)
2024-09-09T08:38:25.419+08:00 DEBUG 22975 --- [           main] o.c.b.e.i.p.e.D.insertDeployment         : ==> Parameters: d301812c-6e43-11ef-897b-66f8f673b182(String), null, 2024-09-09 08:38:25.373(Timestamp), null, null
2024-09-09T08:38:25.419+08:00 DEBUG 22975 --- [           main] o.c.b.e.i.p.e.D.insertDeployment         : <==    Updates: 1
2024-09-09T08:38:25.419+08:00 DEBUG 22975 --- [           main] org.camunda.bpm.engine.persistence       : ENGINE-03009 SQL operation: 'INSERT'; Entity: 'ResourceEntity[id=d3021d6d-6e43-11ef-897b-66f8f673b182]'
2024-09-09T08:38:25.419+08:00 DEBUG 22975 --- [           main] o.c.b.e.i.p.e.R.insertResource           : ==>  Preparing: insert into ACT_GE_BYTEARRAY( ID_, NAME_, BYTES_, DEPLOYMENT_ID_, GENERATED_, TENANT_ID_, TYPE_, CREATE_TIME_, REV_) values ( ?, ?, ?, ?, ?, ?, ?, ?, 1)
2024-09-09T08:38:25.421+08:00 DEBUG 22975 --- [           main] o.c.b.e.i.p.e.R.insertResource           : ==> Parameters: d3021d6d-6e43-11ef-897b-66f8f673b182(String), app3-v10.bpmn(String), java.io.ByteArrayInputStream@2e590e36(ByteArrayInputStream), d301812c-6e43-11ef-897b-66f8f673b182(String), false(Boolean), null, 1(Integer), 2024-09-09 08:38:25.377(Timestamp)
2024-09-09T08:38:25.421+08:00 DEBUG 22975 --- [           main] o.c.b.e.i.p.e.R.insertResource           : <==    Updates: 1
2024-09-09T08:38:25.421+08:00 DEBUG 22975 --- [           main] org.camunda.bpm.engine.persistence       : ENGINE-03009 SQL operation: 'INSERT'; Entity: 'ProcessDefinitionEntity[id=app3-v10:1:d3063c1e-6e43-11ef-897b-66f8f673b182]'
2024-09-09T08:38:25.422+08:00 DEBUG 22975 --- [           main] o.c.b.e.i.p.e.P.insertProcessDefinition  : ==>  Preparing: insert into ACT_RE_PROCDEF(ID_, CATEGORY_, NAME_, KEY_, VERSION_, DEPLOYMENT_ID_, RESOURCE_NAME_, DGRM_RESOURCE_NAME_, HAS_START_FORM_KEY_, SUSPENSION_STATE_, TENANT_ID_, VERSION_TAG_, HISTORY_TTL_, STARTABLE_, REV_) values (?, ?, ?, ?, ?, ?, ?, ?, ?, ?, ?, ?, ?, ?, 1 )
2024-09-09T08:38:25.422+08:00 DEBUG 22975 --- [           main] o.c.b.e.i.p.e.P.insertProcessDefinition  : ==> Parameters: app3-v10:1:d3063c1e-6e43-11ef-897b-66f8f673b182(String), http://www.omg.org/spec/BPMN/20100524/MODEL(String), null, app3-v10(String), 1(Integer), d301812c-6e43-11ef-897b-66f8f673b182(String), app3-v10.bpmn(String), null, false(Boolean), 1(Integer), null, null, 180(Integer), true(Boolean)
2024-09-09T08:38:25.422+08:00 DEBUG 22975 --- [           main] o.c.b.e.i.p.e.P.insertProcessDefinition  : <==    Updates: 1
2024-09-09T08:38:25.424+08:00 DEBUG 22975 --- [           main] org.camunda.bpm.engine.cmd               : ENGINE-13006 Finishing command -------------------- DeployCmd ----------------------
2024-09-09T08:38:25.424+08:00  INFO 22975 --- [           main] zxf.camunda.saga.saga.App3Saga           : app3-v10 saga deployment is done. (DeploymentId=d301812c-6e43-11ef-897b-66f8f673b182)
2024-09-09T08:38:25.425+08:00  INFO 22975 --- [           main] z.c.saga.task.app1.App1Task1Adapter      : ctor()
2024-09-09T08:38:25.425+08:00  INFO 22975 --- [           main] z.c.saga.task.app1.App1Task1UndoAdapter  : ctor()
2024-09-09T08:38:25.426+08:00  INFO 22975 --- [           main] z.c.saga.task.app1.App1Task2Adapter      : ctor()
2024-09-09T08:38:25.445+08:00  INFO 22975 --- [           main] com.zaxxer.hikari.HikariDataSource       : HikariPool-2 - Starting...
2024-09-09T08:38:25.449+08:00  INFO 22975 --- [           main] com.zaxxer.hikari.pool.HikariPool        : HikariPool-2 - Added connection com.mysql.cj.jdbc.ConnectionImpl@71dfca65
2024-09-09T08:38:25.449+08:00  INFO 22975 --- [           main] com.zaxxer.hikari.HikariDataSource       : HikariPool-2 - Start completed.
2024-09-09T08:38:25.517+08:00  INFO 22975 --- [           main] o.f.c.i.s.classpath.ClassPathScanner     : Flyway OSS Edition 10.1.0 by Redgate
2024-09-09T08:38:25.517+08:00  INFO 22975 --- [           main] o.f.c.i.s.classpath.ClassPathScanner     :
2024-09-09T08:38:25.517+08:00  INFO 22975 --- [           main] o.f.c.i.s.classpath.ClassPathScanner     : See release notes here: https://rd.gt/416ObMi
2024-09-09T08:38:25.525+08:00  INFO 22975 --- [           main] org.flywaydb.core.FlywayExecutor         : Database: jdbc:mysql://localhost:3307/business (MySQL 8.0)
2024-09-09T08:38:25.562+08:00  INFO 22975 --- [           main] o.f.core.internal.command.DbValidate     : Successfully validated 1 migration (execution time 00:00.014s)
2024-09-09T08:38:25.573+08:00  INFO 22975 --- [           main] o.f.core.internal.command.DbMigrate      : Current version of schema `business`: 20240712
2024-09-09T08:38:25.573+08:00 ERROR 22975 --- [           main] o.f.core.internal.command.DbMigrate      : Schema `business` has version 20240712, but no migration could be resolved in the configured locations !
2024-09-09T08:38:25.576+08:00  INFO 22975 --- [           main] o.f.core.internal.command.DbMigrate      : Schema `business` is up to date. No migration necessary.
2024-09-09T08:38:25.598+08:00  INFO 22975 --- [           main] z.c.saga.task.app1.App1Task2UndoAdapter  : ctor()
2024-09-09T08:38:25.599+08:00  INFO 22975 --- [           main] z.c.saga.task.app1.App1Task3Adapter      : ctor()
2024-09-09T08:38:25.599+08:00  INFO 22975 --- [           main] z.c.saga.task.app2.App2Task1Adapter      : ctor()
2024-09-09T08:38:25.599+08:00  INFO 22975 --- [           main] z.c.saga.task.app2.App2Task1UndoAdapter  : ctor()
2024-09-09T08:38:25.600+08:00  INFO 22975 --- [           main] z.c.saga.task.app3.App3Task1Adapter      : ctor()
2024-09-09T08:38:25.600+08:00  INFO 22975 --- [           main] z.c.saga.task.app3.App3Task2Adapter      : ctor()
2024-09-09T08:38:25.600+08:00  INFO 22975 --- [           main] z.c.saga.task.app3.App3Task3Adapter      : ctor()
2024-09-09T08:38:25.781+08:00 DEBUG 22975 --- [           main] org.camunda.bpm.engine.util              : ENGINE-09016 Attempting to load class 'org.camunda.bpm.webapp.impl.security.filter.EngineRequestAuthorizer' with current thread context classloader: jdk.internal.loader.ClassLoaders$AppClassLoader@4e0e2f2a
2024-09-09T08:38:25.781+08:00 DEBUG 22975 --- [           main] org.camunda.bpm.engine.util              : ENGINE-09016 Attempting to load class 'org.camunda.bpm.webapp.impl.security.filter.EngineRequestAuthorizer' with current thread context classloader: jdk.internal.loader.ClassLoaders$AppClassLoader@4e0e2f2a
2024-09-09T08:38:25.781+08:00 DEBUG 22975 --- [           main] org.camunda.bpm.engine.util              : ENGINE-09016 Attempting to load class 'org.camunda.bpm.webapp.impl.security.filter.EngineRequestAuthorizer' with current thread context classloader: jdk.internal.loader.ClassLoaders$AppClassLoader@4e0e2f2a
2024-09-09T08:38:25.781+08:00 DEBUG 22975 --- [           main] org.camunda.bpm.engine.util              : ENGINE-09016 Attempting to load class 'org.camunda.bpm.webapp.impl.security.filter.EngineRequestAuthorizer' with current thread context classloader: jdk.internal.loader.ClassLoaders$AppClassLoader@4e0e2f2a
2024-09-09T08:38:25.781+08:00 DEBUG 22975 --- [           main] org.camunda.bpm.engine.util              : ENGINE-09016 Attempting to load class 'org.camunda.bpm.webapp.impl.security.filter.EngineRequestAuthorizer' with current thread context classloader: jdk.internal.loader.ClassLoaders$AppClassLoader@4e0e2f2a
2024-09-09T08:38:25.781+08:00 DEBUG 22975 --- [           main] org.camunda.bpm.engine.util              : ENGINE-09016 Attempting to load class 'org.camunda.bpm.webapp.impl.security.filter.EngineRequestAuthorizer' with current thread context classloader: jdk.internal.loader.ClassLoaders$AppClassLoader@4e0e2f2a
2024-09-09T08:38:25.781+08:00 DEBUG 22975 --- [           main] org.camunda.bpm.engine.util              : ENGINE-09016 Attempting to load class 'org.camunda.bpm.webapp.impl.security.filter.ApplicationRequestAuthorizer' with current thread context classloader: jdk.internal.loader.ClassLoaders$AppClassLoader@4e0e2f2a
2024-09-09T08:38:25.782+08:00 DEBUG 22975 --- [           main] org.camunda.bpm.engine.util              : ENGINE-09016 Attempting to load class 'org.camunda.bpm.webapp.impl.security.filter.ApplicationRequestAuthorizer' with current thread context classloader: jdk.internal.loader.ClassLoaders$AppClassLoader@4e0e2f2a
2024-09-09T08:38:25.782+08:00 DEBUG 22975 --- [           main] org.camunda.bpm.engine.util              : ENGINE-09016 Attempting to load class 'org.camunda.bpm.webapp.impl.security.filter.ApplicationRequestAuthorizer' with current thread context classloader: jdk.internal.loader.ClassLoaders$AppClassLoader@4e0e2f2a
2024-09-09T08:38:25.782+08:00 DEBUG 22975 --- [           main] org.camunda.bpm.engine.util              : ENGINE-09016 Attempting to load class 'org.camunda.bpm.webapp.impl.security.filter.ApplicationRequestAuthorizer' with current thread context classloader: jdk.internal.loader.ClassLoaders$AppClassLoader@4e0e2f2a
2024-09-09T08:38:25.782+08:00  INFO 22975 --- [           main] o.c.b.s.b.s.w.f.LazyInitRegistration     : lazy initialized org.camunda.bpm.spring.boot.starter.webapp.filter.LazySecurityFilter@39652a30
2024-09-09T08:38:25.782+08:00  INFO 22975 --- [           main] o.c.b.s.b.s.w.f.LazyInitRegistration     : lazy initialized org.camunda.bpm.spring.boot.starter.webapp.filter.LazyProcessEnginesFilter@7bd38fed
2024-09-09T08:38:25.963+08:00  INFO 22975 --- [           main] o.s.b.a.e.web.EndpointLinksResolver      : Exposing 14 endpoint(s) beneath base path '/actuator'
2024-09-09T08:38:26.006+08:00  INFO 22975 --- [           main] o.s.b.w.embedded.tomcat.TomcatWebServer  : Tomcat started on port 8092 (http) with context path ''
2024-09-09T08:38:26.058+08:00  INFO 22975 --- [           main] org.camunda.bpm.container                : ENGINE-08026 No processes.xml file found in process application 'saga3Application'
2024-09-09T08:38:26.059+08:00  INFO 22975 --- [           main] org.camunda.bpm.container                : ENGINE-08050 Process application saga3Application successfully deployed
2024-09-09T08:38:26.060+08:00  INFO 22975 --- [           main] zxf.camunda.saga.Saga3Application        : Started Saga3Application in 3.657 seconds (process running for 3.839)
2024-09-09T08:38:26.064+08:00  INFO 22975 --- [           main] org.camunda.bpm.engine.jobexecutor       : ENGINE-14014 Starting up the JobExecutor[org.camunda.bpm.engine.spring.components.jobexecutor.SpringJobExecutor].
2024-09-09T08:38:26.065+08:00  INFO 22975 --- [ingJobExecutor]] org.camunda.bpm.engine.jobexecutor       : ENGINE-14018 JobExecutor[org.camunda.bpm.engine.spring.components.jobexecutor.SpringJobExecutor] starting to acquire jobs
2024-09-09T08:38:26.067+08:00 DEBUG 22975 --- [ingJobExecutor]] org.camunda.bpm.engine.cmd               : ENGINE-13005 Starting command -------------------- AcquireJobsCmd ----------------------
2024-09-09T08:38:26.068+08:00 DEBUG 22975 --- [ingJobExecutor]] org.camunda.bpm.engine.cmd               : ENGINE-13009 opening new command context
2024-09-09T08:38:26.071+08:00 DEBUG 22975 --- [ingJobExecutor]] o.c.b.e.i.p.e.J.selectNextJobsToExecute  : ==>  Preparing: select RES.ID_, RES.REV_, RES.DUEDATE_, RES.PROCESS_INSTANCE_ID_, RES.EXCLUSIVE_ from ACT_RU_JOB RES where (RES.RETRIES_ > 0) and ( RES.DUEDATE_ is null or RES.DUEDATE_ <= ? ) and (RES.LOCK_OWNER_ is null or RES.LOCK_EXP_TIME_ < ?) and RES.SUSPENSION_STATE_ = 1 and ( ( RES.EXCLUSIVE_ = 1 and not exists( select J2.ID_ from ACT_RU_JOB J2 where J2.PROCESS_INSTANCE_ID_ = RES.PROCESS_INSTANCE_ID_ and (J2.EXCLUSIVE_ = 1) -- also exclusive and (J2.LOCK_OWNER_ is not null and J2.LOCK_EXP_TIME_ >= ?) -- in progress ) ) or RES.EXCLUSIVE_ = 0 ) LIMIT ? OFFSET ?
2024-09-09T08:38:26.072+08:00 DEBUG 22975 --- [ingJobExecutor]] o.c.b.e.i.p.e.J.selectNextJobsToExecute  : ==> Parameters: 2024-09-09 08:38:26.069(Timestamp), 2024-09-09 08:38:26.069(Timestamp), 2024-09-09 08:38:26.069(Timestamp), 3(Integer), 0(Integer)
2024-09-09T08:38:26.073+08:00 DEBUG 22975 --- [ingJobExecutor]] o.c.b.e.i.p.e.J.selectNextJobsToExecute  : <==      Total: 0
2024-09-09T08:38:26.073+08:00 DEBUG 22975 --- [ingJobExecutor]] org.camunda.bpm.engine.cmd               : ENGINE-13011 closing existing command context
2024-09-09T08:38:26.073+08:00 DEBUG 22975 --- [ingJobExecutor]] org.camunda.bpm.engine.persistence       : ENGINE-03006 Cache state after flush: [
]
2024-09-09T08:38:26.073+08:00 DEBUG 22975 --- [ingJobExecutor]] org.camunda.bpm.engine.cmd               : ENGINE-13006 Finishing command -------------------- AcquireJobsCmd ----------------------
2024-09-09T08:38:26.074+08:00 DEBUG 22975 --- [ingJobExecutor]] org.camunda.bpm.engine.jobexecutor       : ENGINE-14022 Acquired 0 jobs for process engine 'default': []
2024-09-09T08:38:26.074+08:00 DEBUG 22975 --- [ingJobExecutor]] org.camunda.bpm.engine.jobexecutor       : ENGINE-14011 Job acquisition thread sleeping for 4992 millis
2024-09-09T08:38:31.066+08:00 DEBUG 22975 --- [ingJobExecutor]] org.camunda.bpm.engine.jobexecutor       : ENGINE-14012 Job acquisition thread woke up
2024-09-09T08:38:31.067+08:00 DEBUG 22975 --- [ingJobExecutor]] org.camunda.bpm.engine.cmd               : ENGINE-13005 Starting command -------------------- AcquireJobsCmd ----------------------
2024-09-09T08:38:31.071+08:00 DEBUG 22975 --- [ingJobExecutor]] org.camunda.bpm.engine.cmd               : ENGINE-13009 opening new command context
2024-09-09T08:38:31.072+08:00 DEBUG 22975 --- [ingJobExecutor]] o.c.b.e.i.p.e.J.selectNextJobsToExecute  : ==>  Preparing: select RES.ID_, RES.REV_, RES.DUEDATE_, RES.PROCESS_INSTANCE_ID_, RES.EXCLUSIVE_ from ACT_RU_JOB RES where (RES.RETRIES_ > 0) and ( RES.DUEDATE_ is null or RES.DUEDATE_ <= ? ) and (RES.LOCK_OWNER_ is null or RES.LOCK_EXP_TIME_ < ?) and RES.SUSPENSION_STATE_ = 1 and ( ( RES.EXCLUSIVE_ = 1 and not exists( select J2.ID_ from ACT_RU_JOB J2 where J2.PROCESS_INSTANCE_ID_ = RES.PROCESS_INSTANCE_ID_ and (J2.EXCLUSIVE_ = 1) -- also exclusive and (J2.LOCK_OWNER_ is not null and J2.LOCK_EXP_TIME_ >= ?) -- in progress ) ) or RES.EXCLUSIVE_ = 0 ) LIMIT ? OFFSET ?
2024-09-09T08:38:31.074+08:00 DEBUG 22975 --- [ingJobExecutor]] o.c.b.e.i.p.e.J.selectNextJobsToExecute  : ==> Parameters: 2024-09-09 08:38:31.071(Timestamp), 2024-09-09 08:38:31.071(Timestamp), 2024-09-09 08:38:31.071(Timestamp), 3(Integer), 0(Integer)
2024-09-09T08:38:31.076+08:00 DEBUG 22975 --- [ingJobExecutor]] o.c.b.e.i.p.e.J.selectNextJobsToExecute  : <==      Total: 0
2024-09-09T08:38:31.077+08:00 DEBUG 22975 --- [ingJobExecutor]] org.camunda.bpm.engine.cmd               : ENGINE-13011 closing existing command context
2024-09-09T08:38:31.077+08:00 DEBUG 22975 --- [ingJobExecutor]] org.camunda.bpm.engine.persistence       : ENGINE-03006 Cache state after flush: [
]
2024-09-09T08:38:31.079+08:00 DEBUG 22975 --- [ingJobExecutor]] org.camunda.bpm.engine.cmd               : ENGINE-13006 Finishing command -------------------- AcquireJobsCmd ----------------------
2024-09-09T08:38:31.079+08:00 DEBUG 22975 --- [ingJobExecutor]] org.camunda.bpm.engine.jobexecutor       : ENGINE-14022 Acquired 0 jobs for process engine 'default': []
2024-09-09T08:38:31.079+08:00 DEBUG 22975 --- [ingJobExecutor]] org.camunda.bpm.engine.jobexecutor       : ENGINE-14011 Job acquisition thread sleeping for 9988 millis
2024-09-09T08:38:41.068+08:00 DEBUG 22975 --- [ingJobExecutor]] org.camunda.bpm.engine.jobexecutor       : ENGINE-14012 Job acquisition thread woke up
2024-09-09T08:38:41.068+08:00 DEBUG 22975 --- [ingJobExecutor]] org.camunda.bpm.engine.cmd               : ENGINE-13005 Starting command -------------------- AcquireJobsCmd ----------------------
2024-09-09T08:38:41.070+08:00 DEBUG 22975 --- [ingJobExecutor]] org.camunda.bpm.engine.cmd               : ENGINE-13009 opening new command context
2024-09-09T08:38:41.070+08:00 DEBUG 22975 --- [ingJobExecutor]] o.c.b.e.i.p.e.J.selectNextJobsToExecute  : ==>  Preparing: select RES.ID_, RES.REV_, RES.DUEDATE_, RES.PROCESS_INSTANCE_ID_, RES.EXCLUSIVE_ from ACT_RU_JOB RES where (RES.RETRIES_ > 0) and ( RES.DUEDATE_ is null or RES.DUEDATE_ <= ? ) and (RES.LOCK_OWNER_ is null or RES.LOCK_EXP_TIME_ < ?) and RES.SUSPENSION_STATE_ = 1 and ( ( RES.EXCLUSIVE_ = 1 and not exists( select J2.ID_ from ACT_RU_JOB J2 where J2.PROCESS_INSTANCE_ID_ = RES.PROCESS_INSTANCE_ID_ and (J2.EXCLUSIVE_ = 1) -- also exclusive and (J2.LOCK_OWNER_ is not null and J2.LOCK_EXP_TIME_ >= ?) -- in progress ) ) or RES.EXCLUSIVE_ = 0 ) LIMIT ? OFFSET ?
2024-09-09T08:38:41.071+08:00 DEBUG 22975 --- [ingJobExecutor]] o.c.b.e.i.p.e.J.selectNextJobsToExecute  : ==> Parameters: 2024-09-09 08:38:41.07(Timestamp), 2024-09-09 08:38:41.07(Timestamp), 2024-09-09 08:38:41.07(Timestamp), 3(Integer), 0(Integer)
2024-09-09T08:38:41.072+08:00 DEBUG 22975 --- [ingJobExecutor]] o.c.b.e.i.p.e.J.selectNextJobsToExecute  : <==      Total: 0
2024-09-09T08:38:41.072+08:00 DEBUG 22975 --- [ingJobExecutor]] org.camunda.bpm.engine.cmd               : ENGINE-13011 closing existing command context
2024-09-09T08:38:41.072+08:00 DEBUG 22975 --- [ingJobExecutor]] org.camunda.bpm.engine.persistence       : ENGINE-03006 Cache state after flush: [
]
2024-09-09T08:38:41.072+08:00 DEBUG 22975 --- [ingJobExecutor]] org.camunda.bpm.engine.cmd               : ENGINE-13006 Finishing command -------------------- AcquireJobsCmd ----------------------
2024-09-09T08:38:41.073+08:00 DEBUG 22975 --- [ingJobExecutor]] org.camunda.bpm.engine.jobexecutor       : ENGINE-14022 Acquired 0 jobs for process engine 'default': []
2024-09-09T08:38:41.073+08:00 DEBUG 22975 --- [ingJobExecutor]] org.camunda.bpm.engine.jobexecutor       : ENGINE-14011 Job acquisition thread sleeping for 19995 millis
2024-09-09T08:39:01.068+08:00 DEBUG 22975 --- [ingJobExecutor]] org.camunda.bpm.engine.jobexecutor       : ENGINE-14012 Job acquisition thread woke up
2024-09-09T08:39:01.068+08:00 DEBUG 22975 --- [ingJobExecutor]] org.camunda.bpm.engine.cmd               : ENGINE-13005 Starting command -------------------- AcquireJobsCmd ----------------------
2024-09-09T08:39:01.072+08:00 DEBUG 22975 --- [ingJobExecutor]] org.camunda.bpm.engine.cmd               : ENGINE-13009 opening new command context
2024-09-09T08:39:01.073+08:00 DEBUG 22975 --- [ingJobExecutor]] o.c.b.e.i.p.e.J.selectNextJobsToExecute  : ==>  Preparing: select RES.ID_, RES.REV_, RES.DUEDATE_, RES.PROCESS_INSTANCE_ID_, RES.EXCLUSIVE_ from ACT_RU_JOB RES where (RES.RETRIES_ > 0) and ( RES.DUEDATE_ is null or RES.DUEDATE_ <= ? ) and (RES.LOCK_OWNER_ is null or RES.LOCK_EXP_TIME_ < ?) and RES.SUSPENSION_STATE_ = 1 and ( ( RES.EXCLUSIVE_ = 1 and not exists( select J2.ID_ from ACT_RU_JOB J2 where J2.PROCESS_INSTANCE_ID_ = RES.PROCESS_INSTANCE_ID_ and (J2.EXCLUSIVE_ = 1) -- also exclusive and (J2.LOCK_OWNER_ is not null and J2.LOCK_EXP_TIME_ >= ?) -- in progress ) ) or RES.EXCLUSIVE_ = 0 ) LIMIT ? OFFSET ?
2024-09-09T08:39:01.074+08:00 DEBUG 22975 --- [ingJobExecutor]] o.c.b.e.i.p.e.J.selectNextJobsToExecute  : ==> Parameters: 2024-09-09 08:39:01.072(Timestamp), 2024-09-09 08:39:01.072(Timestamp), 2024-09-09 08:39:01.072(Timestamp), 3(Integer), 0(Integer)
2024-09-09T08:39:01.076+08:00 DEBUG 22975 --- [ingJobExecutor]] o.c.b.e.i.p.e.J.selectNextJobsToExecute  : <==      Total: 0
2024-09-09T08:39:01.076+08:00 DEBUG 22975 --- [ingJobExecutor]] org.camunda.bpm.engine.cmd               : ENGINE-13011 closing existing command context
2024-09-09T08:39:01.076+08:00 DEBUG 22975 --- [ingJobExecutor]] org.camunda.bpm.engine.persistence       : ENGINE-03006 Cache state after flush: [
]
2024-09-09T08:39:01.078+08:00 DEBUG 22975 --- [ingJobExecutor]] org.camunda.bpm.engine.cmd               : ENGINE-13006 Finishing command -------------------- AcquireJobsCmd ----------------------
2024-09-09T08:39:01.078+08:00 DEBUG 22975 --- [ingJobExecutor]] org.camunda.bpm.engine.jobexecutor       : ENGINE-14022 Acquired 0 jobs for process engine 'default': []
2024-09-09T08:39:01.078+08:00 DEBUG 22975 --- [ingJobExecutor]] org.camunda.bpm.engine.jobexecutor       : ENGINE-14011 Job acquisition thread sleeping for 39990 millis
2024-09-09T08:39:11.997+08:00  INFO 22975 --- [ionShutdownHook] org.camunda.bpm.container                : ENGINE-08051 Process application saga3Application undeployed
2024-09-09T08:39:12.005+08:00 DEBUG 22975 --- [ionShutdownHook] org.camunda.bpm.engine.cmd               : ENGINE-13005 Starting command -------------------- MetricsCollectionTask$MetricsCollectionCmd ----------------------
2024-09-09T08:39:12.006+08:00 DEBUG 22975 --- [ionShutdownHook] org.camunda.bpm.engine.cmd               : ENGINE-13009 opening new command context
2024-09-09T08:39:12.006+08:00 DEBUG 22975 --- [ionShutdownHook] org.camunda.bpm.engine.cmd               : ENGINE-13011 closing existing command context
2024-09-09T08:39:12.007+08:00 DEBUG 22975 --- [ionShutdownHook] org.camunda.bpm.engine.persistence       : ENGINE-03006 Cache state after flush: [
  PERSISTENT MeterLogEntity[eecd22d0-6e43-11ef-897b-66f8f673b182]
  PERSISTENT MeterLogEntity[eecd22cf-6e43-11ef-897b-66f8f673b182]
  PERSISTENT MeterLogEntity[eecd22d2-6e43-11ef-897b-66f8f673b182]
  PERSISTENT MeterLogEntity[eecd22d1-6e43-11ef-897b-66f8f673b182]
  PERSISTENT MeterLogEntity[eecd22cd-6e43-11ef-897b-66f8f673b182]
  PERSISTENT MeterLogEntity[eecd22ce-6e43-11ef-897b-66f8f673b182]
  PERSISTENT MeterLogEntity[eecd22c7-6e43-11ef-897b-66f8f673b182]
  PERSISTENT MeterLogEntity[eecd22cc-6e43-11ef-897b-66f8f673b182]
  PERSISTENT MeterLogEntity[eecd22cb-6e43-11ef-897b-66f8f673b182]
  PERSISTENT MeterLogEntity[eecd22ca-6e43-11ef-897b-66f8f673b182]
  PERSISTENT MeterLogEntity[eecd22c9-6e43-11ef-897b-66f8f673b182]
  PERSISTENT MeterLogEntity[eecd22c8-6e43-11ef-897b-66f8f673b182]
]
2024-09-09T08:39:12.007+08:00 DEBUG 22975 --- [ionShutdownHook] org.camunda.bpm.engine.persistence       : ENGINE-03008 Flush Summary: [
  INSERT MeterLogEntity[eecd22c7-6e43-11ef-897b-66f8f673b182]
  INSERT MeterLogEntity[eecd22c8-6e43-11ef-897b-66f8f673b182]
  INSERT MeterLogEntity[eecd22c9-6e43-11ef-897b-66f8f673b182]
  INSERT MeterLogEntity[eecd22ca-6e43-11ef-897b-66f8f673b182]
  INSERT MeterLogEntity[eecd22cb-6e43-11ef-897b-66f8f673b182]
  INSERT MeterLogEntity[eecd22cc-6e43-11ef-897b-66f8f673b182]
  INSERT MeterLogEntity[eecd22cd-6e43-11ef-897b-66f8f673b182]
  INSERT MeterLogEntity[eecd22ce-6e43-11ef-897b-66f8f673b182]
  INSERT MeterLogEntity[eecd22cf-6e43-11ef-897b-66f8f673b182]
  INSERT MeterLogEntity[eecd22d0-6e43-11ef-897b-66f8f673b182]
  INSERT MeterLogEntity[eecd22d1-6e43-11ef-897b-66f8f673b182]
  INSERT MeterLogEntity[eecd22d2-6e43-11ef-897b-66f8f673b182]
]
2024-09-09T08:39:12.007+08:00 DEBUG 22975 --- [ionShutdownHook] org.camunda.bpm.engine.persistence       : ENGINE-03009 SQL operation: 'INSERT'; Entity: 'MeterLogEntity[id=eecd22c7-6e43-11ef-897b-66f8f673b182]'
2024-09-09T08:39:12.007+08:00 DEBUG 22975 --- [ionShutdownHook] o.c.b.e.i.p.e.M.insertMeterLog           : ==>  Preparing: insert into ACT_RU_METER_LOG (ID_, NAME_, REPORTER_, VALUE_, TIMESTAMP_, MILLISECONDS_) values ( ?, ?, ?, ?, ?, ? )
2024-09-09T08:39:12.008+08:00 DEBUG 22975 --- [ionShutdownHook] o.c.b.e.i.p.e.M.insertMeterLog           : ==> Parameters: eecd22c7-6e43-11ef-897b-66f8f673b182(String), root-process-instance-start(String), 127.0.1.1$default(String), 0(Long), 2024-09-09 08:39:12.005(Timestamp), 1725842352005(Long)
2024-09-09T08:39:12.009+08:00 DEBUG 22975 --- [ionShutdownHook] o.c.b.e.i.p.e.M.insertMeterLog           : <==    Updates: 1
2024-09-09T08:39:12.009+08:00 DEBUG 22975 --- [ionShutdownHook] org.camunda.bpm.engine.persistence       : ENGINE-03009 SQL operation: 'INSERT'; Entity: 'MeterLogEntity[id=eecd22c8-6e43-11ef-897b-66f8f673b182]'
2024-09-09T08:39:12.009+08:00 DEBUG 22975 --- [ionShutdownHook] o.c.b.e.i.p.e.M.insertMeterLog           : ==>  Preparing: insert into ACT_RU_METER_LOG (ID_, NAME_, REPORTER_, VALUE_, TIMESTAMP_, MILLISECONDS_) values ( ?, ?, ?, ?, ?, ? )
2024-09-09T08:39:12.009+08:00 DEBUG 22975 --- [ionShutdownHook] o.c.b.e.i.p.e.M.insertMeterLog           : ==> Parameters: eecd22c8-6e43-11ef-897b-66f8f673b182(String), activity-instance-start(String), 127.0.1.1$default(String), 0(Long), 2024-09-09 08:39:12.005(Timestamp), 1725842352005(Long)
2024-09-09T08:39:12.010+08:00 DEBUG 22975 --- [ionShutdownHook] o.c.b.e.i.p.e.M.insertMeterLog           : <==    Updates: 1
2024-09-09T08:39:12.010+08:00 DEBUG 22975 --- [ionShutdownHook] org.camunda.bpm.engine.persistence       : ENGINE-03009 SQL operation: 'INSERT'; Entity: 'MeterLogEntity[id=eecd22c9-6e43-11ef-897b-66f8f673b182]'
2024-09-09T08:39:12.010+08:00 DEBUG 22975 --- [ionShutdownHook] o.c.b.e.i.p.e.M.insertMeterLog           : ==>  Preparing: insert into ACT_RU_METER_LOG (ID_, NAME_, REPORTER_, VALUE_, TIMESTAMP_, MILLISECONDS_) values ( ?, ?, ?, ?, ?, ? )
2024-09-09T08:39:12.010+08:00 DEBUG 22975 --- [ionShutdownHook] o.c.b.e.i.p.e.M.insertMeterLog           : ==> Parameters: eecd22c9-6e43-11ef-897b-66f8f673b182(String), job-acquired-failure(String), 127.0.1.1$default(String), 0(Long), 2024-09-09 08:39:12.005(Timestamp), 1725842352005(Long)
2024-09-09T08:39:12.011+08:00 DEBUG 22975 --- [ionShutdownHook] o.c.b.e.i.p.e.M.insertMeterLog           : <==    Updates: 1
2024-09-09T08:39:12.011+08:00 DEBUG 22975 --- [ionShutdownHook] org.camunda.bpm.engine.persistence       : ENGINE-03009 SQL operation: 'INSERT'; Entity: 'MeterLogEntity[id=eecd22ca-6e43-11ef-897b-66f8f673b182]'
2024-09-09T08:39:12.011+08:00 DEBUG 22975 --- [ionShutdownHook] o.c.b.e.i.p.e.M.insertMeterLog           : ==>  Preparing: insert into ACT_RU_METER_LOG (ID_, NAME_, REPORTER_, VALUE_, TIMESTAMP_, MILLISECONDS_) values ( ?, ?, ?, ?, ?, ? )
2024-09-09T08:39:12.012+08:00 DEBUG 22975 --- [ionShutdownHook] o.c.b.e.i.p.e.M.insertMeterLog           : ==> Parameters: eecd22ca-6e43-11ef-897b-66f8f673b182(String), job-locked-exclusive(String), 127.0.1.1$default(String), 0(Long), 2024-09-09 08:39:12.005(Timestamp), 1725842352005(Long)
2024-09-09T08:39:12.013+08:00 DEBUG 22975 --- [ionShutdownHook] o.c.b.e.i.p.e.M.insertMeterLog           : <==    Updates: 1
2024-09-09T08:39:12.013+08:00 DEBUG 22975 --- [ionShutdownHook] org.camunda.bpm.engine.persistence       : ENGINE-03009 SQL operation: 'INSERT'; Entity: 'MeterLogEntity[id=eecd22cb-6e43-11ef-897b-66f8f673b182]'
2024-09-09T08:39:12.013+08:00 DEBUG 22975 --- [ionShutdownHook] o.c.b.e.i.p.e.M.insertMeterLog           : ==>  Preparing: insert into ACT_RU_METER_LOG (ID_, NAME_, REPORTER_, VALUE_, TIMESTAMP_, MILLISECONDS_) values ( ?, ?, ?, ?, ?, ? )
2024-09-09T08:39:12.014+08:00 DEBUG 22975 --- [ionShutdownHook] o.c.b.e.i.p.e.M.insertMeterLog           : ==> Parameters: eecd22cb-6e43-11ef-897b-66f8f673b182(String), job-execution-rejected(String), 127.0.1.1$default(String), 0(Long), 2024-09-09 08:39:12.005(Timestamp), 1725842352005(Long)
2024-09-09T08:39:12.015+08:00 DEBUG 22975 --- [ionShutdownHook] o.c.b.e.i.p.e.M.insertMeterLog           : <==    Updates: 1
2024-09-09T08:39:12.016+08:00 DEBUG 22975 --- [ionShutdownHook] org.camunda.bpm.engine.persistence       : ENGINE-03009 SQL operation: 'INSERT'; Entity: 'MeterLogEntity[id=eecd22cc-6e43-11ef-897b-66f8f673b182]'
2024-09-09T08:39:12.016+08:00 DEBUG 22975 --- [ionShutdownHook] o.c.b.e.i.p.e.M.insertMeterLog           : ==>  Preparing: insert into ACT_RU_METER_LOG (ID_, NAME_, REPORTER_, VALUE_, TIMESTAMP_, MILLISECONDS_) values ( ?, ?, ?, ?, ?, ? )
2024-09-09T08:39:12.016+08:00 DEBUG 22975 --- [ionShutdownHook] o.c.b.e.i.p.e.M.insertMeterLog           : ==> Parameters: eecd22cc-6e43-11ef-897b-66f8f673b182(String), executed-decision-elements(String), 127.0.1.1$default(String), 0(Long), 2024-09-09 08:39:12.005(Timestamp), 1725842352005(Long)
2024-09-09T08:39:12.017+08:00 DEBUG 22975 --- [ionShutdownHook] o.c.b.e.i.p.e.M.insertMeterLog           : <==    Updates: 1
2024-09-09T08:39:12.017+08:00 DEBUG 22975 --- [ionShutdownHook] org.camunda.bpm.engine.persistence       : ENGINE-03009 SQL operation: 'INSERT'; Entity: 'MeterLogEntity[id=eecd22cd-6e43-11ef-897b-66f8f673b182]'
2024-09-09T08:39:12.018+08:00 DEBUG 22975 --- [ionShutdownHook] o.c.b.e.i.p.e.M.insertMeterLog           : ==>  Preparing: insert into ACT_RU_METER_LOG (ID_, NAME_, REPORTER_, VALUE_, TIMESTAMP_, MILLISECONDS_) values ( ?, ?, ?, ?, ?, ? )
2024-09-09T08:39:12.019+08:00 DEBUG 22975 --- [ionShutdownHook] o.c.b.e.i.p.e.M.insertMeterLog           : ==> Parameters: eecd22cd-6e43-11ef-897b-66f8f673b182(String), activity-instance-end(String), 127.0.1.1$default(String), 0(Long), 2024-09-09 08:39:12.005(Timestamp), 1725842352005(Long)
2024-09-09T08:39:12.020+08:00 DEBUG 22975 --- [ionShutdownHook] o.c.b.e.i.p.e.M.insertMeterLog           : <==    Updates: 1
2024-09-09T08:39:12.020+08:00 DEBUG 22975 --- [ionShutdownHook] org.camunda.bpm.engine.persistence       : ENGINE-03009 SQL operation: 'INSERT'; Entity: 'MeterLogEntity[id=eecd22ce-6e43-11ef-897b-66f8f673b182]'
2024-09-09T08:39:12.021+08:00 DEBUG 22975 --- [ionShutdownHook] o.c.b.e.i.p.e.M.insertMeterLog           : ==>  Preparing: insert into ACT_RU_METER_LOG (ID_, NAME_, REPORTER_, VALUE_, TIMESTAMP_, MILLISECONDS_) values ( ?, ?, ?, ?, ?, ? )
2024-09-09T08:39:12.021+08:00 DEBUG 22975 --- [ionShutdownHook] o.c.b.e.i.p.e.M.insertMeterLog           : ==> Parameters: eecd22ce-6e43-11ef-897b-66f8f673b182(String), job-successful(String), 127.0.1.1$default(String), 0(Long), 2024-09-09 08:39:12.005(Timestamp), 1725842352005(Long)
2024-09-09T08:39:12.023+08:00 DEBUG 22975 --- [ionShutdownHook] o.c.b.e.i.p.e.M.insertMeterLog           : <==    Updates: 1
2024-09-09T08:39:12.023+08:00 DEBUG 22975 --- [ionShutdownHook] org.camunda.bpm.engine.persistence       : ENGINE-03009 SQL operation: 'INSERT'; Entity: 'MeterLogEntity[id=eecd22cf-6e43-11ef-897b-66f8f673b182]'
2024-09-09T08:39:12.023+08:00 DEBUG 22975 --- [ionShutdownHook] o.c.b.e.i.p.e.M.insertMeterLog           : ==>  Preparing: insert into ACT_RU_METER_LOG (ID_, NAME_, REPORTER_, VALUE_, TIMESTAMP_, MILLISECONDS_) values ( ?, ?, ?, ?, ?, ? )
2024-09-09T08:39:12.024+08:00 DEBUG 22975 --- [ionShutdownHook] o.c.b.e.i.p.e.M.insertMeterLog           : ==> Parameters: eecd22cf-6e43-11ef-897b-66f8f673b182(String), job-acquired-success(String), 127.0.1.1$default(String), 0(Long), 2024-09-09 08:39:12.005(Timestamp), 1725842352005(Long)
2024-09-09T08:39:12.024+08:00 DEBUG 22975 --- [ionShutdownHook] o.c.b.e.i.p.e.M.insertMeterLog           : <==    Updates: 1
2024-09-09T08:39:12.024+08:00 DEBUG 22975 --- [ionShutdownHook] org.camunda.bpm.engine.persistence       : ENGINE-03009 SQL operation: 'INSERT'; Entity: 'MeterLogEntity[id=eecd22d0-6e43-11ef-897b-66f8f673b182]'
2024-09-09T08:39:12.024+08:00 DEBUG 22975 --- [ionShutdownHook] o.c.b.e.i.p.e.M.insertMeterLog           : ==>  Preparing: insert into ACT_RU_METER_LOG (ID_, NAME_, REPORTER_, VALUE_, TIMESTAMP_, MILLISECONDS_) values ( ?, ?, ?, ?, ?, ? )
2024-09-09T08:39:12.025+08:00 DEBUG 22975 --- [ionShutdownHook] o.c.b.e.i.p.e.M.insertMeterLog           : ==> Parameters: eecd22d0-6e43-11ef-897b-66f8f673b182(String), job-acquisition-attempt(String), 127.0.1.1$default(String), 4(Long), 2024-09-09 08:39:12.005(Timestamp), 1725842352005(Long)
2024-09-09T08:39:12.025+08:00 DEBUG 22975 --- [ionShutdownHook] o.c.b.e.i.p.e.M.insertMeterLog           : <==    Updates: 1
2024-09-09T08:39:12.025+08:00 DEBUG 22975 --- [ionShutdownHook] org.camunda.bpm.engine.persistence       : ENGINE-03009 SQL operation: 'INSERT'; Entity: 'MeterLogEntity[id=eecd22d1-6e43-11ef-897b-66f8f673b182]'
2024-09-09T08:39:12.025+08:00 DEBUG 22975 --- [ionShutdownHook] o.c.b.e.i.p.e.M.insertMeterLog           : ==>  Preparing: insert into ACT_RU_METER_LOG (ID_, NAME_, REPORTER_, VALUE_, TIMESTAMP_, MILLISECONDS_) values ( ?, ?, ?, ?, ?, ? )
2024-09-09T08:39:12.026+08:00 DEBUG 22975 --- [ionShutdownHook] o.c.b.e.i.p.e.M.insertMeterLog           : ==> Parameters: eecd22d1-6e43-11ef-897b-66f8f673b182(String), executed-decision-instances(String), 127.0.1.1$default(String), 0(Long), 2024-09-09 08:39:12.005(Timestamp), 1725842352005(Long)
2024-09-09T08:39:12.026+08:00 DEBUG 22975 --- [ionShutdownHook] o.c.b.e.i.p.e.M.insertMeterLog           : <==    Updates: 1
2024-09-09T08:39:12.026+08:00 DEBUG 22975 --- [ionShutdownHook] org.camunda.bpm.engine.persistence       : ENGINE-03009 SQL operation: 'INSERT'; Entity: 'MeterLogEntity[id=eecd22d2-6e43-11ef-897b-66f8f673b182]'
2024-09-09T08:39:12.026+08:00 DEBUG 22975 --- [ionShutdownHook] o.c.b.e.i.p.e.M.insertMeterLog           : ==>  Preparing: insert into ACT_RU_METER_LOG (ID_, NAME_, REPORTER_, VALUE_, TIMESTAMP_, MILLISECONDS_) values ( ?, ?, ?, ?, ?, ? )
2024-09-09T08:39:12.027+08:00 DEBUG 22975 --- [ionShutdownHook] o.c.b.e.i.p.e.M.insertMeterLog           : ==> Parameters: eecd22d2-6e43-11ef-897b-66f8f673b182(String), job-failed(String), 127.0.1.1$default(String), 0(Long), 2024-09-09 08:39:12.005(Timestamp), 1725842352005(Long)
2024-09-09T08:39:12.027+08:00 DEBUG 22975 --- [ionShutdownHook] o.c.b.e.i.p.e.M.insertMeterLog           : <==    Updates: 1
2024-09-09T08:39:12.029+08:00 DEBUG 22975 --- [ionShutdownHook] org.camunda.bpm.engine.cmd               : ENGINE-13006 Finishing command -------------------- MetricsCollectionTask$MetricsCollectionCmd ----------------------
2024-09-09T08:39:12.029+08:00 DEBUG 22975 --- [ionShutdownHook] org.camunda.bpm.engine.telemetry         : ENGINE-28001 Start telemetry sending task.
2024-09-09T08:39:12.029+08:00 DEBUG 22975 --- [ionShutdownHook] org.camunda.bpm.engine.cmd               : ENGINE-13005 Starting command -------------------- IsTelemetryEnabledCmd ----------------------
2024-09-09T08:39:12.030+08:00 DEBUG 22975 --- [ionShutdownHook] org.camunda.bpm.engine.cmd               : ENGINE-13009 opening new command context
2024-09-09T08:39:12.030+08:00 DEBUG 22975 --- [ionShutdownHook] o.c.b.e.i.p.e.P.selectProperty           : ==>  Preparing: select * from ACT_GE_PROPERTY where NAME_ = ?
2024-09-09T08:39:12.030+08:00 DEBUG 22975 --- [ionShutdownHook] o.c.b.e.i.p.e.P.selectProperty           : ==> Parameters: camunda.telemetry.enabled(String)
2024-09-09T08:39:12.031+08:00 TRACE 22975 --- [ionShutdownHook] o.c.b.e.i.p.e.P.selectProperty           : <==    Columns: NAME_, VALUE_, REV_
2024-09-09T08:39:12.031+08:00 TRACE 22975 --- [ionShutdownHook] o.c.b.e.i.p.e.P.selectProperty           : <==        Row: camunda.telemetry.enabled, false, 1
2024-09-09T08:39:12.032+08:00 DEBUG 22975 --- [ionShutdownHook] o.c.b.e.i.p.e.P.selectProperty           : <==      Total: 1
2024-09-09T08:39:12.032+08:00 DEBUG 22975 --- [ionShutdownHook] org.camunda.bpm.engine.cmd               : ENGINE-13011 closing existing command context
2024-09-09T08:39:12.032+08:00 DEBUG 22975 --- [ionShutdownHook] org.camunda.bpm.engine.persistence       : ENGINE-03006 Cache state after flush: [
  PERSISTENT PropertyEntity[camunda.telemetry.enabled]
]
2024-09-09T08:39:12.034+08:00 DEBUG 22975 --- [ionShutdownHook] org.camunda.bpm.engine.cmd               : ENGINE-13006 Finishing command -------------------- IsTelemetryEnabledCmd ----------------------
2024-09-09T08:39:12.034+08:00 DEBUG 22975 --- [ionShutdownHook] org.camunda.bpm.engine.telemetry         : ENGINE-28009 Sending telemetry is disabled.
2024-09-09T08:39:12.034+08:00  INFO 22975 --- [ionShutdownHook] org.camunda.bpm.engine.jobexecutor       : ENGINE-14015 Shutting down the JobExecutor[org.camunda.bpm.engine.spring.components.jobexecutor.SpringJobExecutor]
2024-09-09T08:39:12.034+08:00 DEBUG 22975 --- [ingJobExecutor]] org.camunda.bpm.engine.jobexecutor       : ENGINE-14012 Job acquisition thread woke up
2024-09-09T08:39:12.034+08:00  INFO 22975 --- [ingJobExecutor]] org.camunda.bpm.engine.jobexecutor       : ENGINE-14020 JobExecutor[org.camunda.bpm.engine.spring.components.jobexecutor.SpringJobExecutor] stopped job acquisition
2024-09-09T08:39:12.035+08:00 DEBUG 22975 --- [ionShutdownHook] org.camunda.bpm.engine.cmd               : ENGINE-13005 Starting command -------------------- SchemaOperationProcessEngineClose ----------------------
2024-09-09T08:39:12.036+08:00 DEBUG 22975 --- [ionShutdownHook] org.camunda.bpm.engine.cmd               : ENGINE-13009 opening new command context
2024-09-09T08:39:12.036+08:00 DEBUG 22975 --- [ionShutdownHook] org.camunda.bpm.engine.cmd               : ENGINE-13011 closing existing command context
2024-09-09T08:39:12.037+08:00 DEBUG 22975 --- [ionShutdownHook] org.camunda.bpm.engine.cmd               : ENGINE-13006 Finishing command -------------------- SchemaOperationProcessEngineClose ----------------------
2024-09-09T08:39:12.038+08:00  INFO 22975 --- [ionShutdownHook] org.camunda.bpm.engine                   : ENGINE-00007 Process Engine default closed
2024-09-09T08:39:12.041+08:00  INFO 22975 --- [ionShutdownHook] com.zaxxer.hikari.HikariDataSource       : HikariPool-1 - Shutdown initiated...
2024-09-09T08:39:12.045+08:00  INFO 22975 --- [ionShutdownHook] com.zaxxer.hikari.HikariDataSource       : HikariPool-1 - Shutdown completed.
2024-09-09T08:39:12.046+08:00  INFO 22975 --- [ionShutdownHook] com.zaxxer.hikari.HikariDataSource       : HikariPool-2 - Shutdown initiated...
2024-09-09T08:39:12.047+08:00  INFO 22975 --- [ionShutdownHook] com.zaxxer.hikari.HikariDataSource       : HikariPool-2 - Shutdown completed.

Process finished with exit code 130 (interrupted by signal 2:SIGINT)
